0-0 1-2 2-3 3-11 4-10 5-9 8-7 9-8 11-6 12-5 13-12
0-0 1-1 2-2 3-3 4-4 5-5 6-6 7-9 8-7
0-0 1-4 2-6 3-7 5-8 6-9 7-10 8-11 9-12 10-19 11-20 12-21 13-22 14-17 15-13 15-14 15-15 16-13 17-35 18-42 19-39 20-36 21-37 22-38 25-26 27-33 28-34 29-31 30-32 31-29 33-24 34-43
0-0 1-1 2-2 3-4 4-5 5-9 6-11 7-12 7-13 9-6 9-7 10-8 11-14 12-15 13-16 14-17 15-20 15-21 16-23 17-27 18-29 19-30 19-31 21-32 22-33 23-34 24-23 25-24 25-25 26-26 28-35 29-36 30-37 31-38 32-39 33-41 34-43 35-43 36-44 37-45
0-0 1-1 2-1 3-4 4-5 5-6 6-7 7-18 8-28 9-26 10-19 11-25 12-24 13-20 14-21 15-22 17-8 19-13 20-14 20-15 21-16 21-17 22-9 23-10 25-11 26-11 27-12 28-29 29-30 30-32 33-36 34-34 35-35 36-37 38-39 40-38 41-44 42-45 42-46 43-47 43-48 44-42 45-50 46-58 47-59 49-55 51-53 52-60
0-0 1-1 1-3 2-6 3-11 4-17 5-18 6-19 7-20 8-21 10-23 12-10 13-12 15-14 18-15 19-25 20-29 21-26 22-35 23-36 24-42 25-43 26-38 27-39 28-44 29-46 31-40 32-48 33-31 34-33 34-34 35-34 36-49
0-0 1-1 2-2 3-4
0-0 1-4 2-6 3-7 5-8 6-9 7-10 8-11 9-12 10-17 11-19 11-20 12-14 13-15 14-30 15-27 16-21 17-23 18-24 19-31 20-31 21-32 21-33 22-45 23-42 24-43 25-37 25-38 26-39 27-34 28-35 29-46 30-48 31-47 32-50 33-52 34-53 35-56 36-57 37-58
0-6 1-5 2-2 2-3 3-7 4-8 5-9 6-14 7-15 8-13 9-10 10-11 10-12 11-17 12-17 13-21 14-21 16-22 17-25 17-26 18-23 19-24 21-35 22-36 23-33 24-32 25-29 28-30 30-37
0-0 1-2 2-1 3-3 6-19 6-20 7-17 8-14 9-8 10-9 11-10 11-12 14-4 15-6 17-7 19-21 20-22 21-23 22-25 22-26 24-30 27-28 28-31 30-34 31-34 32-35 32-36 36-37 37-38 39-40 41-39 41-41 42-42
0-0 1-2 2-3 3-4 4-5 5-6 6-7 8-8 11-9 12-10 13-14 14-20 15-17 16-15 16-16 17-18 17-19 18-20 18-21 19-13 20-22 21-24 22-26 23-27
0-6 1-7 2-2 2-3 3-9 4-11 5-8 6-8 7-13 8-14 9-15 12-16 13-17
0-0 1-3 2-2 3-4 3-5 4-7 5-9 6-10 7-16 7-17 8-12 9-13 10-14 11-18 12-19 13-20 14-22 15-25 15-27 17-28
0-4 1-2 2-5 3-6 4-7 5-16 6-24 7-21 8-17 9-18 11-9 12-10 13-11 14-13 15-14 16-12 18-15 19-25
1-0 2-1 3-2 4-4 6-6 7-3 8-8 9-10 10-11
0-5 1-0 1-1 2-2 3-3 4-3
0-0 1-4 2-6 3-7 5-8 6-9 7-10 8-11 9-12 10-13 12-26 13-33 14-34 15-35 16-28 17-27 19-29 19-30 20-31 22-23 23-24 24-20 25-17 26-15 27-16 28-36 29-41 30-38 31-39 32-43 33-45 34-50 35-51 37-47 38-47 38-48 40-48 41-44 42-52 43-53 44-54 45-55 46-73 47-74 48-72 51-70 52-63 53-64 53-65 54-66 55-59 56-61 57-58 58-75
0-3 1-4 2-0 3-1 4-5 5-6 6-13 6-14 7-9 8-10 10-11 11-21 12-16 13-17 13-18 14-19 15-22 16-23 17-24 18-25 19-27 20-26 22-30 24-32 25-33
0-9 1-4 2-5 3-6 4-7 5-0 6-1 7-11 8-18 8-19 9-16 9-17 10-12 10-15 11-13 13-20 14-21 15-22
0-0 1-1 2-2 3-3 4-4 5-5 5-6 7-20 8-21 9-22 14-8 14-10 15-11 16-16 17-16 21-23 22-28 22-29 24-27 24-29 25-30 26-31 27-31 28-32 29-26 30-25 31-34 32-35 33-36 34-47 35-48 35-49 36-50 37-41 39-40 41-51
0-0 1-2 2-1 3-3 4-4 5-5 6-10 7-8 9-16 9-17 10-18 11-19 11-20 12-12 13-14 13-15 14-21 15-22 16-24 16-25 17-27 18-28 20-29 20-30 21-31 22-33 22-34 24-32 25-35 26-36 27-36 28-37 29-38
0-5 1-1 1-2 2-3 3-10 4-11 4-12 6-7 7-8 8-9 10-11 11-15 12-20 12-21 13-16 13-18 14-22 15-23 16-24
0-17 0-18 2-19 3-20 8-2 8-4 9-1 9-10 10-5 12-8 12-9 13-7 14-10 15-12 16-13 17-14 17-15 18-21
0-0 1-2 2-3 3-4 4-32 7-7 9-16 10-17 12-5 12-6 13-12 13-13 14-14 15-8 16-18 19-31 21-18 22-23 23-24 23-25 24-26 25-20 26-34 26-36 27-37
0-0 0-1 1-3 2-4 3-6 4-7 5-8 6-9 7-10 8-11 9-12 10-13
0-0 1-4 2-6 3-7 5-8 6-9 7-10 7-11 8-11 9-12 10-13 10-14 11-15 12-16 13-17 14-29 15-20 16-22 17-21 18-23 19-24 19-25 20-26 21-18 22-19 23-30 24-31 24-32 25-33 26-35 27-36 28-40 29-44 30-45 30-46 31-47 32-48 33-49 34-50 35-37 36-38 38-54 39-55 40-58 41-60 43-56 43-57 44-62
0-1 2-2 3-4 4-6 6-3 7-3 7-7 8-7 9-8 10-14 11-15 12-16 12-17 13-18 14-19 15-20 16-21 17-22 18-23 19-24 20-25 21-26 22-11 23-10 24-12 25-27 26-33 27-34 28-35 29-36 30-40 31-41 32-42 33-43 33-44 34-45 35-46 36-47 37-48 38-37 39-38 41-29 42-30 43-31 44-32 45-49
0-0 0-1 1-2 2-3 3-5 4-6 5-7 6-10 7-13 8-14 9-15 12-8 12-9 14-16 15-17 16-21 17-22 18-29 18-30 19-31 20-32 21-33 21-34 22-24 23-25 24-26 28-19 29-20 30-35
0-0 1-1 2-5 3-6 3-7 4-8 5-9 6-15 7-19 8-21 9-22 10-23 11-24 12-17 14-16 15-11 16-13 17-14 19-2 20-4 22-25 23-26 24-28 25-29 26-32 27-33 28-34 31-31 32-35
0-0 1-1 2-2 3-5 4-6 5-13 6-14 7-15 8-17 8-18 9-19 10-20 11-21 12-22 13-8 14-9 15-9 17-10 17-12 18-23
0-0 1-2 3-3 4-4 5-5 6-6 8-8 9-10 10-12 11-13 12-9 13-14
0-0 1-1 2-2 3-4 4-5 5-6 6-7 6-8 7-16 7-17 8-18 8-19 9-12 10-20 11-22 12-9 13-11 14-12 14-13 15-10 16-27
0-0 2-12 3-13 4-14 5-15 6-16 7-5 8-7 9-1 10-4 11-8 12-10 13-11 15-17
0-0 1-2 2-3 3-10 4-11 6-4 8-5 9-6 9-7 10-8 10-9 11-12
0-1 1-2 2-4 3-5 4-6 4-7 5-3
0-0 1-4 1-5 2-7 3-8 5-9 6-11 6-12 7-16 8-13 9-22 10-26 12-24 14-23 15-26 16-19 17-37 18-27 19-34 20-35 20-36 21-29 22-30 23-31 23-32 24-33 26-28 27-38 28-40 29-39 30-42 31-43 32-41 33-45 34-47 35-44 36-48
0-1 1-6 2-11 3-8 4-2 5-4 5-5 6-14 7-15
0-0 2-1 3-8 4-9 5-4 6-5 7-6 8-7 9-2 11-3 12-10
0-0 1-1 1-2 2-3 3-4 4-6 5-12 5-13 6-8 7-7 8-14 9-21 10-22 10-23 11-17 12-18 13-24 14-25 15-26 16-27 17-15 18-9 19-28
0-1 1-2 2-4 3-3 4-5 5-8 6-9 7-10 8-10 9-11 11-5 12-6 13-7 14-12
0-0 0-1 1-2 1-3 2-4 3-7 4-9 5-5 6-5 7-10 8-12 9-13 9-14 10-15 11-16 12-22 13-24 14-17 15-19 15-20 16-21 17-26 18-28
0-0 0-1 1-3 2-4 3-5 4-6 4-8 5-9 6-11 7-10 8-12 8-13 9-14 10-15 11-16
0-1 2-3 3-4 3-5 4-6 5-7 6-11 7-8 8-2 8-12 9-13 10-14 10-16 11-17 12-18 12-19 13-28 14-32 15-34 16-30 17-21 18-22 19-20 20-20 21-23 22-24 23-27 25-35 26-37 27-38 30-42 31-43 32-41 33-36 34-44
0-0 1-1 3-2 4-11 5-3 6-7 7-8 8-9 9-4 10-5 11-6 12-12
0-4 1-0 2-1 2-2 3-6 3-8 4-8
0-0 1-4 2-6 3-7 5-8 6-10 7-16 8-17 9-11 10-12 10-13 11-20 12-21 13-20 14-18 15-18 16-19 17-22 18-23 18-24 20-26 20-30 21-25 21-26 24-29 25-31
1-0 2-0 3-1 4-9 5-4 6-5 7-6 7-7 8-10 9-11 10-12 11-13 12-14 12-15 13-21 14-16 16-17 17-17 18-16 18-18 19-22 20-23 21-24 22-25 22-26 23-30 23-31 24-27 25-27 25-28 26-32
0-0 1-1 2-2 2-3 3-4 4-21 6-17 7-16 8-18 9-19 10-13 10-14 11-14 12-9 13-10 14-11 15-6 16-7 17-24 18-23 19-26 21-27
1-0 2-0 4-1 7-2 8-3 9-4 14-5 14-9 15-6 16-7 17-8 18-9 20-10 21-8 22-13 23-14 25-12 26-15
0-0 1-1 2-2 2-3 3-4 4-5 5-6 6-7 6-8 7-9 8-15 9-13 10-12 12-11 13-10 14-16 18-8 19-17 20-18 21-19 22-20 25-21 26-22 27-23 30-26 32-25 32-30 33-27 34-28 35-29 36-30 38-31 39-29 40-34 41-35 43-33 44-36
0-0 1-1 2-9 2-10 4-5 5-3 6-7 7-8 8-11
0-0 1-1 2-2 2-3 3-4 4-5 5-6 6-7 7-7 7-8 8-12 9-23 10-25 11-26 12-27 13-20 13-21 14-19 15-13 16-14 17-15 20-10 21-11 22-28 23-30 24-31 25-31 25-32 26-33 27-34 31-36 31-37 32-38 33-39 34-40 35-41 37-42 38-40 39-45 40-46 42-44 43-47
0-0 1-1 1-2 2-6 3-7 4-8 5-10 7-3 9-4 10-5 11-11
0-1 1-0 2-2 3-3 4-4 5-5 6-7 7-8 8-9
0-0 1-4 2-6 3-7 5-8 6-9 7-10 8-11 9-12 10-13 11-17 12-18 13-15 13-19 14-20 15-24 16-21 17-25 18-26 19-27 20-26 21-28 22-30 23-31 25-31 26-32 27-33 27-34 28-35 29-36 30-39 31-41 32-42 34-43 35-44 36-50 37-51 38-45 39-46 40-52
0-2 1-3 2-9 3-6 4-10 5-11 6-12 8-17 9-18 10-13 11-14 12-19 13-21 14-23 16-20 16-24 17-26 18-28 19-29 20-27 21-30 22-31 23-32 24-33
0-0 1-1 3-2 4-4 5-5 6-6 7-7 8-10 9-11 10-12 11-13 11-14 12-15 13-16 14-18 15-17 16-19 17-20 18-18 19-17 20-21 21-22 22-23 23-24
0-0 1-1 2-2 3-5 4-3 5-4 6-6 7-11 8-13 9-14 10-12 11-9 12-8 14-15
0-1 1-2 2-3 3-4 3-5 4-13 5-14 6-10 8-6 9-7 12-15 13-18 14-23 15-21 15-22 16-20 17-24 18-33 19-34 21-28 22-29 23-30 24-28 25-26 25-27 26-35
0-0 1-1 1-2 2-3 2-4 2-5 3-9 4-6 5-10 6-12 7-13 7-14 8-15 9-16 10-17 11-18 12-21 13-22 14-19 15-23
0-9 1-10 2-1 2-2 3-6 4-4 5-7 6-11 7-11 8-12 9-14 10-15 11-16
0-12 1-9 1-10 2-6 3-7 4-4 5-1 6-2 7-13 8-16 9-14 11-17 12-18 12-19 13-20 14-23 15-24 16-26 17-27 19-28 20-29 21-31 22-30 23-33 24-34
0-2 1-5 2-7 3-8 4-3 5-0 6-21 7-10 7-11 7-12 8-17 9-18 10-13 11-14 12-22
0-0 1-3 2-5 3-4 5-6 6-7 7-8 8-9 9-15 10-17 11-10 12-13 12-14 13-18 14-19 16-24 17-21 18-25
0-0 1-3 2-4 3-1 4-2
0-0 1-4 1-5 2-7 3-8 5-9 6-10 7-11 8-12 9-13 10-23 11-24 12-22 12-25 13-26 14-19 15-16 16-32 17-33 18-30 19-31 20-27 22-34 22-35 23-36 24-37 26-38 27-39 28-40 30-42 31-43 33-44 34-45 35-46 36-51 37-52 37-53 38-48 39-54 39-55 40-56 41-57 42-60 42-61 44-58 45-62
0-0 1-2 3-3 4-4 4-5 5-6 7-1 8-7 9-8 11-9 12-10 13-11 13-12 14-14 15-15 16-16 17-17 18-18 20-19
0-0 1-1 2-2 3-3 4-5 5-6 5-10 6-16 7-12 7-14 8-11 9-8 10-9 11-17 13-20 14-22 16-18 16-19 17-23 18-24 19-28 20-30 22-31 23-27 24-26 26-26 27-32
0-0 1-1 2-25 3-2 5-3 6-4 7-5 8-6 9-7 12-15 14-17 15-10 16-12 17-13 18-14 19-15 20-21 20-25 21-22 22-23 23-24 25-27 27-16 28-20 30-18 31-28
0-0 1-1 2-2 3-3 4-4 5-5 6-7 6-8 8-9 10-10 11-11 12-12 13-13 14-15 15-16 16-17 17-18 18-19 19-20 21-21 22-23 23-24 24-25 26-26 27-27 28-30 29-28 30-29 31-31 33-32 34-34 35-32 36-35
0-0 1-2 3-3 4-5 5-4 6-6 7-7 8-8 10-10 11-12 12-14 13-13
0-0 1-7 2-8 3-2 4-3 6-4 7-9 8-10 9-15 10-17 11-18 12-11 14-13 16-14 18-19 19-20 21-22 22-23 24-24 26-25 26-26 27-27 28-28 29-29 30-31 31-32 32-33 33-37 34-38 34-39 35-41 36-34 37-36 38-35 39-40
0-0 1-1 2-2 3-3 4-4 5-8 6-9 6-10 7-5 9-11 10-12 11-15 12-13 15-17 17-18 18-19 19-20 20-27 21-30 22-28 24-23 25-23 27-24 28-31
0-0 1-1 1-2 3-3 4-4 5-5 6-6 7-6 7-7 8-5
0-0 1-4 2-6 3-7 5-19 6-19 7-17 8-16 9-13 11-14 11-15 12-22 13-10 13-11 14-8 16-9 18-23 19-25 19-26 21-24 24-27 25-30 25-31 26-32 27-34 28-51 29-40 29-41 29-62 30-38 31-35 32-36 32-37 33-42 34-49 35-44 36-56 37-53 38-56 38-60 38-61 38-62 39-58 40-55 41-51 42-51 43-50 43-53 44-52 45-51 45-52 46-46 47-48 48-44 49-63
0-9 0-10 1-5 2-6 3-1 3-2 5-13 6-14 8-16 10-17 11-17 13-18 14-18 15-15 16-19 17-20 17-21 18-28 19-28 19-29 20-26 21-23 22-22 23-24 23-25 24-30
0-0 2-1 2-2 3-4 5-7 6-8 7-5 10-12 12-7 14-13
0-0 0-1 1-2 2-3 3-19 4-19 8-21 10-5 11-6 13-9 14-10 15-13 16-12 18-7 19-7 20-8 21-22
0-0 0-2 1-3 2-4 3-7 4-12 6-6 6-19 7-9 8-13 9-15 10-14 11-16 11-17 11-19 12-20
0-3 0-6 1-0 2-1 3-1 3-2 4-10 4-11 5-13 6-14 7-15 8-21 9-17 9-18 10-19 11-22
0-2 1-0 2-3 3-5 3-6 4-7 6-10 7-8 7-9 9-12 10-16 11-17 12-18 14-13 15-19
0-7 1-9 2-11 3-12 4-7 6-1 7-1 7-2 8-4 9-6 10-3 11-3 12-13
0-0 1-1 2-3 3-4 4-5 4-6 6-7 7-8
0-0 1-4 2-6 3-7 5-12 6-13 6-14 7-14 8-15 9-16 10-8 11-9 12-10 13-21 14-18 15-22 16-23 16-24 17-25 18-26 18-27 19-27 21-25 22-28 23-36 24-34 25-39 26-38 27-40 28-31 28-37 29-33 30-30 31-41 33-42 34-43 34-44 36-45
0-0 2-1 3-2 4-4 5-6 6-5 7-11 8-15 9-13 10-12 11-8 12-7 13-9 15-10 17-16 18-17 19-18 20-18 23-19 23-20 25-21
0-3 2-0 3-4 6-6 8-7 10-8 11-9 12-10 13-11 15-12 16-13 17-15 18-16 19-17 20-19 21-18 22-14 23-20 24-21 25-23 26-24 27-22 29-25
0-2 0-3 1-3 3-1 4-4 5-5 6-7 7-9 8-11 10-12
0-0 1-1 2-2 3-3 4-4 5-5 6-6 7-8 9-11 10-9 11-12 12-14 13-15 14-16 15-17 17-20 18-21 19-19 21-18 22-22
0-0 3-1 4-15 5-17 6-13 7-10 8-11 9-8 11-5 12-6 16-3 17-18
0-0 0-1 1-2 2-3 3-4 4-5 5-6 8-8 9-11 10-18 11-19 11-20 12-12 13-13 14-14 14-15 16-16 17-17 18-21 19-22 20-32 21-33 22-34 23-35 24-36 25-37 26-31 27-24 28-25 30-26 31-27 33-28 34-29 36-30 37-38
0-1 2-2 3-3 4-4 5-13 6-14 7-16 8-10 9-9 10-5 10-8 11-6 11-7 12-17 13-18 14-19 14-20 16-21
0-0 1-1 2-3 2-4 3-5 4-7 5-6
0-0 1-4 2-6 3-7 5-8 6-9 7-10 8-11 9-12 10-18 10-34 11-19 11-20 12-22 13-24 14-25 15-26 18-16 19-13 20-31 21-28 22-32 23-34 24-35 25-36 26-37 27-46 28-48 28-49 29-47 30-50 31-45 32-51 33-52 34-53 35-55 35-56 36-58 37-62 38-63 38-64 39-60 40-41 41-43 43-43 44-40 45-65
0-0 0-1 1-3 2-4 3-5 4-6 5-10 5-11 6-16 7-17 8-12 9-14 11-14 12-15 14-7 15-23 16-25 16-26 17-20 18-22 19-19 20-27 21-28 22-29 23-30 24-34 25-36 25-37 26-31 27-39 28-40 29-31 31-41 32-43 33-49 33-51 34-45 35-47 36-52 36-67 38-53 39-55 40-56 41-59 41-60 42-61 43-63 44-65 44-66 46-62 47-67 48-74 49-75 50-76 52-53 54-70 55-69 56-73 58-77
0-0 1-1 2-2 3-3 4-4 5-5 6-12 6-15 7-14 8-14 9-11 10-17 10-18 11-6 11-8 12-7 13-19 14-20 15-21 16-22 17-24 18-23 19-25 20-26 21-28 22-29 23-30 25-31 26-32 27-33 28-34 29-39 30-40 31-41 32-38 33-35 33-37 34-42 35-43 36-45 37-49 38-46 38-48 40-56 41-52 42-53 42-54 44-58 45-57
0-0 1-1 2-12 3-8 3-9 4-5 5-6 6-2 6-3 7-13 8-15 9-16 10-18 10-19 11-21 12-22 12-23 13-24 13-25 14-26 15-28 16-29 16-30 17-32 18-35 19-36 20-37
0-0 0-1 1-6 1-7 2-8 3-9 4-4 4-5 5-3 7-10 8-30 8-31 9-33 10-35 11-36 14-23 15-25 15-26 16-27 18-11 19-12 19-14 20-13 21-14 22-15 23-16 24-17 27-22 28-21 30-37
0-3 1-4 2-5 5-1 6-6 6-7 7-8 8-11 9-22 10-23 11-15 11-18 12-17 13-17 14-14 15-20 15-21 16-25
0-0 1-1 2-2 3-3 4-5 5-7 6-8
0-0 1-4 2-6 3-7 5-8 6-9 7-10 8-11 9-12 10-16 11-18 12-20 13-17 14-13 14-14 15-26 17-23 18-22 19-27 20-29 21-30 22-31 23-32 24-33 24-34 25-35 25-36 26-39 27-42 28-42 30-41 32-43 33-44
0-0 1-1 3-2 4-3 5-4 6-8 7-9 9-12 11-10 13-13 14-6 15-5 16-5 17-14 18-15 19-16 20-17 21-18 22-20 23-21 25-30 25-31 26-33 27-33 28-34 29-35 30-35 32-27 33-23 33-30 36-36
0-0 1-1 2-2 2-3 3-5 4-6 5-10 6-15 7-16 8-11 9-12 10-12 11-8 12-9 13-17 14-18 15-21 16-24 17-25 18-26
1-12 2-7 3-0 4-1 6-2 7-3 8-14 9-15 10-16 11-17 12-18 13-19 13-20 14-21 15-22 16-23 16-24 17-25
0-0 0-1 1-2 2-4 3-5 5-6 6-7 6-8 7-9 8-10 9-11 10-11 11-12 12-13 12-14 13-15 14-18 15-22 16-23 18-24 19-25 22-20 25-26
1-1 2-2 3-8 4-13 5-12 6-9 6-10 8-4 10-6 11-5 12-7 14-15 15-23 16-28 16-29 17-24 17-26 18-25 20-19 20-20 21-21 22-22 23-30 24-31 25-32 25-33 26-37 27-36 28-36 29-38
0-1 1-4 2-5 3-7 4-16 5-17 5-18 7-8 9-9 11-10 12-11 13-12 14-13 16-14 17-15 18-19
0-0 1-2 2-1 3-3 5-4 6-5 7-7 8-8 9-13 10-10 11-14 12-15 12-16 14-26 14-27 15-25 16-23 18-17 19-18 20-18 21-19 22-20 23-21 25-29 26-31 26-32 27-35 28-38 29-39 30-40
0-5 0-6 2-2 2-3 4-4 6-0 7-7 8-9 8-10 10-20 11-22 12-23 13-25 14-26 15-27 16-19 17-21 19-13 19-24 19-25 21-11 21-14 22-16 23-17 24-28
0-6 1-5 1-6 2-0 3-1 4-7 5-8 6-9 7-13 8-14 9-15 10-16 11-17 12-10 12-12 13-11
0-0 1-4 2-6 3-7 5-8 6-9 7-10 8-11 9-12 10-28 10-29 11-30 12-31 13-18 14-19 15-20 16-22 17-19 18-19 19-24 20-24 21-26 22-13 22-14 23-15 24-15 24-16 25-35 25-37 27-34 28-33 29-38 30-43 30-44 31-45 32-46 32-47 33-41 34-39 35-40 36-48 37-49 38-51 41-52 42-55 43-53 44-64 45-66 46-67 47-68 48-70 50-61 51-62 52-58 53-56 54-69
0-0 1-0 1-1 2-2 3-3 4-5 5-5 6-6 7-9 8-11 9-12 10-13 11-14 12-19 12-20 13-16 14-17 15-8 16-21
0-0 2-1 3-2 4-3 5-4 6-5 7-6 8-7 9-8 10-18 11-16 13-15 14-12 14-13 14-14 15-9 17-19
0-0 0-1 1-2 2-3 3-4 4-5 6-6 7-7 9-8 10-10 10-11 11-12 13-13 14-14
0-5 1-4 3-2 4-2 5-0 6-6 7-7 7-8 8-10 9-9 10-11 11-24 12-15 13-16 14-18 15-19 16-21 17-12 18-13 19-25
0-6 0-7 1-3 2-4 4-0 6-1 7-20 8-21 9-22 10-23 11-24 12-13 13-17 13-18 14-15 15-10 16-11 16-12 18-8 20-9 22-25 23-26 25-28 26-29 27-30
0-0 1-1 2-2 3-3 4-4 5-5 6-24 7-21 8-22 9-8 9-9 10-10 11-11 12-12 13-13 14-14 14-15 15-16 16-17 17-18 17-19 18-25 19-26 20-6 22-27
0-0 2-1 3-2 4-3 5-9 6-10 7-14 8-15 9-11 11-5 13-7 14-8 15-16
0-3 1-0 1-1 2-4 3-6 4-9 5-10 6-8
0-0 1-4 2-6 3-7 5-8 6-10 9-11 10-12 11-22 12-19 12-20 13-13 13-14 13-15 13-16 14-27 15-24 17-30 18-32 19-34 20-31 21-39 22-40 23-41 24-36 25-38 26-42 27-45 30-49 31-50 32-52 33-53 34-58 36-55 37-60 38-59
0-0 2-1 2-2 3-4 5-6 7-3 8-7 9-8 10-9 11-19 12-20 13-22 14-23 15-24 16-27 17-16 18-17 21-12 22-11 22-14 23-15 24-28 24-29 25-31 26-32 27-34 28-36 29-35 30-37 30-38 31-40 33-41 34-42
0-5 1-2 1-3 2-6 3-7 4-5 4-8 5-9 6-11 7-13 8-15 10-16 11-19 12-21 13-28 14-22 15-24 17-25 18-26 19-31
0-2 1-4 2-5 3-6 4-7 5-9 6-10 7-8 8-11 9-12 10-13 11-14 12-15 13-16 14-22 15-18 17-17 17-20 18-19 19-23 20-24 21-25 22-27 22-28 23-26 24-30 25-31 27-34 29-32 30-33 33-35 34-36
0-0 0-1 0-2 0-3 1-4 2-5 3-6 4-7 6-8 7-9
0-0 0-1 1-2 1-3 2-4 3-10 4-16 4-17 5-12 6-13 7-14 8-7 9-8 10-5
0-0 1-4 1-5 2-7 3-8 5-10 5-11 6-12 7-13 8-15 9-14 10-30 11-32 13-35 14-36 15-37 16-25 16-38 19-34 21-29 22-18 22-19 23-27 23-28 24-23 25-24 26-25 27-20 28-21 29-17 30-39
0-0 0-1 1-7 3-4 4-3 5-8 6-11 7-13 8-18 8-19 9-17 10-15 11-20 12-34 12-35 13-32 14-21 14-24 15-29 15-30 16-25 17-26 18-27 19-22 19-23 20-37 21-36 22-38 24-39 25-40 25-41 26-48 27-49 28-50 29-46 30-43 30-44 30-47 31-42 32-51
0-8 0-9 1-4 2-5 3-6 4-1 4-2 5-11 6-10 7-12 7-13 8-14 8-15 9-16 10-17 12-26 13-27 14-27 15-28 16-22 16-23 17-21 17-24 18-19 19-29
0-5 0-6 1-4 2-2 3-8 3-11 4-16 4-17 5-12 6-13 7-14 8-9 8-10 10-18 11-19 13-20 14-22 14-23 16-24 17-25 17-26 18-27 18-28 19-29
0-1 1-2 2-3 3-4 4-5 5-6 5-7 5-8 6-9 7-10 9-11 9-12 10-13 10-14 11-16 12-17 13-18 14-19 15-21 16-29 16-30 17-28 18-26 19-22 20-23 22-20 23-31
0-6 0-7 0-8 1-9 2-4 3-0 4-1 5-2 5-3 6-10 7-15 8-16 9-17 10-18 11-12 12-11 13-11 14-19 15-24 16-35 16-36 17-34 18-32 20-29 21-25 22-26 23-27 23-28 24-23 25-20 26-21 26-22 27-37
0-1 0-2 2-4 4-9 4-10 5-5 6-6 7-7 8-16 9-21 9-22 10-18 11-19 14-13 15-14 16-15 17-23 19-24 21-25 23-31 24-36 24-37 25-33 26-34 29-28 30-29 31-30 32-38
1-3 2-2 3-1 4-4 6-5 7-6 9-7 10-8 11-9 12-12 13-13 13-14 14-15
0-1 1-2 2-3 3-18 4-25 4-26 5-21 6-22 7-23 8-19 9-4 10-9 10-10 11-8 12-6 13-12 13-16 14-13 15-14 16-15 17-27 18-28 19-33 21-30 22-32 23-34
0-0 1-4 2-5 3-2 4-3 5-13 7-7 8-6 9-8 10-9 11-10
0-0 1-4 2-6 3-7 5-8 6-9 7-10 8-11 9-12 10-16 10-17 11-13 12-13 13-32 14-33 15-34 16-34 17-35 18-36 19-37 20-38 23-31 24-18 25-25 26-29 27-26 28-27 29-19 30-21 31-22 32-23 33-24 34-39
0-2 1-3 2-4 4-5 5-6 6-17 7-14 8-13 9-13 10-8 11-9 12-10 13-18
0-5 1-5 2-6 4-0 5-4 6-7 7-1 8-2 9-8 10-9 10-10 11-11 11-12 12-13 13-14 14-15 15-15 16-16 17-17 18-18 19-19 20-20 21-22 22-23 23-24 24-25 25-21 26-26
0-6 0-7 1-8 2-9 3-3 4-4 5-5 6-1 7-0 8-10 9-17 10-25 11-18 12-19 13-20 14-21 16-22 17-22 18-24 19-16 20-13 22-14 22-15 23-26 24-28 25-37 26-33 27-34 28-35 29-36 30-30 31-31 32-38 33-40 34-41 35-42 36-43
0-0 1-1 2-7 3-8 4-8 5-9 6-10 7-11 8-2 9-5 10-4 11-12 12-13 13-13 14-14 15-16 16-18 17-17 17-19 18-20 19-21 20-22 21-22 23-23 24-25 26-30 27-34 28-32 29-35 30-36 31-37 31-38 32-36 32-39 34-46 35-48 36-44 37-44 38-40 39-41 40-42 41-43 42-49
0-2 1-4 1-5 2-0 3-6 4-9 5-7
0-0 1-4 2-6 3-7 5-8 6-9 7-10 8-12 9-13 10-14 11-15 12-17 13-18 14-18 15-19 17-20 18-24 19-26 19-27 20-22 21-28 22-29 23-35 24-37 25-31 26-32 27-38 28-39 29-41 30-42 31-42 32-43 34-44 35-49 36-51 37-51 38-46 38-47 39-53 40-52 41-54 42-54 43-56 44-57 45-58 45-59 46-60 47-61 48-65 49-62 50-61 51-66
0-0 1-1 2-3 3-15 4-21 5-22 6-23 7-20 8-6 9-7 11-16 12-18 13-14 14-14 15-12 16-10 17-8 19-4 22-24
0-1 1-3 2-0 3-5 3-8 4-7 5-9 6-15 7-15 8-10 10-11 10-12 11-13 12-16 13-18 13-19 14-21 14-22 15-23 15-24 16-25 18-30 19-26 20-27 21-28 22-29 23-35
0-0 0-1 1-1 2-2 3-3 4-4 5-6 6-7 7-7 8-8 10-9 11-13 12-10 13-10 14-14 15-15 16-16 17-17 19-18 20-19
0-0 1-12 2-14 2-15 3-13 4-8 5-9 6-10 7-2 7-3 8-4 9-5 10-16 11-19 13-18 16-20 17-23 18-24 19-22 20-25
0-2 1-3 1-4 2-5 2-7 3-8 3-9 5-0 6-10 6-11 7-12 8-13 8-14 9-15 10-27 11-21 12-21 12-22 13-23 14-24 15-17 16-18 17-29 17-30 18-31 19-32 20-43 21-44 22-45 23-46 24-47 24-48 25-49 26-50 27-41 28-38 29-39 30-40 31-51 32-54 32-56 33-53 33-54 34-55 34-57 35-67 36-65 37-64 38-68
0-0 1-1 2-3 3-4 4-8 6-7 8-5 9-9
0-3 1-2 2-0 2-1 3-2 4-9 5-6 6-6 7-7 8-5 9-5 10-4 12-10 13-13 14-14 14-15 15-17 16-18 16-19 17-20 18-21 19-22 20-22 20-23 21-27 22-29 22-30 23-25 23-28 24-24 25-31
0-0 1-6 2-3 2-4 3-8 4-12 5-9 5-10 6-10 7-15 7-16 8-13 9-17
0-1 0-2 3-4 4-5 5-6 7-8 9-10 10-12 10-13 11-9 12-15 13-16 14-18 16-19 17-20 17-21 18-22 20-23 21-24 22-25 23-28 24-29 24-30 26-31 26-32 27-33 28-36 29-38 30-39 31-40 32-41
0-1 1-1 1-2 2-0 3-3 4-5 5-8
0-0 1-4 2-5 3-6 4-7 5-8 6-9 8-10 9-11 10-12 11-13 12-14 13-27 15-28 16-29 17-29 17-30 19-16 20-23 21-24 22-25 25-18 27-19 27-20 28-15 29-26 30-39 31-36 32-31 33-32 33-33 34-41 35-52 36-49 37-50 38-46 39-42 40-44 41-53
0-4 0-5 0-16 1-6 2-7 3-2 4-0 5-8 6-12 7-15 8-16 8-17 9-13 9-14 10-9 11-10 12-18 13-25 14-23 14-24 16-20 17-25 18-31 19-26 20-32 20-39 21-40 21-41 22-42 23-43 24-34 24-35 25-37 26-37 26-38 27-36 28-34 28-35 29-44
0-11 1-11 1-12 2-10 3-5 4-7 4-8 5-0 5-1 6-2 7-3 8-4 10-9 11-13 12-13 13-19 14-20 16-25 17-26 18-27 19-21 19-22 20-17 21-28 22-35 23-36 24-36 25-31 25-32 26-31 26-32 27-29 27-38 28-37 29-44 30-45 31-46 32-40 33-41 34-38 35-53 36-52 37-50 38-48 39-54 40-55 41-56 43-14 44-15 45-57
0-0 1-2 2-2 2-3 3-1 4-4 5-6 6-7 7-8 8-9 9-10 10-12 12-13 13-15 14-15 20-16 21-19 22-20
0-0 1-1 2-5 3-6 4-7 6-3 7-4 8-2 8-4 9-12 9-16 10-18 12-21 13-22 13-23 14-17 14-20 15-19 17-10 18-10 18-11 19-9 20-8 21-8 22-13 23-14 24-15 25-24
0-0 1-2 1-3 2-5 3-4 3-8 4-13 5-8 5-14 6-11 6-12 7-13 8-18 10-15 11-20 12-19 12-28 13-29 14-24 15-25 16-26 17-27 18-21 19-23 20-20 21-28 22-30 23-39 24-34 25-35 26-36 27-37 28-32 29-31 30-40
1-6 2-7 3-8 3-9 4-8 4-9 5-10 6-12 7-13 8-14 9-5 10-1 11-0 12-2 13-3 14-3 15-21 16-22 17-16 18-18 19-23
0-5 1-2 2-6 3-8 4-8 4-9 5-7 6-13 7-14 7-15 8-10 10-11 12-12 13-16
0-0 1-1 2-2 3-3 4-4 4-5 5-6 6-5 6-8
0-0 1-4 2-6 3-7 5-8 6-9 7-10 8-11 9-12 10-18 10-22 11-24 12-23 13-19 15-20 16-21 20-17 22-13 23-13 24-13 26-14 27-25
0-0 2-2 3-1 4-1 5-3 6-4 6-5 8-6 9-7 10-7 11-8 12-10 14-11 15-12 16-13
0-0 0-1 1-14 2-13 3-15 4-3 6-4 7-5 8-6 9-7 10-8 11-9 12-16 13-21 14-18 14-19 15-25 16-24 17-22 19-30 20-35 20-37 20-39 23-46 24-47 26-48 28-44 29-43 29-44 30-34 31-45 32-45 33-32 34-31 36-27 37-29 39-50 39-51 40-52 41-53 42-54 43-57 44-60 46-59 49-61 51-56 52-62 53-64 55-65 56-66
0-4 1-5 2-0 3-0 4-1 6-2 7-3 8-7 9-8 10-9 11-11 12-11 13-11 14-10 15-12 16-15 17-13 18-17 19-18 20-18 21-19
0-2 1-0 2-3 3-7 4-4 5-5 5-6 6-7 6-8 7-9 7-10 8-11 8-12 9-13
0-3 1-4 2-5 2-6 3-7 6-0 8-1 9-1 11-2 13-10 14-11 15-12 16-13 17-20 18-19 20-21 24-31 25-29 26-15 27-16 28-14 29-17 30-22 31-23 33-30 35-31 36-27 37-28 39-37 41-33 42-35 44-36 50-38 50-39 51-40 52-43 54-46
0-6 1-4 2-5 4-7 6-1 8-2 10-3 11-10 13-11 14-9 15-11 16-16 17-14 18-13 19-17
0-0 0-1 1-3 3-5 4-6 5-20 6-21 7-22 8-23 9-17 10-18 11-19 13-9 14-13 15-14 15-15 17-10 18-11 18-12 19-24
0-5 1-7 2-11 3-12 4-13 5-14 6-15 7-9 7-16 8-4 9-3 10-17 11-18 12-21 13-24 14-25 15-27 17-22 18-23 19-23 20-28 21-29 22-30 24-19 24-20 26-32 28-33 29-34
0-2 2-6 2-7 3-4 4-1 5-0 7-10 8-10 9-13 10-14 11-15
0-20 0-33 1-23 2-24 3-25 4-26 5-27 6-28 7-21 8-15 8-16 8-17 9-12 10-13 12-2 13-10 14-4 15-5 17-6 18-7 19-0 20-30 21-31 22-44 23-45 25-33 26-34 27-35 27-36 29-43 30-41 31-38 33-40 35-37 36-46
0-4 1-5 2-5 3-6 4-0 4-1 5-2 7-6 8-15 9-13 12-14 13-16 14-10 15-11 16-10 17-7 18-8 19-9 20-18 21-17 23-20 24-21 25-22 26-23
0-0 1-1 2-2 3-5 4-6 4-7 5-12 6-11 7-9 8-3
0-0 1-4 2-6 3-7 5-8 6-9 7-10 8-11 9-12 10-14 11-13 13-15 14-16 15-17 16-18 17-19 18-19 19-20 21-23 22-24 23-25 23-26 24-27 26-21 27-22 28-28
0-2 1-3 2-4 3-5 4-6 5-7 6-8 7-10 7-11 8-12 9-16 10-15 11-13 13-20 14-24 15-25 16-23 17-22 19-26 20-27 21-31 22-32 23-33 25-29 28-36 29-35 31-39 31-40 31-41 32-42
0-0 1-7 2-3 3-2 3-4 4-6 5-8 6-10 7-11 7-12 8-13 9-14 10-15 11-16 12-21 13-26 14-24 15-27 16-28 17-22 18-18 19-19 20-31 21-32 24-33 25-34
0-3 0-4 1-7 2-5 3-0 4-1 6-9 7-10 8-14 9-16 10-11 11-12 12-13 13-17 14-18 15-20 15-21 16-25 17-28 18-29 19-26 20-27 23-23 24-24 25-8 26-38 27-31 28-33 29-34 31-35 33-36 34-37 35-34 36-30 37-39 38-43 39-44 40-45 41-46 42-47 43-40 44-41 45-48 46-51 47-52 48-53 49-54 50-55 52-56 54-57 55-58 56-59 57-60 58-61 59-62 60-63 61-64 62-65 65-66 66-67 67-68 68-69
0-0 1-1 2-2 3-3 4-4 5-8 6-9 8-10 10-6 13-13 14-19 15-21 18-14 21-26 22-27 23-17 24-14 25-15 26-16 27-31 28-39 29-36 30-37 30-40 31-41 31-42 34-33 35-30 36-43 37-44 38-28 39-45 40-50 42-51 44-47 45-53
0-0 1-7 2-3 3-4 4-1 6-5 7-9 8-10 9-12 9-13 10-14 11-18 12-17 13-15 14-19
0-1 1-6 1-7 2-3 3-4 4-5 5-10 6-11 8-9 9-12 10-24 11-20 12-21 13-22 14-14 15-15 15-16 16-17 17-18 17-19 18-24 19-29 20-29 20-31 21-28 22-32
0-0 1-1 1-2 2-3 2-4 3-6 4-8 5-9
0-0 1-4 2-6 3-7 5-13 6-14 7-15 8-7 8-10 10-18 11-19 12-20 14-16 16-16 16-17 18-22 19-25 20-31 21-32 21-33 22-34 23-35 25-36 26-27 27-28 29-29 30-37
0-0 1-4 1-5 2-12 3-13 4-9 5-11 6-11 8-8 10-1 11-14 12-22 13-22 14-21 15-23 16-18 17-24 18-25 19-28 20-29 21-30 22-31 22-32 23-33 24-35 24-37 25-38 26-39 26-40 27-44 28-45 31-47 33-49 34-50 35-51 36-42 37-43 38-52
0-0 0-1 1-2 2-3 3-4 4-5 5-7 6-8 7-12 8-14 9-15 9-17 10-18 11-19 12-19 14-20 15-21 16-22 17-23 18-10 19-11 20-24
0-5 1-6 1-7 2-2 3-8 4-12 5-16 6-18 8-15 9-13 10-14 12-10 13-19 14-21 15-22 16-23 16-24 17-25 20-26 22-27 23-29 24-31 25-32 27-28 28-33 29-34 30-35 31-36 32-40 33-38 33-39 34-41
0-4 1-5 2-1 3-6 4-8 5-9 6-10 7-11 8-12 9-14 10-15 11-16 11-17 12-18 13-20 15-21
0-0 0-1 1-2 2-3 3-4 4-6 5-5 7-7
0-0 1-4 2-6 3-7 5-8 6-9 7-10 8-11 9-12 10-13 11-15 12-18 12-20 13-17 15-19 16-26 17-25 18-23 19-20 20-29 21-28 21-31 22-36 23-37 24-35 27-33 27-34 28-30 29-38 30-40 31-41 32-42 33-39 35-43 36-46 37-44 37-45 38-47 39-49 40-51 40-52 42-48 43-53
0-16 1-0 2-13 3-11 4-7 4-8 5-3 5-4 6-1 9-17 10-14 10-18 11-20 12-14 13-21 14-22 15-24 16-25 17-26 20-27 21-28 23-29 24-32 25-43 27-40 28-41 29-46 30-47 31-48 35-38 35-39 39-35 40-33 42-49
0-0 1-1 2-10 3-9 3-10 4-6 4-7 5-5 6-3 6-4 6-7 7-11 8-15 9-16 10-12 11-17 12-18 13-19
0-0 0-1 1-3 2-4 3-2 4-5 5-6 6-8 7-7 9-9 10-13 11-11 12-16 13-17 15-24 15-25 16-20 18-26 19-27
0-0 1-1 3-7 4-9 4-10 5-6 7-6 9-4 10-2 11-11 12-13 13-14 13-15 15-12 16-16
0-0 1-3 2-4 2-5 4-6 5-11 7-12 10-14 11-8 12-16 12-19 13-17 14-21 15-22 16-23 17-24 17-25 18-26
0-0 1-1 2-2 3-3 4-4 5-5 5-6 6-11 7-14 8-12 10-8 10-9 11-7 12-10 14-16 15-17
0-0 1-3 2-4 3-2 4-9 5-5 6-6 6-7 7-10 9-14 10-16 11-15 12-10 13-17 13-18 14-11 15-12 15-13 16-25 17-29 17-30 18-20 18-21 19-24 21-22 23-23 24-31 25-32 26-35 26-36 27-37 28-38 29-39 29-40 30-41
0-2 1-3 3-4 4-5 5-6 5-7 6-9 7-11 7-12 9-16 10-10 10-18 12-19 13-21 14-22 15-23 16-24 17-25
0-0 2-0 2-1 3-2 4-3 5-5
0-0 1-4 1-5 2-7 3-8 5-9 6-10 7-17 8-19 9-11 9-15 10-13 11-14 12-20 13-21 13-22 14-23 14-24 15-28 17-25 21-32 21-33 22-34 24-37 26-39 27-38 29-48 32-25 33-40 35-42 36-43 38-46 39-47 40-49 41-51 42-52 43-53 44-58 46-60 47-56 48-55 50-45 52-62 53-64 54-65
0-1 0-2 3-3 5-4 7-5 8-10 8-11 8-12 9-7 10-8 11-9 14-16 16-14 17-17 19-19 20-19 23-20 24-21 25-22 26-23 27-24 28-25 31-24 31-29 32-25 33-27 33-41 34-30 35-31 36-33 37-35 40-36 41-37 42-38 43-39 45-42 46-43 48-41 49-44
0-6 0-7 1-1 4-2 5-3 6-4 7-8 8-9 9-12 10-13 11-14 12-15 13-16 14-17 15-18 16-21 17-22 18-23 20-19 21-20 23-24 23-25 24-26
0-6 0-7 1-8 2-8 2-9 3-0 6-2 7-3 8-4 9-4 10-10 11-13 11-14 12-16 13-22 15-23 15-24 16-20 16-21 17-17 17-18 18-19 19-15 20-25 21-26 21-27 22-28 23-29
0-9 0-10 1-11 1-12 2-3 3-5 4-6 4-7 5-0 5-1 6-13 7-18 8-17 9-19 10-15 11-20
0-0 0-1 1-2 2-4 2-5 3-6 4-8 5-7 6-9 7-10 8-11 9-12 10-13 10-16 11-15 12-17
0-0 1-1 2-2 4-3 5-4 6-13 7-15 8-10 9-5 10-6 11-14 12-22 12-23 14-24 15-21 16-15 17-17 17-36 18-25 19-27 19-28 20-30 21-31 22-33 23-35 25-36 27-37 28-38 29-42
0-0 1-2 3-23 4-24 5-17 6-19 7-20 8-18 10-12 11-13 12-15 13-16 16-11 18-8 20-9 21-10 22-25 23-26 24-28 25-29 26-30 27-32 28-33 30-4 31-5 31-6 32-2 33-34 34-35 35-36 36-40 37-41 38-42 39-38 40-39 41-43 42-45 44-50 45-50 46-49 47-51
0-1 1-2 2-6 3-7 4-8 4-9 5-10 6-16 7-17 8-13 9-14 10-12 12-11 13-4 14-18 15-22 16-24 18-25 19-20 20-21 21-26 23-29 24-30 25-27 26-31 27-38 27-39 28-36 29-35 30-32 31-33 32-34 33-40
0-0 1-3 2-1 3-4 4-5 4-6 5-7
0-0 1-4 2-6 3-7 5-8 6-9 7-10 8-11 9-12 10-14 11-15 12-18 13-29 13-37 14-43 14-44 15-39 16-35 17-36 18-31 18-39 21-32 24-28 25-28 26-28 27-21 28-24 29-26 30-27 32-16 33-17 35-45
0-16 1-19 2-17 3-20 3-22 3-23 4-3 5-13 6-14 8-11 8-16 9-12 10-7 10-8 11-4 11-23 14-2 16-31 17-33 18-34 19-35 20-36 21-24 22-26 23-27 24-28 25-29 26-30 27-37 28-38 29-39 30-40 31-42 32-43 33-44 34-45 36-46 37-48 38-47
0-0 1-2 2-4 4-1 5-5 6-6 7-7 8-8 10-18 12-15 13-16 15-11 16-12 19-9 22-13 23-19 24-20 25-22 26-23 27-24 28-25 30-26 31-27
0-0 1-1 2-2 3-4 3-6 4-28 5-29 5-30 6-31 7-32 8-33 9-34 10-21 12-22 13-24 13-25 14-16 15-18 16-19 17-15 18-7 20-11 22-10 23-12 24-13 25-10 26-8 27-9 28-36 29-35
0-0 1-1 2-2 3-3 4-5 6-9 8-10 8-11 9-13 11-6 12-4 13-14 14-15 15-15 16-17 17-16 19-18 20-19 21-20 22-24 23-25 23-26 25-21 26-22 28-29 29-28 31-34 32-36 33-30 34-32 35-32 36-37 37-38
0-0 1-1 2-2 3-3 4-4 5-5 6-6 6-7 7-8 9-11 10-12 11-14 12-15 13-15 13-16 14-17 15-18 17-20 18-9 19-9 20-10 21-21 22-22 23-24 24-25 24-26 25-28 25-29 27-31 28-32 29-33 30-34 31-36 32-35 33-37 34-38 35-39 36-38 36-40 37-41 38-43 39-44 41-44 42-45 44-46 46-47 47-49 48-48
0-0 2-2 3-1 4-2 5-4 6-5 7-6 8-3 9-3
0-0 1-4 2-6 3-7 5-8 6-9 7-10 8-11 9-12 10-14 11-15 12-16 13-17 14-18 15-19 17-21 18-20 19-21 20-48 21-44 21-45 22-37 23-40 24-41 25-39 26-34 27-35 28-36 30-33 32-28 33-22 33-24 34-26 35-27 37-23 38-49
0-0 2-1 3-2 4-3 5-4 6-5 7-6 9-8 10-7 11-8 12-16 13-26 13-27 14-29 15-30 16-25 17-19 18-21 18-22 19-24 21-16 22-9 22-11 23-13 24-12 25-14 26-14 27-15 28-10 29-31
0-3 0-4 1-0 2-5 3-6 4-7 5-8
0-0 1-2 1-4 3-5 4-7 6-8 7-9 8-11 9-10 9-15 10-17 11-17 12-18 13-12 14-14 15-19
0-4 1-5 2-1 3-6 5-10 6-15 7-16 8-12 9-13 10-14 12-7 13-8 14-17
0-1 1-2 2-3 3-4 4-5 5-6 6-8 6-9 7-7 8-7 11-10 13-11 14-12 15-14 16-16 17-18 18-19 19-20 20-21 21-21 22-22 23-15 24-15 25-23 26-25 26-26 27-24 29-29 30-30 33-36 34-35 35-33 35-36 36-37
0-1 1-2 2-3 3-4 5-5 7-6 8-7 9-8 10-9 12-10 13-13
0-0 1-1 2-2 2-4 3-6 5-7 5-8 7-9 9-11 10-12 10-13 11-14 12-14 13-15 14-16 15-18 16-19 18-20 18-21 19-21 20-22 22-23 24-37 25-38 26-24 26-25 27-26 27-27 28-28 29-29 30-31 30-32 31-34 31-35 32-39
0-0 1-12 2-11 3-7 4-9 5-4 5-5 6-1 7-2 8-3 10-13 11-15 12-14 13-15 14-21 15-23 17-20 20-19 21-24 22-33 22-34 25-35 26-29 26-30 28-31 30-36
0-0 1-2 2-3 3-4 4-11 5-14 6-13 7-5 8-6 9-8 9-9 10-9 12-7 13-10 14-27 14-28 15-15 16-24 18-16 19-17 21-19 22-18 23-19 25-21 26-23 27-23 29-25 29-29 30-31 31-32 33-26 34-33
0-5 1-3 2-0 3-1 4-2
0-0 1-4 2-6 3-7 5-8 6-9 7-10 8-11 9-12 10-14 11-15 12-16 13-23 14-20 15-24 16-32 17-30 18-28 19-25 20-26 21-17 22-17 23-33
0-0 1-1 2-2 3-8 4-4 5-3 6-5 7-6 8-9 9-11 10-12 11-13 12-13 12-14 13-24 14-25 15-27 16-20 17-21 19-18 20-19 21-16 23-15 24-10 25-28
0-7 1-3 1-4 2-0 2-1 3-10 4-16 5-17 6-12 7-13 9-9 10-18 11-30 11-34 12-35 13-36 14-37 15-37 15-38 16-39 17-40 18-42 18-43 19-44 20-33 21-29 22-26 23-27 24-28 26-20 26-21 27-22 28-23 29-45 31-55 33-47 35-49 36-50 37-48 38-51 39-54 40-53 41-52 42-60 43-61 44-62 45-63 46-64 46-65 47-67 48-70 49-68 50-71
0-3 1-5 2-6 3-4 4-0 5-1 6-9 7-10 7-11 8-11 9-8 11-19 12-20 12-21 13-16 14-13 15-14 16-15 16-17 17-22 18-23 19-25 20-27 21-28 22-29 23-30 24-31 25-32 26-32 27-35 27-36 28-37 29-38 30-39 31-40 32-41 33-42
0-1 1-2 2-5 3-6 4-7 5-4 6-8 7-12 8-14 9-15 10-13 11-9 12-16
0-0 1-2 2-3 3-0 4-4 5-7 7-5 7-8 8-10 9-11 10-12 11-13 12-14 13-15 14-16 14-17 16-19 17-23 18-24 19-22 22-20 22-21 23-18 23-21 24-25
0-0 1-1 1-2 2-3 3-6 4-7 5-9 6-5
0-0 1-4 2-6 3-7 5-8 6-9 7-10 8-11 9-12 10-20 11-21 11-22 12-16 13-17 14-13 15-24 16-25 17-26 18-27 19-23 19-28 20-31 20-32 21-33 22-34 23-35 24-36 25-37 27-40 30-42 31-44 32-45 34-46 35-47 36-52 36-54 37-48 38-56 39-63 40-59 41-68 42-66 43-69 44-61 45-57 45-58 47-50 48-70 51-74 54-71 55-75 56-77 56-78 58-79 60-80 60-82 61-83
0-0 2-1 3-15 4-22 5-23 5-24 6-19 7-16 8-17 9-13 10-14 11-4 12-2 14-3 16-12 17-10 18-7 19-5 20-25 21-30 22-37 23-38 24-34 25-32 26-26 27-27 29-28 31-29 32-39
0-9 1-0 3-3 4-4 5-7 5-8 5-12 7-15 8-16 9-17 10-19 11-21 14-18 15-22 16-23 17-35 18-36 19-32 21-33 23-24 25-30 26-26 27-28 27-29 28-30 29-37 30-38
1-2 2-3 3-0 4-5 5-7 6-8 7-6 8-9 9-10 10-12 11-17 12-18 12-19 13-21 16-13 17-15 18-16 19-22 20-11 21-23 21-24 22-25 22-26 23-28 24-29 25-30 26-31 27-32
0-15 1-0 2-0 3-0 3-1 4-9 5-2 6-3 6-4 7-5 8-6 9-7 10-14 11-16 12-19 13-10 14-21 15-22 16-23 18-24 19-37 20-27 21-28 21-29 23-31 25-33 26-34 27-35 28-47 28-48 29-49 30-50 30-51 31-52 32-53 32-54 33-49 33-55 34-57 35-58 37-37 38-38 39-39 39-40 40-46 42-41 43-42 43-43 44-45 44-46 45-60
0-0 1-13 1-14 3-17 3-18 6-12 7-6 8-2 9-3 10-4 12-7 13-8 14-10 15-11 16-9 17-20
0-0 1-1 3-3 4-6 6-7 7-4 7-8 8-2 9-9 10-16 11-11 12-10 14-12 15-14 18-18 19-19 20-21 21-26 22-27 23-29 24-25 26-23 27-30
0-3 1-1 3-0 4-3 4-8 4-9 5-6 6-5 6-7 7-6 7-10
0-0 1-4 2-6 3-7 5-8 6-9 7-10 8-11 9-12 10-6 10-14 11-15 12-16 13-18 14-19 15-24 17-21 19-20 20-25 21-27 21-28 22-29 23-34 23-36 24-37 25-32 27-31 28-38 29-44 29-46 30-40 31-41 32-47 35-59 36-63 36-64 37-66 38-56 38-57 40-22 40-50 41-49 41-52 41-53 42-65
1-3 2-4 3-5 4-6 5-8 6-14 6-15 7-10 7-11 8-18 9-17 10-25 12-44 12-45 14-41 15-42 16-37 18-25 19-19 19-21 20-23 21-24 22-34 23-26 24-28 25-29 25-30 25-38 26-32 27-33 28-46
0-0 1-1 2-2 2-3 3-4 4-5 5-6 6-8 7-9 8-10 9-11 10-12 11-13 12-14 12-15 13-16 14-26 15-26 15-27 16-17 17-19 17-20 18-21 19-22 19-23 21-28
0-7 1-3 2-4 3-0 4-1 5-9 6-10 7-19 7-20 8-24 9-21 9-23 10-22 12-18 14-12 16-11 17-12 17-17 18-25
0-0 1-9 2-10 4-6 6-8 7-12
0-1 1-3 2-4 2-5 3-6 3-7 4-9 4-10 5-11 6-2 8-12 9-14 11-15 13-16 15-22 16-23 17-24 18-25 19-26 20-27 20-28 21-29 22-19 23-18 25-17 27-30 27-31 28-32 29-37 29-38 30-40 31-42 32-43 33-45 34-46 35-47 36-53 36-54 37-51 37-55 38-57 39-50 40-48 41-59 42-60
0-1 1-2 2-4 2-6 3-7 4-8 4-9 5-10 5-11 6-12 7-12 8-17 9-19 9-20 10-13 11-15 12-15 13-21
0-0 1-1 2-2 2-3 3-6 3-7 4-4 5-8 6-9 6-10 7-11 8-12 9-13 10-20 10-21 11-17 12-16 12-18 13-14 14-22 15-24 16-25 17-27 17-28 18-29
0-0 0-1 1-2 2-3 3-4 6-11 7-7 8-8 9-9 10-11 11-10 12-14 13-15 15-23 15-24 16-25 18-16 19-21 20-17 20-19 21-26 22-27 23-36 23-37 24-32 25-28 25-31 26-29 27-30 28-38
0-6 0-7 1-0 1-2 1-3 1-4 2-8 3-9 3-10 4-11 5-12 6-13 6-14 7-14 8-15 9-16
0-0 1-4 1-5 2-7 3-8 5-17 6-22 6-23 7-24 7-25 7-26 8-27 9-19 9-20 10-16 12-28 13-29 14-30 15-31 16-32 17-33 18-9 19-10 20-11 21-12 21-13 22-13 23-14 24-15 25-34 26-39 26-40 27-41 29-37 30-42
0-0 0-1 1-14 1-15 2-8 3-7 3-8 5-9 5-11 5-12 7-2 8-3 10-4 12-5 13-16 13-17 14-18 15-21 16-23 17-24 18-25 19-27 20-19 21-26
0-13 0-14 1-16 2-17 3-18 4-19 5-20 6-0 7-1 8-2 9-3 10-5 11-6 12-7 13-8 14-9 15-11 16-12 17-41 18-42 18-43 18-44 19-45 19-46 20-47 22-23 23-24 24-25 25-29 26-26 26-30 27-31 28-32 29-34 30-36 31-37 32-39 33-40 34-48
0-1 1-2 2-3 3-4 4-6 5-7 5-8 6-9 6-11 7-10 8-12 10-13 12-7 13-14 14-20 17-17 18-21
0-3 1-1 2-4 3-5 4-6 5-7 6-8 7-7 7-9 8-10 9-11 10-12 11-13 12-14 13-15 14-16 15-17 15-18 17-19
0-4 1-1 1-2 2-1 3-5 4-8 5-6 5-7 6-9 7-10 8-11 9-12 10-13 10-15 10-17 11-20 12-22 13-23 13-24 14-25 15-26 16-26 17-27 18-26 18-28 19-26 19-28 20-29 21-28 21-30 22-30 23-32 24-33 24-36 25-37 26-38 27-41 29-42 29-43 29-44 30-45 31-48 32-54 32-55 33-52 34-50 35-47 37-46 38-56
0-0 1-1 3-3 4-5 4-6 5-8 6-9 7-10 7-11 8-11 9-13 10-14 11-16 12-15 13-17 15-18 17-19 18-19 19-20 20-22 21-21 22-25 23-26 24-23 25-24 26-27 27-28 27-30 28-31 29-32 30-33 31-37 32-38 32-39 33-40 34-41 35-42 36-43 37-47 38-50 39-51 40-52 42-44 43-45 44-45 45-46 46-56
0-0 0-1 1-2 2-9 3-11 4-12 6-6 7-7 8-8 9-4 10-3 13-13 14-15 15-17 16-18 17-20 17-21 18-22 19-23 20-24 21-25
0-0 1-1 2-7 3-8 4-9 5-10 6-5 7-6 8-2 9-3 10-4
0-0 1-4 2-6 3-7 5-8 6-9 7-10 8-11 9-12 10-14 11-15 12-19 13-16 14-20 15-21 16-22 17-30 18-32 19-32 20-33 21-34 22-35 23-26 24-28 24-29 25-23 26-24 27-25 29-36 30-37 30-38 32-44 33-45 34-39 36-42 38-42 41-40 42-46
0-1 1-2 2-3 3-4 4-6 5-8 6-9 8-5 9-10 10-13 10-14 12-19 13-19 14-17 15-16 16-17 17-11 18-20 19-21 20-23 22-24 23-26 24-31 25-32 26-33 27-28 28-29 29-30 30-35 31-34
0-0 1-4 1-5 2-1 3-6 4-8 5-10 6-9 7-13 8-11 9-14 10-17 11-36 12-37 13-19 14-20 15-21 16-25 17-26 17-27 18-22 19-21 20-31 21-33 21-34 23-29 24-30 26-17 27-16 28-38
0-0 0-1 1-3 2-4 3-5 4-8 5-6 6-9 7-14 8-15 9-16 10-11 11-12 12-13 13-17 15-19 16-27 17-31 17-32 18-29 22-26 24-20 26-23 27-23 28-21 29-33
0-1 1-2 2-6 2-7 3-5 5-3 6-10 7-17 8-20 9-18 10-19 11-11 12-14 13-15 14-16 15-12 19-24 21-28 22-29 23-30 23-31 24-27 25-26 26-32 27-34 29-36 30-36 30-39 31-36 32-35 33-37 34-38 35-39 36-40 37-41
0-1 1-2 2-4 2-5 3-7 4-12 5-13 6-9 7-10 9-14 12-15 13-16 14-17 15-18 16-19
0-14 1-16 3-12 5-9 6-11 7-11 9-7 10-6 11-8 13-2 13-3 14-17 14-18 15-17 15-18 16-36 17-33 18-23 19-25 19-26 20-22 21-29 21-30 22-31 23-32 24-27 26-38 27-39 28-40 30-20 31-41
0-1 0-2 1-0 2-3 3-5 4-5 5-6 6-7 7-8 7-9 8-10 10-13 11-13 12-14 13-15 14-16 16-11 17-17
0-4 0-5 1-2 2-6 3-8 4-9 5-10 7-11 9-12 10-13 11-15 12-14 12-15 13-16 14-18 15-19 17-20 18-21 19-33 20-25 21-23 22-24 24-29 25-31 26-32 27-27 28-28 29-26 30-35
1-2 2-2 3-3 3-4 4-5 5-10 6-13 7-15 8-15 9-12 10-16 11-17 12-18 13-19 14-20 16-21 17-7 17-22 18-24 19-26 20-28 21-29 22-23 22-25 23-30 24-31 25-33 25-34 26-39 27-41 28-41 29-42 30-43 31-44 33-36 34-37 36-38 37-45
0-0 1-1 2-2 3-5 3-7 3-8 4-5 4-9 5-3 6-3
0-0 1-4 2-6 3-7 5-9 6-10 7-11 7-12 8-17 9-18 10-20 11-19 12-13 12-14 13-21 14-23 15-22 19-27 19-30 19-31 20-27 20-32 22-24 23-33
0-0 1-1 2-2 3-4 5-12 5-13 6-16 6-17 6-18 8-7 9-8 9-11 10-8 11-3 11-6 12-5 13-19
0-3 1-3 2-3 4-0 5-4 7-8 7-9 11-5 12-6 13-10 14-11 15-12 16-12 17-18 19-14 21-15 22-19 23-20 25-21 27-24 28-25 29-26 30-22 31-27
0-0 1-7 2-8 4-1 6-2 6-3 6-4 8-9 9-11 10-10 11-17 11-18 11-19 12-12 13-14 14-5 16-6 19-20
0-0 1-3 2-1 3-4 4-5 5-6 6-7 7-8 8-11 9-15 10-14 12-12 13-9 13-10 14-16 15-17 16-19 17-23 18-24 19-25 20-26 21-27
0-2 1-3 2-4 3-5 4-6 5-7 5-8 6-14 6-15 7-9 8-10 9-11 10-16
0-3 0-4 1-11 2-12 4-5 5-6 6-7 7-8 8-9 9-3 11-1 12-2 13-13 14-22 15-24 16-25 16-27 16-28 17-16 18-19 19-20 20-21 22-18 23-29
0-0 2-7 3-8 4-1 6-3 7-5 8-6 9-9
0-11 0-12 1-14 5-0 6-7 7-10 9-5 11-9 12-10 15-2 15-4 16-15
0-0 1-1 2-19 2-20 2-22 3-16 4-17 5-11 6-11 6-13 7-10 9-14 10-4 10-6 11-2
0-0 1-4 2-6 3-7 5-8 6-9 7-10 8-11 9-12 10-13 11-14 12-19 13-16 13-17 14-21 15-23 16-24 17-44 17-45 17-47 18-41 19-42 20-36 21-36 21-38 22-35 24-39 25-32 26-28 26-30 27-26 28-48
0-1 2-5 2-7 3-2 4-8 5-9 5-10 6-11 8-12 9-13
0-0 0-1 1-5 2-6 3-7 3-8 4-9 5-10 6-3 7-12 8-22 8-23 9-19 9-20 10-14 10-15 11-16 12-26 13-27 14-17 15-30 16-31 16-32 17-29 18-33 19-63 20-43 21-43 21-44 22-38 22-39 23-40 24-47 24-67 25-48 26-41 27-51 27-52 28-53 28-54 29-50 31-55 32-56 33-60 34-58 35-41 36-64 37-47 37-67 38-48 38-68 39-71 40-54 40-72 40-73 41-50 41-70 43-74 44-92 45-94 46-95 46-98 48-75 48-78 49-78 50-76 52-80 52-81 53-89 55-90 56-91 57-84 57-113 58-86 59-83 61-87 61-116 63-100 63-101 64-102 65-75 66-104 66-109 67-100 67-112 68-117
1-3 2-4 3-5 3-6 3-8 3-10 4-1 5-18 6-22 7-23 8-24 9-25 9-26 10-29 11-20 12-13 13-14 13-15 14-17 18-30 20-1 21-32 22-47 22-48 23-50 24-51 25-34 25-35 26-43 28-44 29-45 30-38 31-38 31-40 32-37 34-41 35-52
2-30 2-31 3-23 3-27 3-28 4-24 5-32 6-33 7-34 7-35 8-36 9-37 10-40 11-16 12-42 12-43 13-44 14-49 15-43 15-50 16-0 16-3 17-6 18-10 18-11 18-12 19-7 20-8 21-14 21-15 21-17 21-19 22-0 23-51 24-68 25-70 26-68 27-54 28-54 29-56 30-65 32-66 33-67 34-60 35-62 36-59 38-63 39-71
1-33 2-35 3-30 4-27 5-28 5-29 6-12 7-22 7-23 8-24 8-25 9-26 10-14 10-15 11-15 12-16 13-18 13-19 14-20 15-20 16-17 18-0 19-1 20-2 21-3 21-4 21-6 21-8 22-9 23-36 24-39 25-39 26-41 26-42 27-50 29-51 30-52 31-45 32-47 33-44 35-48 36-53
0-0 0-1 1-2 2-3 2-4 3-5 4-6 5-7 6-8 6-9 7-11 8-12 9-14 10-15 13-19 14-20 15-22 16-29 17-30 18-24 19-26 20-23 22-27 24-31 25-32 25-35 26-40 27-37 27-38 28-42 31-43
0-18 0-19 0-21 2-15 3-16 4-10 5-10 5-12 6-9 8-13 9-6 11-3 11-5 12-1 14-22 16-28 19-24 20-29
0-0 1-1 2-2 3-3
0-0 1-4 2-6 3-7 5-8 6-9 7-10 8-11 9-12 10-17 12-14 13-13 14-15 15-18 15-19 16-23 17-20 18-24 19-29 20-31 21-26 21-27 22-32 23-39 24-38 25-40 26-33 28-35 28-36 29-41 29-51 30-52 31-44 32-50 33-45 34-47 34-48 35-51 36-53 36-54 37-55 38-57 39-58 40-59
0-0 0-1 1-4 2-2 3-5 4-19 5-6 5-12 6-8 6-16 6-17 7-11 10-7 10-8 10-16 10-17 11-9 12-10 13-10 15-23 15-24 16-32 17-33 18-26 19-27 20-28 21-29 24-20 25-34 26-37 27-38 28-39 32-48 33-47 34-49 35-50 36-40 37-41 37-42 38-44 39-45 40-51
0-0 0-1 1-2 2-14 4-4 6-3 6-7 8-8 10-9 11-10 12-11 12-12 15-5 16-15 17-17 17-18 18-19 20-22 21-23 22-24 23-25 23-26 27-27 28-31 29-31 30-32 31-29 32-34 33-36 34-35 35-37
0-0 1-1 1-2 2-3 3-6 4-7 7-16 8-17 9-13 10-12 11-9 12-18 13-19 13-20 14-23 15-24
0-0 1-1 2-2 3-4 4-6 5-7 7-8 8-9 9-11 10-12 11-13 13-16 16-14 17-20 17-21 18-26 20-17 21-18 22-19 23-30 24-31 25-38 26-37 27-39 28-32 28-34 29-35 30-33 31-40
0-0 1-1 2-4 3-8 4-6 5-9 6-10 9-11 11-12 12-13 14-14 15-19 16-20 17-15 18-16 20-17 21-18 22-21
0-0 1-3 2-1 3-4 4-7 5-8 6-9 7-10 8-16 9-18 10-13 10-14 11-12 12-11 13-20 14-21 15-19 16-30 17-31 18-26 19-27 20-28 21-24 22-25 23-32
0-0 1-1 3-2 4-3 5-7 6-8 7-9 7-10 8-11 8-12 9-14 10-5 11-16 12-17 13-18
0-0 1-5 1-6 2-7 3-8 4-1 5-2 6-3
0-0 1-4 2-6 3-7 5-20 6-21 6-22 6-23 7-24 8-15 9-16 10-17 11-18 13-12 14-10 16-11 18-25 19-28 21-29 23-30 24-31 25-40 25-41 26-42 27-43 28-33 29-34 30-35 31-44
0-6 1-7 2-1 3-2 3-3 4-4 5-5 7-0 8-8 9-10 10-11 11-12 12-14 13-15 14-16 15-17 16-18 16-19 18-30 19-29 21-27 22-28 23-23 24-24 24-25 25-31 26-35 27-37 27-38 28-34 30-33 31-39
0-0 0-1 1-7 2-3 2-5 3-9 4-15 5-16 6-18 6-19 7-8 8-10 9-11 9-12 10-13 10-14 11-20 12-21 13-22 14-25 15-25 16-26 17-26 18-28 19-29 20-35 21-36 22-42 23-43 23-44 24-45 25-37 25-41 26-38 27-39 28-40 29-47 30-48 31-50 31-51 32-52
0-10 0-11 1-7 2-7 4-5 4-6 5-1 6-2 6-3 7-12 8-13 9-14
0-13 0-14 1-14 2-8 4-10 6-0 6-7 7-1 8-2 9-3 10-4 11-5 12-6 13-15 14-16 15-19 15-20 16-22 17-23 18-23 19-25 20-24
0-0 0-1 1-10 2-8 2-9 3-15 4-16 5-16 6-12 7-6 8-7 9-4 10-18 11-19 12-20 13-23 14-25 14-26 15-21 16-22 17-27 18-35 19-28 20-29 21-30 22-32 23-36
0-0 1-1 1-2 2-5 3-8 4-13 5-6 6-9 7-10 7-11 8-14 9-17 10-19 10-20 11-15 12-16 13-21
0-1 1-12 2-9 3-9 4-10 7-3 9-7 9-8 10-6 11-5 12-13 13-14 14-15 15-19 15-20 16-17 16-18 17-16 18-21
0-0 1-1 2-8 3-2 4-3 4-4 6-6 7-6 8-7
0-0 1-4 2-6 3-7 5-8 6-9 7-10 8-10 8-11 9-12 10-18 11-19 12-15 13-20 15-28 16-22 17-29 19-22 21-24 22-24 23-25 24-30 25-31 26-32 27-34 28-35 29-37 31-38
0-8 1-9 2-10 3-11 4-12 5-21 5-22 6-19 7-17 8-14 8-15 9-0 10-2 12-3 13-4 14-5 15-6 15-23 16-43 17-41 18-24 19-25 20-29 21-33 22-34 23-35 24-36 25-37 25-38 26-30 27-31 28-28 30-26 31-27 32-44
0-5 1-4 2-0 3-1 4-3 5-6
0-0 2-1 3-2 4-8 4-9 5-3 5-5 6-10
0-7 0-8 1-9 2-5 2-10 3-0 3-3 4-1 4-2 5-11 6-16 7-18 8-19 9-20 10-14 11-15 12-21 13-22 15-23 16-34 16-35 17-28 18-29 19-30 20-31 21-32 23-24 24-25 26-41 27-40 28-37 30-38 31-39 32-42
0-0 1-1 2-2 2-3 3-5 4-4 5-6 6-7 7-8 9-9
0-6 1-0 2-2 3-3 4-7 5-8 7-9 9-13 9-14 10-15 10-16 11-17 12-18 13-19 14-20 16-10 18-21
0-0 1-3 1-4 1-5 2-8 3-1 4-9 5-19 5-20 6-17 7-14 7-15 8-10 8-13 9-11 9-12 10-22 11-23 12-24 13-25 14-26 15-27 16-33 16-34 17-35 18-38 19-39 20-40 21-42 23-36 24-28 26-29 28-30 29-43
0-0 2-1 2-2 3-3 3-4 4-9 5-5 5-7 6-10 7-11 8-17 9-22 10-18 11-19 11-20 13-15 13-16 14-12 15-13 16-23 17-25 18-27 19-28 21-29 22-30 22-31 23-32
0-5 1-6 1-7 2-8 3-13 4-14 5-15 6-16 6-17 7-18 8-19 9-11 10-12 12-1 14-2 15-3 17-20 17-21 18-22 19-23
0-0 1-13 2-15 2-17 3-10 3-11 4-8 5-6 6-2 7-3 8-4 9-5 10-18 11-27 11-28 12-34 13-26 14-22 14-24 15-21 16-19 17-20 18-36 18-37 19-30 20-29 21-31 21-32 22-33 23-38 23-41 23-55 24-40 25-47 26-44 27-45 28-48 29-51 30-53 30-54 31-49 32-50 33-56 34-58 35-59 36-60 38-57 40-62 41-65 42-70 42-71 44-67 46-63 47-64 48-72
0-3 1-1 3-0 4-4 5-6 6-7 7-8 8-9 9-10 10-11 11-18 11-19 13-14 14-15 15-16 16-17 17-20 18-24 19-26 19-27 20-22 21-21 22-23 23-28
0-0 1-1 2-2 3-3 4-5 5-8 6-6 6-9
0-0 1-4 2-6 3-7 5-12 6-9 7-10 8-16 9-13 10-17 11-18 12-19 13-24 14-26 15-26 16-26 17-27 18-20 19-21 21-23 23-28 24-29 25-36 26-38 27-39 28-33 29-34 30-32 30-35 31-40
0-0 2-1 3-2 4-4 5-14 6-11 7-12 8-5 9-6 10-7 12-8 13-18 14-22 15-24 16-24 17-26 18-27 19-25 19-28 20-20 21-15 22-17 23-4 24-3 26-29
0-4 1-6 3-1 4-7 5-8 6-9 7-10 8-11 9-13 10-15 11-12 12-12 13-16 15-17 16-18 16-19 17-20 18-22 21-23 22-24 23-25
0-0 1-4 2-5 3-1 4-2 5-6 6-10 7-11 8-7 9-8 11-13 11-14 12-16 13-15 14-17 15-18 16-12 16-19 17-20 17-22 18-23
0-0 0-1 1-2 2-3 3-4 4-5 5-6 6-9 7-15 8-17 9-16 11-14 12-10 13-11 13-12 14-12 14-13 16-18 18-32 19-19 19-20 20-27 20-28 22-21 23-22 24-23 25-24 26-33
0-18 1-26 2-24 3-22 4-19 5-20 6-21 7-21 9-17 11-11 12-13 13-14 14-8 15-9 17-0 18-6 20-2 21-4 22-5 23-27
0-3 1-4 2-2 3-0 3-1 4-7 5-6
0-0 1-4 2-6 3-7 5-8 6-9 7-10 7-11 8-11 9-13 10-14 11-15 12-16 12-17 13-18 14-19 15-25 16-26 17-27 18-28 18-29 19-30 20-21 21-22 22-20 23-32 24-34 25-33 26-31 27-35 29-37 30-36 31-38 32-49 33-50 33-53 33-54 34-50 36-51 37-56 38-44 39-43 40-45 40-47 41-40 41-41 42-55
0-4 0-5 1-2 3-0 4-6 5-7 6-8 7-16 8-17 8-18 10-11 11-15 12-9 14-23 15-24 17-25 19-29 20-30 21-26 24-27 25-32 27-20 28-21 29-31
0-7 0-8 1-3 1-5 2-1 4-10 5-11 6-16 6-17 7-12 7-14 8-20 9-20 10-19 11-27 13-27 13-28 14-22 15-23 16-24 17-29
0-4 1-2 2-0 3-5 4-7 5-8 6-6 7-9 9-14 12-17 12-19 14-12 15-20
0-1 1-1 1-2 2-0 3-8 4-16 5-17 5-19 6-12 6-13 7-10 9-6 9-13 10-5 11-7 11-20 12-24 12-28 13-25 14-26 15-23 15-29 16-31 16-37 17-31 17-33 17-36 17-37 18-38 19-46 20-39 21-41 22-44 23-42 24-47
0-0 1-0 1-1 2-3 2-4 3-6 4-11 5-7 6-8 7-9 8-12 9-13 10-15 10-18 11-20 12-21 13-22 14-22 15-16 16-26 19-29 20-24 21-27 22-28 23-24 24-30
0-5 1-0 2-1 3-2 4-3 5-6 6-9 7-11 7-12 8-7
0-0 1-4 2-6 3-7 5-8 6-9 7-10 8-11 9-13 10-14 11-15 12-21 13-16 14-17 15-18 16-19 17-23 20-22 21-24 22-44 23-45 24-45 24-46 26-43 28-29 29-42 30-39 30-40 31-35 32-36 33-37 34-30 34-31 34-32 35-26 36-27 37-33 39-47 40-54 41-58 42-59 42-60 42-61 43-63 44-56 45-51 47-53 48-50 49-48 50-48 51-49 52-62
0-0 0-1 1-2 2-3 3-7 4-8 4-9 4-10 5-11 6-12 7-21 7-22 7-25 8-19 9-13 9-18 10-14 11-15 12-16 13-17 15-26 16-28 16-30 17-27 17-30 18-35 19-36 20-37 22-32 24-34 27-38
0-0 0-2 1-6 2-3 2-6 3-1 5-7 6-14 6-15 6-18 7-9 7-11 8-12 9-25 11-26 12-27 13-28 14-30 15-31 15-32 19-19 20-20 20-36 21-23 22-23 22-24 24-34 25-39 26-38 27-38 28-40
0-0 1-1 2-2 3-9 3-11 4-3 5-4 6-6 8-7 9-12 10-13 11-14 11-15 12-17 13-17 14-16 15-18 16-19 17-19 17-20 18-27 18-28 18-31 19-36 19-38 20-34 22-21 23-22 23-23 23-24 24-25 25-39
0-0 1-1 2-2 3-3 4-4 4-5 6-17 6-18 7-13 7-14 8-10 9-9 10-19 11-28 12-25 13-29 14-30 15-31 15-32 15-33 16-35 18-26 20-24 21-24 22-34 23-40 24-43 25-42 26-44 27-47 28-36 29-37 30-38 31-48 32-48 33-52 34-54 35-57 36-58 36-59 36-60 37-62 38-50 40-51 41-61
0-4 1-17 2-14 2-15 3-10 4-11 5-12 6-5 6-6 6-7 7-1 8-2 9-8 10-0 11-19 13-20 13-21 15-23 16-22 18-26 19-28 19-29 20-24 21-30
0-1 1-2 2-6 3-8 4-3 5-5 6-9 7-10 8-15 9-19 10-16 10-19 11-11 13-13 14-13 17-14 18-20
0-1 1-2 2-12 3-11 4-7 4-9 5-4 6-5
0-0 1-4 2-6 3-7 5-8 6-9 7-10 8-11 9-13 10-14 11-15 12-16 13-22 14-23 15-18 16-19 17-24 18-26 19-27 20-28 20-29 21-30 22-31 23-33 25-34 26-47 27-44 28-45 29-39 29-41 30-36 31-37 32-49 33-48
1-3 2-7 3-9 4-10 5-11 5-12 7-6 7-13 8-17 9-18 10-20 11-20 11-21 11-23 12-15 13-24 14-26 15-32 16-33 17-34 19-28 19-29 20-39 21-40 21-41 23-38 24-38 25-35 26-44 28-37 29-45
0-9 0-11 1-3 2-6 3-4 4-7 6-1 7-12 8-14 9-19 10-20 11-22 11-23 12-26 13-27 14-28 14-29 15-17 16-24 17-13 18-46 19-45 20-32 22-33 23-34 24-35 25-36 25-37 26-41 27-42 28-39 28-43 29-47 30-49 31-50 31-51 32-55 33-60 34-61 35-57 36-58 37-62 38-67 39-68 39-69 42-53 44-54 45-70
2-1 4-2 5-3 6-4 6-5 7-6 8-7 9-8 10-9 11-10 12-10 13-11 14-17 14-18 15-13 16-14 17-19 18-20 19-21 20-22 20-23 21-27 21-29 22-25 23-30 24-31 25-32
0-0 1-1 3-2 4-3 6-14 7-13 8-9 9-10 9-11 10-12 11-7 12-5 13-15 14-16 15-17 15-18 16-19 17-21 18-22 19-23 20-25 21-24 24-26 25-27 26-29 27-27 28-30 29-42 30-38 30-39 31-33 32-34 32-35 33-31 34-44 35-31 36-43
0-0 0-1 1-2 2-8 3-4 4-5 4-10 5-11 6-12 7-13 8-14 8-15 8-21 9-22 10-24 12-25 13-17 13-18 14-19 15-20 16-26
0-0 1-2 2-5 2-7 3-9 3-10 4-11 5-12 6-10 6-12 7-13 8-14 9-14 9-15 10-16 11-20 12-17 13-18 14-19 15-23 16-24 17-25 18-26 18-27 19-29 20-30 20-32 22-34 23-35 25-36 26-37 27-38
1-1 2-3 2-4 3-5 4-5 6-0 7-10 8-9 9-15 10-15 10-16 11-13 12-11 13-12 14-17 15-21 16-27 17-22 18-23 19-20 19-24 20-18 21-19 22-20 24-39 25-37 26-36 27-36 29-29 30-30 31-32 32-33 33-40 34-47 34-48 34-49 35-50 36-49 36-51 36-52 37-53 38-54 38-55 39-44 40-41 41-42 42-43 43-60 44-57 45-58 46-61
0-0 1-1 2-12 3-13 3-14 4-8 5-9 6-16 7-17 8-6 9-18 10-24 11-22 11-23 12-19 12-21 13-20 15-26 17-27 19-28
0-0 1-2 2-3 4-1 5-5 6-6
0-0 1-4 2-6 3-7 5-8 6-9 7-10 8-11 9-12 10-4 10-14 12-15 13-16 14-31 15-25 15-27 15-29 16-21 17-22 18-19 20-20 21-17 22-32 23-33 23-34 25-35 26-37 27-39 28-40 30-38 31-43 32-42 33-36 33-44 34-41 35-46 36-62 38-47 38-48 38-64 39-49 40-50 41-51 42-52 43-53 44-54 44-55 45-56 46-57 47-58 47-59 48-60 49-45 50-63 51-69 53-64 53-65 54-66 54-67 55-70
0-1 1-2 2-3 3-11 4-8 5-9 6-5 6-6 7-13 8-15 9-16 9-17 10-18 10-19 11-20 12-23 13-25 15-26 16-21 17-22 18-27
0-1 1-2 1-3 2-4 3-5 4-6 5-8 6-9 7-10 8-11 9-12 10-16 11-17 12-18 13-18 14-19 15-20 16-21 16-22 17-23 18-24 19-22 19-25 20-26 21-27 22-28 23-29 24-30 24-31 26-32
0-1 1-2 2-3 3-4 4-5 6-6 7-10 8-9 9-7 9-8 10-12 11-13 12-19 13-20 14-21 15-23 16-24 17-17 18-15 19-16 20-25 21-26 22-29 22-30 23-31 24-32 26-33 27-42 27-43 28-44 29-45 30-46 31-40 32-41 33-38 34-39 35-47
0-1 1-2 2-9 3-10 4-11 5-12 6-13 7-14 8-15 9-17 10-18 11-19 11-20 12-6 13-7 14-4 14-5 15-21 16-22 17-23 18-24 18-25 19-26 19-27 20-28
0-1 1-2 2-3 3-22 4-15 5-16 6-17 7-19 8-20 9-14 11-5 12-6 13-7 14-9 14-10 14-11 15-12 16-23
0-1 1-2 2-5 2-6 3-8 3-9 4-17 6-15 7-11 8-12 10-13 11-14 12-18 13-19 14-20 15-22 15-23 16-24 17-25 18-26 20-30 20-31 21-33 22-35 23-38 24-40 25-41 26-42 27-43 28-36 29-37 31-44 32-45 33-46 33-48 34-49 35-50 36-51 37-52 38-53 39-54 39-55 40-61 41-62 42-60 43-57 44-63
0-4 1-5 2-1 2-24 3-9 4-10 5-12 7-13 8-14 9-15 10-16 12-22 13-20 14-17 16-18 19-25 21-27 21-28 22-29 23-30 24-31 25-32
0-0 1-1 2-11 2-12 3-8 4-4 5-5 6-6 7-6 8-7 9-2 10-13 11-15 11-16 12-18 12-19 13-20 13-22 15-17 16-23
0-0 1-3 2-4 3-5 4-6 6-7 6-15 7-16 8-12 9-14 10-10 12-11 14-17 14-18 15-18 15-22 16-19 17-23
0-0 1-2 1-3 1-5 2-6 3-9 4-8 5-10
0-0 1-4 2-6 3-7 5-8 6-9 7-10 8-11 9-12 10-22 11-24 11-25 11-27 12-42 14-39 14-40 16-45 17-46 18-47 19-30 20-35 21-37 22-31 23-32 24-33 25-13 26-18 26-19 27-20 28-15 29-16 30-28 31-52 32-51 33-55 34-57 35-58 37-53 38-54 39-61 40-59 40-60 42-63 43-64 44-65 45-66 46-68 47-70 48-72 48-73 48-75 49-57 50-58 51-76 52-77 53-78 54-64 54-80 55-81 57-82 58-86 59-87 60-85 61-91 61-92 61-94 62-92 62-95 63-96 64-99 65-97 66-98 67-88 68-89 69-103 70-105 71-106 72-100 73-101 74-107
0-0 0-1 1-2 2-40 3-42 5-26 5-27 6-32 7-36 7-37 8-32 8-34 9-29 11-24 13-13 14-14 15-16 16-17 17-19 17-20 18-21 19-23 20-22 22-10 23-5 24-7 25-8 26-43
0-4 1-1 2-0 2-2 3-6 4-16 5-18 5-19 5-21 6-20 8-14 9-10 10-11 12-7 14-22
1-10 1-11 2-7 3-8 4-3 5-4 6-0 7-1 8-12 9-24 9-25 10-26 11-27 11-28 12-29 13-21 13-22 14-17 15-18 16-14 16-15 17-13 18-31 19-43 20-44 20-45 21-45 21-46 22-47 23-39 24-40 25-41 26-36 27-32 28-32 28-33 28-34 29-49 30-50 30-51 32-52 33-53 34-55 34-56 34-58 35-60 36-59 37-61 38-63 39-66 39-67 40-68 41-74 42-75 43-60 43-70 44-71 45-76 46-77 47-78 48-79 49-80 50-100 51-101 52-102 53-103 54-70 54-85 54-107 55-108 56-105 57-48 58-99 59-82 61-92 62-94 62-95 62-97 65-85 65-107 66-86 67-87 68-88 69-89 70-90 71-109
0-0 1-1 2-2 3-4 4-11 5-12 5-13 6-8 7-8 7-9 8-6 9-14 10-15 11-24 12-25 14-20 15-21 16-17 17-18 18-26 19-27 19-28 20-30 22-31 23-32 24-33 25-34 26-35 27-36 28-42 29-43 31-49 32-50 33-51 34-52 35-53 36-55 36-60 37-56 37-61 38-58 38-59 39-60 40-61 41-63 42-64 43-65 43-66 44-47 45-45 46-46 47-38 48-39 49-67 49-68 50-69 51-75 52-76 53-78 54-79 55-71 56-72 57-73 58-81
0-2 0-3 1-43 3-8 4-9 5-10 6-11 7-12 8-14 9-15 10-16 11-17 12-18 13-19 14-20 15-23 15-24 16-25 17-21 18-26 19-33 20-34 20-36 21-29 22-27 23-38 24-39 25-40 27-5 28-46 29-47 30-50 31-60 32-61 34-51 35-52 36-53 37-54 38-55 39-62
0-0 1-4 2-2 2-3 2-4 4-5 5-6 6-6 7-8
0-0 1-4 2-6 3-7 5-8 6-9 7-10 8-11 9-12 11-14 12-15 13-16 14-22 15-17 15-19 16-23 17-36 18-39 19-40 20-42 21-41 21-42 22-44 23-45 24-24 25-31 26-31 27-29 27-30 27-31 28-32 29-25 29-26 30-35 31-46
0-6 1-7 2-8 3-1 4-2 4-3 5-9 6-11 7-13 8-12 9-15 10-16 11-20 12-21 13-22 14-22 14-23 15-24 15-25 15-31 16-19 17-26 18-37 18-48 19-38 20-27 22-30 22-31 23-29 24-34 25-36 28-39 29-48 30-50 31-49 32-43 33-44 33-46 33-47 34-44 34-47 36-40 37-41 38-42 39-51 40-52 41-54 42-55 43-53 45-56 46-75 47-78 48-76 50-63 51-64 52-65 53-66 54-67 55-68 56-69 57-70 59-71 60-72 61-73 62-74 64-80 65-81 65-82 66-86 67-88 67-89 68-90 69-84 70-83 72-91
0-0 1-1 2-2 3-5 4-6 5-7 5-8 7-17 7-18 7-19 8-14 10-9 10-10 10-11 11-12 12-13 13-13 15-20 16-25 17-26 18-21 20-23 21-24 22-27 23-29 24-30 25-31 26-33 27-34
0-15 1-32 2-31 3-17 4-18 5-19 6-20 7-5 7-6 7-7 8-8 9-26 9-27 10-14 10-29 11-15 13-0 13-1 14-2 15-11 16-12 17-14 17-29 18-21 19-4 21-5 21-22 21-24 22-8 22-25 23-33
0-2 1-0 4-5 5-8 6-9 6-10 7-6
0-0 1-4 1-15 2-6 3-7 5-8 6-9 7-10 8-11 9-12 10-0 10-24 11-24 11-25 12-20 13-17 14-18 15-13 16-14 17-15 18-28 20-36 21-40 22-41 23-34 23-42 24-38 25-34 26-32 27-49 28-52 29-53 29-54 30-32 30-48 31-49 32-50 33-29 33-30 34-55
0-1 0-3 1-2 2-9 3-11 4-19 5-20 6-12 7-13 8-14 9-15 10-16 12-4 15-7 17-8 18-21
0-0 1-1 2-6 3-7 4-10 4-12 5-2 6-4 7-5 8-13
0-0 1-1 3-6 4-8 5-7 7-2 8-3 8-4 9-9 10-11 11-13 12-14 13-15 15-16 16-19 17-21 18-22 19-27 20-29 21-30 23-24 24-25 25-26 26-31
0-0 0-1 1-2 2-5 2-6 3-3 4-7 5-9 5-10 6-8 7-11
0-0 1-1 2-2 3-4 4-5 5-6 6-3 7-7 8-8 8-9 9-10 10-12 11-14 11-15 12-16 13-21 14-22 15-19 17-18 18-23
0-1 1-4 2-5 3-4 4-3 5-9 6-11 7-12 8-15 9-14 10-17 11-18 12-19 13-21 14-23 15-24 16-27 17-26 17-28 18-29 19-30
0-1 0-2 1-3 2-4 3-5 4-6 5-7 6-8 7-9 8-11 9-12 10-14 11-15 12-16
0-0 1-1 2-3 3-5 4-2 6-7 7-10 7-11 7-12 8-8 9-9 11-13
0-0 1-1 3-7 5-2 8-4 10-5 11-10 13-13 14-11 15-14 16-16 17-21 18-22 18-23 19-19 20-24
0-0 1-12 2-16 3-15 4-14 5-4 6-5 7-6 8-1 8-3 9-7 11-9 12-9 14-10 15-11 16-19
0-0 1-2 3-3 4-4 5-6 6-5 7-7 8-12 9-13 10-14 11-8 11-10 12-9 15-15
0-0 1-1 2-1 3-2 4-8 5-3 7-4 8-5 9-6
0-0 1-4 2-6 3-7 5-8 6-9 7-10 8-11 9-12 10-15 11-16 12-16 13-13 14-14 15-17 16-18 17-37 17-39 18-33 18-34 19-30 19-31 20-27 21-23 23-24 24-26 25-19 25-22 26-20 26-21 27-40
0-0 1-2 2-1 5-12 6-13 7-14 8-15 8-16 9-17 9-18 10-7 11-9 12-8 12-9 13-4 14-5 15-29 16-30 17-21 18-25 20-26 21-28 22-23 23-31
0-4 1-4 2-6 3-0 4-1 6-2 7-8 8-7 9-9 10-10 11-11 12-12 12-14 13-15 14-16 15-17 16-18 16-19 17-21 18-22 18-23 19-23 20-24 20-25 21-26
0-4 1-1 3-0 4-5 5-7 6-6 7-11 8-8 9-12
0-0 1-1 2-2 3-3 3-5 4-6 5-7 7-9 8-12 9-14 9-15 10-17 11-17 11-19 13-8 14-20 15-22 16-23 17-29 17-30 18-31 19-32 20-33 21-34 22-35 22-36 23-37 24-38 25-39 25-40 26-41 26-44 27-42 27-45 28-40 28-43 29-44 29-47 30-42 30-45 32-47 33-48 33-49 33-51 34-48 35-50 36-51 37-52 38-53 39-54 40-54 42-24 43-25 44-27 45-55 46-56 46-58 47-59 48-60 49-62 50-57 51-61
0-0 1-1 2-3 2-4 3-6 3-8 4-9 5-10 6-11 8-14 8-15 9-16 9-17 10-13 11-18
0-0 1-1 1-2 2-3 3-4 4-5 5-6 7-8 8-9 9-10 10-15 11-19 12-16 12-18 13-17 14-11 15-12 16-13 18-14 19-20 20-21 21-23 22-24 23-25 24-33 25-35 26-36 27-29 28-30 29-34 30-31 31-26 31-27 32-37
0-1 1-4 2-6 4-7 5-13 6-9 7-26 8-27 9-14 10-17 11-18 12-19 13-20 14-21 16-22 16-23 17-23 19-23 20-24 21-8 22-10 23-11 24-11 26-12 27-28
0-0 1-1 2-2 3-6 4-13 5-9 6-7 8-10 9-3 10-5 11-14
0-8 0-9 1-1 3-3 3-4 4-5 4-6 5-10 6-13 7-14 7-15 8-20 9-17 10-18 11-21 11-22 12-24 13-25 14-26 15-27
0-5 1-2 1-3 2-0 3-6 4-7
0-0 1-4 2-6 3-7 5-8 6-9 7-10 8-11 9-12 10-28 10-30 10-31 11-26 12-22 13-15 13-18 14-16 14-17 15-19 15-20 16-13 17-23 18-25 19-34 20-42 21-43 21-44 22-38 23-39 23-40 24-35 25-36 26-46 27-45 28-47 29-49 30-52 30-56 31-53 31-54 33-66 34-67 35-69 36-71 36-72 37-65 38-73 39-75 40-80 41-81 42-77 44-57 45-58 46-64 47-65 49-59 50-60 51-61 52-82
0-11 1-0 1-3 2-4 3-6 3-8 3-9 4-10 5-12 6-13 7-17 7-18 8-19 9-21 9-23 11-27 12-28 13-26 14-22 16-24 16-25 17-29 18-30 20-36 21-37 22-38 23-35 24-31 26-33 28-34 29-39
0-0 0-1 1-2 2-3 3-4 4-5 4-6 5-7 6-10 8-15 9-16 10-17 11-18 12-19 13-20 14-21 15-22 16-12 17-13 18-23
1-17 1-19 1-20 2-14 3-12 3-13 4-1 5-0 6-2 7-4 8-3 9-5 10-9 11-9 12-11 13-7 14-6 16-15 17-21
0-1 0-2 1-3 2-4 3-5 4-6 5-7 6-9 7-13 9-14 11-14 13-15 14-16 15-18 16-10 16-12 17-11 18-17 20-37 20-39 20-40 21-34 24-19 26-28 27-28 27-30 28-27 29-31 30-32 31-33 32-26 33-21 33-22 34-22 35-23 36-24 37-25 39-43 43-60 43-61 44-45 45-50 46-51 47-52 48-51 48-53 49-54 50-55 51-56 53-47 54-47 55-48 56-62
0-0 0-1 1-3 2-4 3-11 4-20 5-14 6-17 6-18 7-5 8-7 9-8 10-9 12-6 13-13 14-12 15-21
0-1 1-5 2-4 3-6 4-8 5-8 6-16 7-17 8-9 9-10 10-11 11-13 12-20 13-22 14-23 15-24 16-25 17-26 18-31 18-32 19-28 19-29 20-34 21-38 22-39 23-36 24-40 25-42 25-43 26-44 28-48 29-49 29-50 30-36 32-52 33-54 36-55 38-56 39-57
0-0 0-1 1-2 4-3 5-6 5-7 6-8 7-9 7-10 8-11 9-12 10-17 11-19 12-14 13-15 14-16 15-23 17-21 18-30 19-31 19-32 20-24 21-25 22-27 22-28 23-29 24-33 25-34 26-35
0-0 1-1 1-2 2-3 3-5 4-6 5-8 5-9 6-12 7-14 8-10
0-0 1-4 2-6 3-7 5-8 6-9 7-10 8-11 9-12 10-29 11-30 12-31 13-31 14-27 15-24 17-17 18-19 19-20 20-20 22-14 24-15 25-28 26-32 27-42 27-44 28-37 29-39 30-40 31-34 32-36 33-45 34-46 35-47 37-48 38-49 40-45 42-59 43-61 44-60 45-55 45-57 47-53 48-62
0-1 1-2 2-3 3-5 4-6 5-8 6-9 7-11 8-13 9-15 10-16 11-18 12-20 13-33 13-34 15-23 16-24 17-25 18-27 19-28 21-29 23-17 24-35 25-37 26-39 27-40 28-42 29-44 30-45 31-46 32-47 33-48 34-49 35-52 36-53 37-54 38-56 39-57 40-55 41-62 42-66 43-64 44-67 45-69 46-70 47-61 48-59 49-71
0-1 1-2 2-3 2-4 3-6 4-8 5-9 6-15 7-17 8-18 8-19 9-19 10-11 11-20 12-21 13-23 14-25 15-26 16-27 17-28 18-31 19-32 19-33 20-29 21-30 22-34 23-35 24-42 25-44 26-43 27-39 28-40 29-36 30-37 31-38 32-45 33-49 34-47 35-56 36-58 37-59 38-60 39-61 41-53 42-54 43-55 44-62
0-1 1-2 2-2 3-4 4-5 5-7 7-12 8-13 9-15 10-16 11-6 11-8 12-9 13-10 15-17 17-18 19-19 20-19 21-21 22-23 23-26 23-27 24-28 25-29 26-30 27-31 29-24 30-25 31-32
0-1 1-2 2-3 3-4 4-6 5-7 6-9 7-10 7-11 9-12 11-13 12-14 13-15 14-27 15-28 16-30 17-31 18-25 20-16 20-17 21-19 22-20 23-21 25-32 26-35 27-44 28-45 29-37 30-41 31-41 32-36 32-39 33-38 34-42 35-46
0-0 1-1 3-3 4-2
0-0 1-4 2-6 3-7 5-9 6-10 6-12 7-16 8-13 9-17 10-20 10-21 11-19 12-22 14-23 14-25 15-26 16-24 17-18 17-30 17-41 18-31 19-29 20-28 21-34 21-35 23-37 24-32 25-41 26-43 26-46 27-33 27-38 28-39 28-40 30-47
0-0 1-2 1-3 2-9 3-10 3-11 4-7 5-6 6-5 7-12 8-18 9-14 10-13 11-15 11-16 12-19 13-19 14-20 15-25 15-26 16-22 17-23 20-27
0-6 0-7 3-0 4-5 6-1 6-3 7-2 8-8 9-13 10-9 11-10 12-11 13-15 14-16 16-20 17-19 18-18 19-21 20-22 21-24 23-25 24-30
0-1 1-2 2-8 3-3 3-5 4-6 5-4 7-18 8-17 9-18 10-19 11-15 12-14 13-12 14-13 15-9 16-20 17-26 18-27 19-28 21-23 23-36 24-34 25-30 26-31 26-33 27-37
0-1 1-2 2-3 3-4 4-5 5-6 7-7 8-8 9-9 10-13 11-11 12-14 13-19 14-15 15-16 15-17 16-20 17-21 18-22 19-23
1-11 2-12 3-0 4-9 5-6 7-4 8-5 9-2 11-13 12-10 13-29 14-25 14-26 14-29 15-19 16-15 17-16 18-17 20-20 21-22 22-30 23-40 23-41 24-35 25-32 26-37 27-33 28-34 29-31 31-42 32-51 33-53 33-56 34-45 34-46 35-47 36-48 37-49 38-50 39-49 40-57
0-2 1-0 2-3 3-5
0-0 1-4 1-5 2-7 3-8 5-9 6-12 7-13 8-17 9-14 10-18 11-28 12-30 13-31 14-25 15-26 16-21 17-22 19-19 21-20 22-32 23-33 24-34 24-35 25-37 26-38 27-39 28-41 29-42 29-43 30-44 30-45 31-48 32-49 33-46 34-50 35-51 36-52 37-53 38-55 38-56 39-57 40-58 41-60 42-59
0-1 1-2 1-3 2-4 3-6 4-7 5-9 5-10 6-11 7-12 8-14 9-15 11-16 12-17 13-19 15-20 16-21 18-22 19-23 20-25 21-26 22-26 23-28 25-29
1-1 2-2 5-4 6-5 8-9 9-10 11-11 12-7 13-8 14-12
0-4 0-5 1-1 2-2 4-7 5-9 6-15 7-10 7-11 8-12 8-13 9-16 10-17 11-24 13-18 14-25 16-19 16-20 17-21 17-22 18-26 19-29 20-30 21-30 22-31 22-32 23-33 23-34 24-35
1-1 2-2 3-3 4-4 5-6 6-7 6-8 7-9 8-10 9-11 10-13 10-14 11-15 11-16 12-17 13-18 14-19 15-20 16-21 17-26 18-26 19-27 20-22 20-25 21-23 22-28
0-9 1-9 1-10 2-4 3-5 4-0 5-1 6-11 6-12 7-12 9-47 10-49 11-52 11-53 11-55 12-52 14-45 16-15 17-16 19-17 19-31 21-23 21-24 22-21 23-24 24-26 26-29 27-30 28-27 29-31 31-39 32-40 33-36 34-37 35-38 36-38 38-33 39-35 41-56
0-0 1-3 2-2 2-4 3-8 4-6 6-9 7-15 8-11 9-12 9-13 10-19 10-20 11-18 12-21 13-23 14-24 15-25 16-27 17-28 17-29 18-38 19-30 20-31 21-32 22-33 23-34 24-35 24-37 25-36 26-37 27-39
0-1 1-2 2-3 3-10 3-11 4-5 5-6 6-7 6-8 7-12 8-14 9-15 10-16 11-17 12-18 13-20 14-32 15-28 16-29 17-30 18-24 19-25 20-33 21-39 21-40 22-34 22-37 23-38 24-42 25-41 26-43 27-44 28-35 29-45 30-45 31-47 31-48 32-50 33-49 35-51 36-52
0-0 3-1 4-2 5-7 6-8 7-4 8-5 9-6 10-3
0-0 1-4 2-6 3-7 5-8 6-9 7-10 8-11 9-12 11-14 12-15 13-16 14-17 15-18 16-25 17-26 18-19 20-20 20-21 20-22 21-43 22-39 22-40 23-44 24-49 25-48 26-46 27-45 28-27 29-27 31-29 32-30 33-31 34-32 35-33 36-34 38-28 40-35 41-36 42-50
0-0 2-1 3-2 4-3 6-5 7-5 8-4 11-6 12-7 13-9 14-10 15-11 17-15 17-16 17-17 18-19 19-21 19-23 20-25 21-26 22-30 23-27 24-28 25-28 26-32
0-1 0-2 1-4 2-9 3-5 4-7 5-6 7-8 8-8 9-10 11-13 12-11 13-14
0-1 1-2 2-3 3-6 4-7 5-8 6-10 7-4 7-5 8-4 8-5 9-11 10-12 11-13 12-13 13-14 14-15 15-16 18-17 21-18 22-19 23-20 24-20 29-23 29-24 30-25 31-27 32-26 33-28 34-29 35-30 36-32 37-31 38-33 39-34 40-35 41-36 42-37
0-0 0-1 1-6 2-7 2-8 3-3 4-9 5-11 6-12 8-13 10-14 11-15 12-23 13-24 13-25 15-20 16-16 17-18 17-19 18-19 19-26 20-27 21-28 22-29 23-31 24-33 26-37 26-38 27-39 28-40 29-34 30-35 31-36 32-36 33-41
0-0 1-1 2-2 3-3 4-8 5-9 6-5 7-6 8-10
0-0 1-1 2-3 4-4 5-9 5-10 6-11 7-6 8-12 9-13 10-13 11-19 12-20 13-22 13-23 14-24 15-17 15-21 16-15 17-16 18-34 20-32 22-33 23-33 24-30 25-25 26-29 27-29 28-29 29-26 30-28 31-34 32-35 33-46 34-47 35-42 36-43 37-47 38-36 39-37 40-39 41-38 42-48 43-49 43-50 44-52 45-53 47-54
0-1 1-2 2-4 3-12 4-13 4-14 5-13 6-7 6-8 7-10 8-11 9-5 10-15
0-1 1-7 1-8 2-4 3-3 3-5 4-9 7-14 9-25 9-26 10-24 11-20 11-21 12-21 12-22 12-23 14-17 15-18 17-27 19-29 20-30 21-31 22-33 23-33 24-33 25-34 26-35 28-36 29-45 30-46 32-40 33-42 33-43 35-38 37-39 38-47
0-0 1-4 1-5 2-1 3-2 5-6 6-7 7-8 8-9 9-10 9-16 10-17 10-18 12-10 14-13 14-14 16-12 16-15 17-19 17-22 18-23 19-21 21-24 22-24 23-25 25-26 27-29 28-28 30-30 32-35 34-46 34-47 35-42 36-42 38-37 38-43 39-31 40-32 41-33 42-34 43-48
0-0 1-1 2-8 2-16 3-18 4-14 5-2 6-3 6-4 7-5 9-10 10-12 11-13 13-19 14-21 15-32 16-39 17-37 18-33 19-34 21-35 24-35 25-35 27-22 27-23 28-29 29-29 30-25 31-25 31-26 31-30 32-40
0-0 1-1 2-12 3-8 4-8 4-9 6-3 7-4 8-13 9-18 10-20 11-17 12-16 14-22 15-24 17-25 18-26 19-27 20-28 22-30 23-30 25-31 25-34 29-33 30-35
0-0 1-8 2-9 4-4 7-3 7-7 10-1 10-11 11-13 12-13 13-14 14-15 15-16 16-17 17-31 18-28 20-21 21-22 23-23 24-24 24-25 25-18 25-19 26-32 31-37 32-35 33-38 34-43 35-40 35-41 37-44 38-46 38-53 42-50 42-53 42-56 43-60 44-57 45-64 46-63 47-63 50-66 51-68 52-71 53-71 53-72 55-73
0-4 1-5 2-3 4-1 5-7 6-8 7-9 8-10 9-14 11-15 12-16 13-17 16-11 17-18
0-0 1-9 2-3 3-1 4-5 5-6 6-10 7-11 8-19 9-21 11-22 12-22 14-14 14-15 15-16 17-18 18-18 20-23
0-7 1-8 2-10 3-11 4-12 5-0 6-4 7-5 8-3
0-0 1-1 2-3 2-5 3-3 3-5 5-6 6-3 6-13 7-14 8-15 9-16 10-12 13-8 13-10 14-9 15-20 16-7 17-21 18-30 19-32 20-30 21-26 22-33 23-35 24-27 25-22 27-23 28-23 30-24 32-38 35-45 36-40 37-42 38-42 39-46 39-48 40-45 41-49 42-50 43-53 44-54 45-55 45-56 46-58 48-59 49-60 50-63 52-64 54-62 55-61 56-61 58-65 59-66 59-67 60-68 61-69 64-70 65-71
0-6 1-4 2-0 2-2 3-1 4-7 5-8 5-11 6-11 6-12 7-13 8-14 9-16 11-18 12-19 19-29 20-20 20-21 21-23 22-22 27-31 27-32 28-33 29-36 30-37 31-40 32-41 35-57 36-58 38-59 41-62 43-60 45-56 47-47 47-48 48-51 49-52 49-53 50-49 50-50 50-54 50-55 51-44 53-63
0-1 1-3 2-4 3-5 4-7 5-8 6-9 7-10 8-11 9-12 11-11 12-13 13-13 14-14 15-16 16-15 17-21 18-22 19-23 20-25 21-18 22-17 23-19 24-27 25-28 26-30 27-31 28-32 29-33 30-34 31-36 32-37 32-38 34-39 35-46 36-47 37-41 38-42 39-43 40-43 42-44 43-48 44-49
0-0 1-1 4-2 5-1 6-3 7-4 8-5 9-9 10-12 12-14 14-15 15-16 16-18 16-19 18-11 19-6 22-7 23-8 24-20 25-31 25-41 27-33 28-34 30-36 31-22 32-23 33-25 34-26 35-27 35-28 36-29 36-30 37-21 42-43 43-44 44-45 46-46 49-38 50-39 50-40 51-47
