0-0 1-3 2-2 3-4 4-4 5-5 7-7 8-7 9-6 10-8
0-1 1-5 2-3
0-1 2-3 3-4 4-5 4-6 5-8 6-9 7-7 8-10 9-11 10-13 11-12 12-14 13-15 14-16 15-17 16-17 17-18 19-26 20-23 21-24 22-25 24-22 25-22 27-27
1-0 2-1 3-2 4-2 5-3 6-4 7-5 8-10 10-12 12-13 13-14 15-15 16-16 17-17 18-18
1-11 3-13 4-14 5-7 7-1 7-5 8-2 10-5 11-24 13-16 14-19 15-20 16-21 17-22 18-25 19-26 19-28 20-29 21-15 22-30 23-31 24-32 24-33 25-34
0-2 2-0 4-9 9-7 10-4 12-12 13-12 14-13 16-10 17-14
0-0 1-5 2-1 4-3 5-4 7-6 8-8 9-9 10-12 11-13 12-14 14-7 15-10 16-15
0-0 1-1 2-5 3-7 4-8 5-9 6-10 7-11 7-12 8-2 10-3 12-16 13-17 14-20 15-15 17-22
0-0 1-1 2-2 3-3 4-5 5-7 6-8 7-9
1-3 2-5 3-4 4-6 6-1 7-2 9-7 10-8 13-10 16-12 20-13 21-16 22-17 23-18 24-20 25-15 26-21 27-23 28-25 29-26 31-27 32-28 33-24 34-29
0-0 1-3 5-4 6-5 8-6 10-8 12-9 14-11 14-12 15-7 16-13
0-4 1-6 2-5 3-7 4-0 5-1 6-2 7-8 8-8 9-9 10-10 13-15 14-17 15-18 16-19 17-22 18-24 19-25 20-26 21-27 22-28 23-29 24-16 25-14 26-30
0-0 1-1 2-3 3-4 4-5 6-5 7-6 8-6 10-7 10-10 11-15 12-12 13-13 14-16 15-17 16-24 18-20 19-21 19-22 20-22 21-19 22-18 23-25
1-0 2-2 3-4 4-11 5-10 6-5 7-6 7-7 8-8 9-9 10-13 11-15 12-16 13-17 15-19 16-13 17-14 19-20 20-21 21-25 22-22 22-26 23-27 25-28 25-29 27-30 28-31
0-0 1-2 1-3 2-4
0-0 1-1 2-2 3-3 5-6 6-7 7-8 9-9 10-10
0-0 1-2 2-3 3-4 4-1 5-8 6-6 7-9 8-11 9-12 11-13 12-14 13-15 13-18 13-19 14-5 15-20
0-0 1-1 3-2 4-3 5-4 6-5 7-6 8-7 9-8 10-9 11-10 12-11
0-0 1-1 2-3 4-5 5-6 6-8 7-7 8-9 9-10 9-11 9-13 10-14 11-15 12-20 12-21 13-23 14-24 15-26 16-16 16-17 17-27 18-28 19-29 20-30 21-33 22-34 23-35 24-36 25-38 26-31 26-32 27-39
0-0 1-1 2-3 2-4 3-5 4-14 5-15 6-19 7-17 7-18 8-18 9-20 10-21 11-16 14-7 15-8 17-9 18-9 19-12 19-13 20-10 21-11 24-6 25-22
1-0 2-1 3-5 4-6 4-7 5-2 6-3 7-8 9-12 10-13 11-14 12-11 13-15 14-16 15-19 16-22 16-23 17-24 20-20 21-17 22-29
0-0 1-1 1-3 2-6 3-10 4-11 5-12 6-13 7-8 8-9 9-7 10-14
0-0 1-1 2-11 4-12 4-13 5-2 6-4 7-5 8-6 9-7 10-8 11-9 12-10 13-3 15-14 16-15 17-16 18-18 19-17 20-20 21-21 22-19 24-22
0-0 1-1 2-3 4-2 5-4 6-7 7-8 8-9 9-10 10-11 12-6 13-5 14-12
0-2 1-0 2-3 5-14 6-15 7-16 8-12 9-13 10-17 11-18 12-19 13-20 15-23 16-24 18-25 19-26 20-27 21-28 22-29 23-30 25-31 26-32 27-34 28-37 29-5 33-7 34-5 35-38
0-9 1-10 2-11 3-12 7-1 7-9 8-3 9-4 10-13
0-0 1-2 2-8 3-9 4-10 5-3 6-4 7-5 8-6 9-11 10-13 11-14 12-15 13-16 14-17 16-19 17-21 17-22 18-23 20-12 22-24
0-0 1-1 2-2 3-3 4-4 5-5 6-6 7-7 8-8 10-9 11-10 12-11 13-12 14-13 15-14 16-15 17-16 18-17 19-18 20-19 21-20 22-21
1-0 2-2 4-4 5-8 6-5 7-15 8-13 9-14 10-15 11-17 11-18 11-19 14-10 15-9 15-11 16-20 17-21 18-22 19-23 20-24 21-25 23-26 24-0 25-30 26-32 29-36 30-37 32-29 33-34 33-35 34-28 35-38
0-0 1-1 2-3 3-4 4-5 5-6 6-7 7-8 8-9 9-10 10-11 13-13 14-14 15-15 16-16 17-17 18-18 19-19
0-5 1-4 2-0 3-1 3-3 4-8 5-9 6-7 7-10 9-12 10-13 11-15 12-18 13-16 14-18 15-19 16-11 17-20 18-21 20-24 21-26 22-27 23-29 24-30 24-31 25-32 26-33 27-34 28-36 29-37 30-38 31-23 32-22 33-39
0-0 1-1 2-2 3-9 4-4 5-5 6-6 8-7 8-8 9-11 10-12 11-13 12-10 13-14 14-15 15-16 16-17 16-18 17-19 18-20 19-21 21-22 22-23 23-24 25-25
0-0 1-1 4-2 7-9 8-10 9-11 10-12 10-13 11-8 12-7 13-3 14-14
0-0 1-1 3-3 4-4 5-2 6-5
0-0 1-1 2-2 2-3 3-4 4-5 4-6 4-7
0-0 1-1 2-2 3-2 5-9 6-8 9-3 10-4 12-6 13-5 15-13 17-14 18-15 19-16 20-19 21-17 22-20
1-3 4-6 5-7 6-8 7-9 8-10 10-5 12-15 13-15 14-13 15-16
0-2 0-3 1-0 2-4 3-5 5-6 6-7
0-2 1-0 2-3 3-4 4-5 5-6 6-7 7-8
5-3 7-4 8-5 8-6 9-2 11-20 12-14 13-9 15-15 16-16 17-17 17-18 18-19 19-21 21-22 22-23 22-25 23-26 24-27 25-29 26-30 27-31 28-32 30-33 31-34 32-35
0-8 0-9 1-10 2-12 2-14 3-1 4-3 5-4 6-15 7-16 8-17 9-18 10-19 11-20 12-23 13-22 14-26 16-25 18-27 20-28 22-29 23-30 24-31 25-34 26-33 27-32 30-35
0-0 1-4 2-3 6-8 9-25 10-25 11-10 12-11 13-12 14-13 15-14 16-6 18-15 21-17 22-18 23-19 25-20 25-21 26-17 28-26
0-0 1-2 2-4 4-5 5-6 6-7 7-8 8-9 9-16 10-10 11-14 12-18 13-19 14-19 15-20 16-21 17-23 18-26 19-24 20-25 21-28 22-30 23-31 24-27 24-29 25-32
0-0 1-2 2-3 3-4 4-6 5-7 6-8 7-9
1-2 2-0 3-1 4-3 6-6 8-7 9-8 10-9 11-10 12-4 13-11 14-13 14-14 15-19 16-15 17-16 18-17 19-12 20-20 21-21 23-21 24-23 25-22 26-24 27-26 28-27 29-28 30-25 31-29
0-0 1-1 2-2 2-3 3-4 4-5 5-6 6-7 7-8 7-9 8-10 9-11 10-12
1-0 2-2 2-3 3-5 4-4 5-5 7-6 8-7 9-10 10-9 11-8 12-11 13-12 14-13 16-14 17-16 18-15 20-17 22-22 23-21 23-27 25-28
0-0 1-1 2-2 4-3 5-7 6-4 8-5 8-6 9-10 10-11 11-12 13-9 14-9 15-13
0-0 1-2 3-1 3-2 4-3 5-4 7-7 8-10 9-12 10-13 11-14 12-15 13-17 14-18 15-19
2-0 3-1 4-2 5-3 7-4 8-5 9-9 10-10 10-11 10-12 11-8 12-7 13-6 14-13
0-0 3-1 5-2 6-3 7-10 8-6 9-7 9-9 10-5 11-4 12-11 13-13 14-16 15-18 16-19 17-25 18-20 19-22 20-26 21-23 22-24 23-15 24-27
0-0 2-1 3-4 5-5 6-7 7-8 8-9 9-6 11-12 13-13 14-14 15-12 16-15
0-1 1-2 1-3 2-4 3-0 4-5 5-6 7-7 7-8 8-9 9-11 11-12 12-14
0-0 1-1 2-7 3-14 4-15 5-16 5-17 7-8 8-11 9-12 10-13 11-10 12-18
0-4 1-5 2-6 3-7 4-8 5-9 6-0 7-1 10-2 12-10 13-11 14-13 15-14 17-15 18-30 19-31 20-16 21-17 21-18 22-19 23-20 24-21 25-22 26-23 27-25 27-26 28-28 29-29 30-27 32-32
0-0 3-1 6-11 8-2 9-3 9-4 10-6 11-7 12-8 13-12
0-5 0-6 1-5 1-6 2-3 3-0 4-1 5-2 8-10 9-11 10-12 12-15
0-0 1-2 2-1 3-4 4-5 5-6 7-9 9-7 10-10 11-11 12-12 13-14 14-15 15-16 16-17 17-18 19-19 20-20 21-21 22-22 23-10 24-23
0-0 1-1 2-2 3-3 4-4 5-5 6-8 8-7 9-6 10-9 11-11 15-12 16-13 20-17 21-18 22-19 23-20 27-21 28-22 29-23 30-16 33-24 34-25 35-26 36-27
0-5 1-6 2-7 3-8 4-9 5-10 6-11 7-12 8-1 9-0 11-2 12-3 13-3 14-4 16-13
2-15 4-13 7-2 8-3 9-4 10-5 11-6 12-7 14-8 14-10 16-9 17-11 19-19 20-20 20-21 21-22 22-17 24-24 26-25
0-0 1-1 2-2 3-14 4-16 4-20 5-17 6-18 8-3 9-4 10-5 11-6 12-7 14-12 15-12 15-13 16-10 17-8 18-21
0-0 2-2 3-4 4-6 5-7 7-8 8-9 9-1 9-3 10-10 12-11 13-12 14-14 15-15 16-16 16-17 17-20 18-19 19-22 20-23 20-26 21-24 22-28 23-29 24-21 25-30
0-0 1-1 2-2 3-3 4-4 5-5 6-6 7-9 8-10 9-11 10-12 11-7 12-14 13-14 14-15 15-19 16-20 17-22 19-21 20-17 21-18 25-16 26-23
1-0 2-1 3-5 4-6 5-7 6-14 8-15 8-16 9-21 10-22 10-23 11-3 11-4 12-24
0-0 1-1 2-4 3-5
0-1 1-2 2-0 3-9 4-7 5-5 6-6 7-10
0-2 1-3 2-4 3-5 4-6 4-7 5-8 6-10 7-11 8-12 9-14 10-13 13-15 14-16 15-17 16-0 19-18 20-19
1-1 2-2 3-3 4-5 5-0 6-7 7-6 8-8
0-0 0-1 1-3 4-7 5-8 6-5 6-6 7-9 8-18 9-19 10-20 11-13 12-14 13-15 13-17 14-12 15-4 16-21
0-1 1-2 2-0 3-3 4-4 5-5 6-6 7-7 10-9 11-10 13-8 14-11 15-12 17-13 18-17 20-14 21-16 22-18 24-24 25-20 26-21 27-25 28-26 29-26 31-27
0-0 2-2 4-4 5-3 8-1 10-6 11-7 12-9 13-10 14-9 15-12 16-11 17-18 19-23 19-27 19-28 20-19 20-21 21-24 23-25 24-28 26-28 27-29
1-4 3-0 4-5 5-6 6-7 7-8 8-9 9-1 11-3 12-10
0-1 1-3 2-4 4-2 5-5 7-7 8-8 9-10 10-11 11-13 12-15 13-16 14-17 15-18 16-19 17-6 18-6 19-20
0-3 1-4 2-1 3-2 5-4 6-6 9-10 12-11 14-12 16-13 17-15 21-17 22-16 23-18
0-1 1-3 3-5 4-7 5-8 5-9 6-10 7-11 8-12 9-13 10-14 11-15 12-16 13-17
0-0 1-1 4-2 5-3 6-5 7-6 9-4 10-7 11-8 13-9 14-11 15-10 16-12 17-13 20-14 21-15 23-16 24-17 25-19 26-20 27-18 28-21 31-26 32-22 33-24 34-25 35-26 36-28
0-0 1-1 2-2 4-3 5-4
0-0 1-5 2-6 3-1 4-2 5-4 7-3 9-7 11-8 12-9 13-10 14-12 14-13 15-15 16-16 17-14 18-11 19-17 20-18 21-19 22-20 22-21 22-23 23-25 24-26 25-27 25-28 26-24 27-29
0-4 1-5 2-6 3-8 4-9 5-1 6-0 7-17 9-18 10-19 11-19 12-23 13-20 14-21 15-22 16-25 18-26 19-26 19-27 20-24 21-28
0-0 1-1 2-2 3-3 3-4 4-5 5-6 6-7 7-7 10-9 11-10 11-11 12-12 13-13 14-14 15-15 16-16 16-17 17-8 18-18
0-0 1-1 4-7 5-8 6-5 7-2 7-3 9-9
0-0 1-7 3-2 4-3 5-4 7-5 9-6 10-10 11-8 12-12
0-0 0-1 1-3 2-2 4-4 5-5 6-6
0-2 0-3 2-5 3-9 4-10 6-11 7-12 8-13 10-12 11-4 12-6 13-7 14-14
0-0 1-3 1-6 2-8 4-9 5-10 6-13 7-11 8-12 9-13 10-14 11-18 11-20 11-21 12-22
0-0 1-1 2-2 3-4 4-5
0-0 1-1 2-2 3-3 4-5 5-4 6-6
0-0 1-1 2-2 3-3 3-4 4-13 6-6 7-7 8-8 9-9 10-10 11-11 12-12 13-15 14-15 14-16 16-18 17-23 18-24 19-21 21-19 23-25 24-26 26-30 27-31 29-33 30-32 30-34 31-35 32-28 33-29 34-27 35-36
0-1 1-0 2-4 4-2 5-3 6-5 7-5 9-6 10-10 11-8 12-11 12-12 13-7 14-13
0-0 1-1 1-2 2-3 2-4 4-5 6-6
0-1 1-5 3-6 4-7 5-8 6-9 7-10 9-0 10-2 10-4 11-11
0-2 0-3 1-6 2-5 3-7 4-8 5-9 6-11 7-14 7-15 8-16
0-1 1-2 2-0 3-6 4-9 5-6 6-7 8-4 9-10 11-13 12-14 14-18 15-17 20-11 21-20 22-21 23-23 25-13 26-24
0-0 1-1 2-2 3-2 4-3 5-5 6-6 7-4 8-7 10-11 16-15 16-16 17-12 17-13 18-21 21-22 23-24 24-26 26-25 27-33 28-35 28-36 29-37 30-30 30-32 31-38
0-0 1-1 2-2 4-3 5-4 6-10 8-11 10-9 11-12
0-0 1-3 2-2 3-5 4-6 5-7 6-9 7-11 9-12 10-15 11-17 13-18 15-22 16-23 17-25 17-27 17-28 22-13 23-14 24-21 25-29
0-0 1-1 2-2 4-3 6-5 8-6 9-7 10-8 11-9 12-10 12-11 13-13 14-14 16-16 17-15 22-19 23-20 24-22 25-18 26-17 27-23
0-0 1-3 2-5 3-6 4-9 5-10 5-11 6-12 8-13 9-14 9-15 10-8 12-16 13-17 14-20 15-18 16-23 17-24 18-22 19-21 20-25 21-26 23-29 24-28 25-30
0-0 3-1 4-2 5-2 6-3 7-4 8-9 9-11 10-12 11-13 13-14 14-16 15-17 16-7 17-6 18-5 19-18 20-18 21-21 22-20 23-26 24-27 24-28 25-29 26-30 26-32 27-33 28-34 29-35 30-36 31-37 32-21 33-23 33-25 34-38
0-0 1-1 3-5 4-6 5-7 5-8 6-8 7-4 8-9
0-0 3-2 4-3 5-4 6-5 8-6 9-7 9-8 10-9 11-11 12-10 13-12
2-0 2-2 3-3 4-4 5-6 6-6 7-8 8-9 10-10 11-14 12-12 13-11 14-15
0-0 1-1 2-2 3-3 4-4 5-5 6-6 7-7
0-0 1-3 2-2 2-4 3-5 4-6 5-7 7-10 8-11 10-13 11-19 13-20 13-21 14-16 15-15 15-17 16-18 17-14 18-12 19-22
0-0 1-1 2-2 3-3 4-4 5-5 6-6
0-0 1-9 3-11 4-12 5-3 6-5 7-6 9-14 12-19 12-20 13-18 15-21 17-22 18-23 18-24 19-25 20-13 21-15 22-16 23-17 24-26
0-0 1-11 2-10 4-2 6-3 7-4 8-5 11-12 12-13
0-0 2-1 3-2 4-3 6-3 7-4 8-5 11-6
1-22 2-2 5-0 6-1 7-4 8-5 11-6 12-3 14-7 15-10 16-11 16-12 17-13 18-14 19-16 20-17 22-9 24-18 25-19 27-23 28-20 29-21 31-22 32-24
0-0 2-1 3-2 5-3 6-4 8-6 9-7 10-5 12-8 13-9 15-11 16-12 17-10 19-13 20-14 23-17 25-18 26-19 27-16 28-20
0-0 1-1 2-5 3-6 5-2 5-3 6-2 6-3 7-7 8-7 9-8 10-11 11-12 12-13 13-14 14-15 15-10 17-16 21-17 22-17 24-18 25-19 26-20 27-21
0-7 3-9 4-10 5-5 6-11 11-5 12-11 13-12 17-26 18-23 19-24 19-25 20-19 23-14 24-13 27-22 29-25 30-15 31-19 31-21 32-27
0-0 0-2 1-4 2-5 3-2 3-3 4-6 6-8 7-7 8-13 9-14 10-12 11-15 11-16 11-17 13-22 15-23 15-24 16-25 17-26 18-27 19-9 20-28
0-0 1-1 3-2 5-6 6-4 7-4 7-5 8-7
0-0 0-1 1-9 2-3 3-4 4-5 5-6 6-7 7-8 8-15 9-11 10-13 10-14 11-16 12-17 13-18 14-19 15-20 15-21 16-10 17-22
0-7 1-9 2-0 3-3 4-9 5-10 6-10 7-11 8-12 9-15 10-13 10-14 11-16 12-17 12-18 15-19 16-20 17-5 17-21 18-23 19-24 20-22 23-25 24-26 26-28 27-29 29-33 30-32 31-34
0-2 0-3 1-11 2-5 3-6 4-7 5-8 6-9 7-10 8-13 9-14 10-15 10-16 11-18 13-17 14-17 15-12 16-19
0-0 1-3 2-2 4-4 5-5 6-8 8-6 10-9 11-10 12-11 13-12 14-13
0-1 1-5 2-6 3-6 4-7 5-8 6-9 7-11 8-12 9-13 10-17 11-18 12-15 12-16 13-19 14-20 15-21 16-23 17-24 18-25 19-26
1-9 2-0 3-1 4-2 5-3 6-4 7-6 8-7 9-8 10-10 11-11
0-0 1-1 2-3 3-2 4-6 5-7
0-6 1-7 2-8 4-9 5-11 6-12 7-13 8-14 9-15 10-16 11-17 12-18 12-19 14-21 15-22 16-23 17-24 18-25 18-26 19-27 19-28 20-20 21-29 22-30 23-32 24-31 25-33 26-34
0-2 1-3 2-5 3-6 4-7 7-8 9-10 10-11 12-12 13-13 14-9 17-1 18-0 19-14 20-15 21-16 22-17 23-18 24-19 24-20 26-21 27-24 29-25 30-26 31-27 31-28 32-23 33-22 34-29
0-0 0-3 1-1 2-2 4-7 5-6 6-5 8-8 9-9 10-10 11-11 11-14 12-15 13-16
0-0 1-1 2-2 4-2 5-3 6-4 7-6 8-7
0-2 1-0 2-4 3-5 4-6 5-8 6-11 8-9 9-10 10-12
0-3 1-0 2-4 2-5 3-6 4-7 4-8 5-9 5-10 6-11 7-12 8-13 9-13 11-16 12-16 13-18 14-19 15-20 15-21 16-22 17-26 18-23 19-27 20-28 21-30 22-31 23-32 24-33 25-34
0-0 1-1 2-6 3-7 4-8 5-2 6-2 6-5 7-3 10-9 11-10 13-16 14-14 15-16 16-13 17-17
0-1 1-2 2-3 3-4 4-5 5-6 6-11 8-8 8-10 9-12 10-13 12-14
0-0 1-1 2-2
0-0 1-1 3-9 4-7 4-8 5-4 6-12 7-13 8-15 9-16 11-14 12-17 13-11 14-10 15-18
0-0 1-1 2-2 3-3 3-4 4-5 5-6 5-8 5-9 8-10 9-11 10-13 11-12 12-14 13-15 14-16 15-17 17-18 18-21 19-22 20-23 21-24 22-25 23-20 24-19 25-26
0-0 1-1 2-2 3-3 4-4 5-6 6-8 7-9 8-10 10-11 11-5 12-12 13-12 13-13 14-17 15-21 16-22 17-23 18-19 19-18 20-24
0-0 1-1 2-2 3-5 3-6 4-4 5-3 6-8 7-9
0-2 1-5 2-0 3-4 4-9 5-10 6-11 7-12 8-3 9-13 9-14 10-14 11-6 12-7 13-15 14-19 15-20
0-0 1-1 2-2 3-5 6-4 8-6 9-7 10-11 11-12 12-13 14-14 15-15 16-10 17-9 18-16
0-0 0-3 1-1 3-4 4-5 5-7 7-4 9-8 10-3 11-10 12-12 13-13 14-15 15-17 16-19 16-21 17-22 18-23 19-24 20-25 21-26 22-27 23-28 24-30 25-31 27-32 28-18 29-9 30-33 31-34 33-37 34-38 35-39
0-2 1-1 4-5 6-6 7-7 8-8 9-10 10-16 12-12 13-13 14-14 16-11 17-18 18-19 19-17 20-20 24-21 26-22 27-23 28-26 29-29 30-30 31-27 32-28 33-26 35-31
0-3 1-4 3-5 4-7 5-8 6-11 7-5 8-6 10-12 11-10 12-9 14-16 15-17 16-18 16-21 18-15 19-14 20-13 21-22 22-25 23-24 24-26 26-31 27-32 28-33 29-34 30-35 31-36 32-37 34-29 35-28 36-30 37-27 38-26 39-38
0-0 1-2 2-3 4-4 5-7 6-6 8-8 8-9 9-10
0-2 2-3 3-1 4-6 5-7 6-8 8-5 10-9 12-11 13-13 14-14 15-15 16-16 16-17 17-16 17-17 18-18 19-10 20-19
0-1 2-2 3-1 5-4 5-5 6-6 7-7 8-8 9-9 10-10 11-11 12-12 13-13
0-0 2-3 3-4 4-5 5-1 8-7 9-8 9-9 10-10 11-11 12-12 13-13 14-15 14-17 15-18 16-19 17-20 18-21 19-22 20-23 21-6 22-24
0-1 1-2 4-11 5-5 6-6 7-8 8-9 12-0 15-13 16-17 18-16 19-14 20-20
0-0 2-1 3-11 4-12 4-13 5-14 6-6 7-7 8-8 9-9 10-10 11-4 11-5 12-3 13-2 14-15 15-17 17-22 19-23 22-18 25-20 26-21 27-22 29-24
0-0 1-1 2-2 3-3 4-5 5-6 6-7 6-8 7-10 7-11 9-21 10-22 11-23 12-24 13-14 14-15 14-16 15-17 16-18 25-25
0-4 1-5 2-7 2-12 3-0 4-1 5-2 6-13 7-14 8-15 9-17 10-18 10-19 10-20 11-21
0-1 1-2 2-5 3-0 4-3 6-4 7-6 8-6 9-14 10-15 11-16 12-17 13-10 14-11 14-13 15-9 16-8 17-18
1-0 2-1 2-2 2-3 3-4 4-5 5-6 6-7 9-9 10-10 11-11 12-12 13-13 14-8 15-14 16-16 17-17 18-18 20-15 21-19
0-0 1-1 3-2 4-3 5-5 5-6 6-4 7-12 8-13 9-14 9-15 10-10 11-11 12-8 12-9 13-7 14-16
0-0 1-1 2-2 2-3 3-4 4-7 5-9 6-10 7-11 8-12 9-13 10-14 11-15 12-16 12-17 13-5 14-18 15-19 17-20 18-21 19-23 21-25 22-30 23-26 23-28 24-22 24-24 25-31
0-0 1-1 3-3 4-4 5-5 6-6 6-8 8-2 9-9
0-0 1-1 4-2 5-3 6-4 7-5 8-7 9-8 9-10 10-2 11-11 12-12 13-13 14-14 15-15 16-17 17-18 18-24 19-25 20-27 21-28 22-20 23-21 24-19 25-29
0-0 1-1 2-2 4-3 6-4 7-5 8-9 10-10 10-11 11-7 12-8 13-6 15-12 16-13 19-14 19-15 20-16 21-17 22-19 23-20 24-21 25-18 26-22
0-0 1-1 2-1 6-7 6-8 7-10 8-2 9-12 10-13 11-3 12-14 13-19 13-20 15-15 16-21
0-0 1-1 2-2 3-5 4-6 5-7 6-8 7-9 7-10 8-3 9-4 10-11
2-6 3-7 4-5 7-8 9-2 11-12 12-10 14-3 14-13 16-15 17-16 18-17 20-14 21-14 22-18 24-21 24-22 25-19 26-23
1-0 2-2 3-3 4-4
0-0 1-7 2-8 3-3 4-4 5-5 7-9 8-12 10-10 10-11 11-16 12-17 13-18 15-14 16-13 17-19
0-0 1-1 2-2 3-3 6-6 9-7 9-8 10-4 11-9 13-14 14-10 15-16 16-17 17-18 18-20 19-13 20-15 22-21 23-22 24-23 25-25 26-26 27-30 28-28 29-29 30-31
0-0 1-1 2-6 3-7 4-8 5-9 6-2 7-4 7-5 8-10 9-12 10-13 11-14 12-14 13-15 14-16 15-17 16-11 17-18 18-20 19-22 19-23 20-19 21-24
0-0 1-2 2-5 3-6 4-1 5-3 6-4 7-7 8-16 9-11 11-13 11-14 13-8 14-9 15-10 17-18 18-19 19-20 20-21 20-22 21-25 22-26 23-27 24-28 24-29 25-30 25-34 26-24 27-23 29-31 30-32 31-33 32-35
0-0 1-1 2-2 3-4 4-3 5-5
0-0 1-4 1-5 2-1 3-3 4-7 5-8 8-12 10-9 10-10 11-14 12-15 13-17 14-13
0-7 1-8 2-9 3-10 3-11 4-20 5-22 6-24 9-28 10-30 12-4 13-1 14-13 17-5 18-14 19-17 19-18 20-30 23-26 24-21 26-23 27-27 28-20 29-31
0-3 1-1 2-0 4-6 5-7 5-8 6-9 7-10 8-11 8-12 9-13 11-14 12-15 13-16 14-19 18-20 19-21 20-22 21-18 22-23
4-3 5-2 7-13 8-11 8-14 9-5 10-4 11-7 12-8 13-15 14-19 15-21 16-18 17-20 18-22
0-1 1-4 2-0 4-6 5-7 6-8 7-9 8-10 9-11 10-13 11-14 12-15 13-16 14-17 15-18 16-19 17-20 17-21 18-22 19-23 20-24 22-25 22-26 23-27 23-28 23-29 24-30 25-31 27-32 28-37 28-38 31-34 32-35 33-33 34-39
0-0 1-2 2-1 3-3 4-7 5-8
1-2 2-0 4-5 5-6 6-4 7-3 10-7 11-8 12-18 13-16 14-17 15-13 16-14 17-15 18-12 19-10 20-19
0-2 1-0 2-3 3-4 4-6 5-10 6-11 7-12 8-13 9-14 10-18 11-16 12-17 13-19 14-20 15-21 16-22 17-23 19-24 19-25 20-7 20-9 21-26
0-8 2-10 3-12 4-11 6-4 9-8 10-2 13-14 14-18 15-19 16-20 17-21 18-22 18-23 19-24 21-24 22-25 23-26 24-27 24-28 25-29 26-30 27-31 28-33 28-34 30-6 31-35
0-3 1-4 2-5 3-6 5-1 7-7 8-8 9-11 10-20 11-12 12-13 12-14 13-15 14-16 15-17 15-18 17-21
0-0 1-3 2-10 3-4 4-8 5-6 6-11
0-1 1-0 2-2 4-4 6-7 7-8 8-9 9-10 11-6 14-13 15-14 16-15 17-16 18-17 20-12 21-19 22-21 23-22 25-23 26-25 27-26 28-27 29-28 30-29 31-30 32-24 33-31
0-0 1-1 3-2 6-3 9-4 10-5 11-7 13-8
0-0 1-1 2-4 3-5 4-2 5-3 6-7 7-8 8-6 9-9 10-10 11-12 12-13 13-15 14-16 15-17 16-14 17-18
0-0 1-1 2-3 4-5 5-12 6-13 9-9 10-10 11-11 13-8 15-14 16-16 18-19 19-18 20-17 21-20
1-0 2-1 3-3 4-2 7-4 9-6 9-7 10-8 11-9 12-9 13-5 15-10 16-11 17-12 18-15 19-13 20-14 21-17 23-18 24-19 25-21 26-22 27-23 28-24 29-25 30-27 30-28 32-20 33-29
0-4 1-3 3-5 4-6 6-9 7-7 8-8 9-1 10-0 12-2 13-2 14-12 16-10 17-11 18-14 19-15 20-16 20-17 21-18 22-19 22-20 23-13 25-21 26-22 27-23 28-24 29-26 30-25 31-28 32-29 33-30 33-32 34-33 35-34 36-35 37-36
0-0 1-1 2-2 3-3 4-4 5-5
0-0 0-1 1-6 1-8 2-6 3-7 4-8 6-4 6-5 7-14 8-12 9-13 10-10 12-11 13-15 14-16 15-17 16-18 17-19 18-20 18-21 19-22 20-23 21-24 22-25 25-28 26-29 27-30 27-31 28-27 29-26 30-32
0-0 1-6 2-2 4-10 5-11 6-12 7-14 8-4 8-5 8-8 9-8 10-15
0-3 1-5 3-0 4-1 9-12 12-7 13-13
0-1 1-0 2-2 4-4 5-5 6-5 8-10 10-12 11-13 13-16 14-17 15-21 17-18 18-19 19-20 20-11 20-14 22-22
0-0 1-1 2-2 3-5 4-10 6-11 7-12 8-13 9-14 10-15 11-8 12-7 14-17 15-18 15-19 16-20 17-22 18-24 19-25 20-24 21-26
0-0 1-1 5-3 6-4 7-4 8-5 9-7 10-8 11-9 12-10 13-6 18-12 19-13 20-11 23-14
0-0 1-2 1-3 3-1 4-4 5-7 6-8 7-9 8-6 10-10 12-14 14-11 15-12 16-13 17-15 18-16 19-16 20-17 21-18 22-21 23-20 24-22 25-23 28-24 29-25 30-28 34-26 35-27 37-29
0-0 1-1 2-15 3-3 4-4 5-6 6-10 7-11 8-12 9-13 9-14 10-17 11-18 12-16 13-19 14-20 15-21 16-23 19-21 20-22 21-24 22-25
0-0 1-1 2-3 4-4 5-6 6-9 7-11 8-12 9-13 11-14 13-15 14-16 15-17 16-18 17-21 18-20 20-22 21-23
0-0 1-1 3-2 4-3 5-4 6-5 10-6 12-10 13-11 14-12 15-9 16-13 17-18 18-15 20-14 23-19 24-20 24-21 25-17 26-27 29-28 30-29 31-30 32-23 33-31
3-8 4-4 5-5 5-6 6-17 13-7 17-13 18-14 19-15 19-16 20-11 20-12 25-0 26-1 27-2 28-18
0-0 1-1 2-2 4-3 5-3 8-4
1-3 2-4 3-5 4-6 4-7 5-8 6-9 7-10 8-11
0-0 1-1 2-2 3-3 4-4 5-7 6-6 8-9 9-10 10-8 11-11
0-2 2-6 3-7 4-8 5-9 8-10 9-11 10-12 11-13
0-16 2-10 3-11 4-12 5-13 5-14 5-15 7-7 8-8 9-1 10-4 11-5 13-2 14-17
1-0 2-2 4-3 5-4
0-2 0-3 1-7 2-5 4-8 5-26 6-9 7-10 8-12 9-13 10-14 11-28 12-29 13-27 14-25 16-15 17-19 18-21 19-22 20-23 21-24 22-18 23-17 24-30
0-0 1-1 3-2 4-2 5-3 6-6 7-7 8-4 8-8 9-9 10-10 11-11 12-12 13-13 14-14 14-15 15-16 16-17 17-18 18-19 20-20 21-21 22-22 23-23 24-24 25-25 26-26 30-27 31-28 32-29
0-12 1-10 3-4 6-11 8-1 10-18 12-9 17-25 18-29 18-30 19-21 20-20 21-33
0-0 1-1 2-2 3-5 4-5 5-6 6-5 7-3 8-4 9-7 10-8 13-9 15-12 16-13 17-15 18-16 18-17 19-18 21-19 22-24 23-25 23-26 23-28 24-23 26-21 27-29
0-4 1-5 2-6 3-3 4-0 5-7 6-9 7-10 8-8 9-11 10-12 11-13 12-14 15-15 16-16 16-17 16-18 17-23 19-21 20-20 21-26
0-0 1-2 2-3 2-4 3-5 3-6 4-7 5-8 5-10 6-21 7-12 8-13 10-14 11-17 13-18 14-19 15-20 16-16 17-11 18-22 19-23 20-24 20-25 21-26 22-27 23-28 24-29 24-30 25-31
1-1 2-2 3-0 4-3 5-5 6-6 7-7 8-8 9-9 10-10 11-11 12-12 13-14 14-13 17-15
0-0 1-1 2-2 3-10 5-12 5-13 8-4 9-3 11-6 12-7 13-9 15-14
0-3 0-5 2-0 3-2 5-6 6-8 7-9 8-10 9-12 10-14 11-15 12-16 13-17 14-13 15-11 16-18
0-0 0-1 1-5 2-3 3-4 4-6 5-6 6-6
0-0 1-1 2-3 2-4 3-5 3-8 4-14 5-15 6-16 7-17 8-18 9-19 10-21 11-11 12-12 13-10 14-7 15-22
0-0 1-2 2-3 4-4 5-5 6-6 7-9 7-11 8-8 9-12 12-18 13-18 14-14 15-15 17-17 18-19
0-1 1-2 2-0 3-3 4-4 5-5 6-6 7-7 8-8 10-9 11-10 12-11 13-12 15-13 17-15 18-18 19-19 20-21 21-22 22-23 23-20 25-24 26-25 28-26 29-27
0-0 1-1 3-4 4-5 5-2 7-3 8-6 9-8 10-9 11-10 12-11 13-12 14-17 16-18 17-19 18-14 19-15 20-16 21-13 22-20
0-0 0-1 1-4 3-2 4-3 5-5 6-6 7-7 8-8 9-9 10-10 11-11 12-12 15-13 16-15 18-20
0-0 1-1 2-4 3-2 4-6 5-8 6-9 7-10 8-11 9-13 11-18 12-19 13-6 14-7 15-20
0-3 2-5 2-8 3-9 3-12 4-8 5-6 6-7 7-13 8-14 9-15 11-16 12-17 13-18 14-19 15-21 16-22 16-23 17-24 18-25 19-1 20-4 21-26
0-0 1-1 2-3 3-4 4-7 5-9 6-10 8-11 9-13 9-14 10-16 11-19 12-17 13-21 14-22 15-23 17-24 18-30 19-31 20-36 21-32 22-33 23-27 24-25 26-20 27-37
0-0 1-2 2-3
0-0 1-1 2-2 5-7 6-11 6-15 7-5 8-9 9-10 10-8 12-16
0-0 1-4 2-6 3-7 4-8 5-9 6-12 7-13 9-14 11-10 12-5 13-15 14-19 15-16 15-17 17-18 18-24 19-21 20-22 20-23 21-25
0-0 1-1 2-3 3-4 4-2 5-5 6-6 7-7 8-8 10-9 11-9 12-10 14-13 19-17 20-19 21-15 25-12
0-0 1-1 2-2 3-5 4-3 5-4 6-6 7-12 8-13 9-11 10-7 10-10 11-14 13-15 14-17 15-18 16-20 17-21 17-22 18-23 19-24 20-25 21-26 22-27 23-28 24-30 25-29 26-31
0-0 3-2 4-3 5-4 6-4 7-5 8-6 9-7 10-8 13-10 14-11 15-11 16-12 17-13 18-15 19-16 20-18 24-17 26-19 27-21 28-22 29-23 29-25 30-26
0-0 1-1 3-2 4-3 5-4 6-6 7-5 8-7
1-0 2-3 3-4 4-2 5-5 6-6 6-8 8-11 11-21 12-27 13-28 14-29 15-12 16-13 17-16 18-17 19-18 20-14 21-30
0-0 1-1 2-2 3-4 4-3 5-5 6-12 7-13 8-14 11-9 12-10 13-15
0-1 1-2 2-3 3-4 4-6 5-7 6-7 7-8 8-9 8-10 9-18 10-12 11-13 12-14 13-15 14-16 15-11 16-19
0-0 1-1 3-5 4-6 5-7 5-8 6-8 7-4 8-9
0-0 1-6 2-4 3-2 4-18 5-19 6-20 7-22 8-23 9-24 9-26 10-21 11-5 14-8 15-9 16-7 17-1 18-17 20-14 22-11 23-12 24-13 25-14 27-15 28-16 29-27
0-0 1-1 3-2 5-5 6-6 8-4 10-7 11-10 11-11 13-13 14-14 15-15 16-16 16-18 17-19 18-21 19-22 20-12 22-12 23-23
0-0 1-1 2-2 3-5 4-6 4-7 5-8 6-9 7-10 8-4 9-11
0-0 1-1 2-2 3-3 4-5 5-4 6-7 9-8 11-10 12-11 15-12 16-13 17-14 18-15 19-16 20-17 21-18 22-19 23-20 24-21 25-9 26-22
0-0 0-2 1-4 2-5 4-6 6-8 7-10 9-11 12-17 13-18 17-22 18-23 19-24 20-22 20-25 22-12 23-14 27-15 27-16 29-15 30-26
0-0 1-2 2-1 3-3 4-4 5-6 6-7 7-8 8-9
0-0 1-1 2-3 3-4 4-5 5-6 6-7 8-11 9-12 10-10 12-13
0-9 4-10 5-11 6-14 7-15 8-16 8-17 9-12 9-13 13-1 15-6 16-8 17-18
0-1 1-2 2-0 5-3 7-4 8-5 9-6 10-7 11-19 12-20 13-10 14-11 15-13 16-14 17-15 18-16 19-17 20-11 21-21
0-6 1-8 2-4 4-3 5-4 6-5 7-10 8-15
0-0 1-1 2-2 3-2 4-3 6-7 7-6 8-5 9-9 10-10 11-16 12-12 12-17 12-18 14-11 15-12 16-14 17-15 18-13 19-19
0-0 1-1 9-2 10-2 12-4 13-8 14-5 15-6 16-7 17-10 18-11 19-9 20-12 21-20 22-21 23-22 24-23 25-24 26-25 27-26 28-27 29-12 30-13 31-14 33-13 33-15 34-16 36-17 37-28
0-5 1-2 1-7 2-8 3-9 4-12 5-13 6-14 7-15 9-17 10-18
0-0 1-1 3-12 4-4 5-5 6-6 7-9 8-10 9-3 10-14
0-0 1-4 2-5 3-7 4-8 5-9 6-10 7-11 8-12 9-14 10-15 11-16 12-22 13-21 14-17 15-19 16-20 18-23 19-24
1-2 4-0 5-1 6-3 7-8 8-9 9-7 10-6 11-10
1-2 2-3 4-0 8-4 8-11 8-12 10-4 11-5 12-7 13-6 13-7 16-13
1-2 1-4 2-0 4-5 5-6 6-7 7-11 8-12 9-10 10-9 11-10 12-8 13-13
0-0 2-1 3-0 4-2 6-3 7-4 8-6 9-7 10-8 11-9 12-10 12-11 13-5 14-12
0-0 1-2 2-5 4-6 5-7 6-8 7-9 8-10 9-4 10-11
0-0 1-1 3-2 4-3 6-4 7-5 8-6 9-7 10-8 11-9 12-10
0-0 2-1 3-2 5-7 6-8 7-9 8-10 9-12 10-13 12-14 13-15 14-16 15-17 16-18 19-5 20-6 23-19
0-0 1-1 4-3 6-3 8-5 9-6 10-7 12-9 13-10 14-8 15-11 16-12 17-15 18-16 18-18 21-19 22-22 23-20 25-14 27-23
0-0 1-3 2-2 3-6 4-7 4-9 5-5 7-10 10-14 11-12 12-13 13-17 14-18 15-19 16-11 18-20
0-0 1-8 3-1 4-2 5-3 6-4 7-5 8-6 9-7 10-9 11-10
0-0 1-3 4-6 5-7 6-2 7-8 8-9 9-5 10-10 11-11 12-12 13-13 14-14 15-15 15-16 16-17
0-0 1-1 2-2 3-3 4-4 5-5 5-6 7-7 8-11 9-12 11-8 12-9 14-10 15-13
0-1 1-2 2-3 3-4 4-5 5-6 6-7 7-8 9-9 10-10 10-11 10-12 11-13 12-14 13-15
0-0 1-1 3-2 3-3 4-4 5-5 6-6 7-9 8-10 9-7 10-8 12-11 13-12 13-13 15-14 16-15 17-16 18-17 19-18
0-0 1-1 4-5 5-7 6-4 7-2 8-3 9-8
0-4 1-5 2-6 3-2 4-7 6-0 7-1 8-3 10-8 11-9 12-16 13-13 14-14 15-15 16-17
0-6 1-5 3-0 4-1 5-2 6-3 6-4 8-16 8-17 9-8 10-9 11-10 12-11 13-12 13-13 14-18 14-19 15-20 16-21 17-22 18-23 19-24 20-25 21-26 21-27 22-7 23-29
2-0 3-1 6-2 9-3 10-4 11-7 12-9 13-8 14-10 15-11 16-12 17-13 18-14 19-15 20-16 21-17 22-19 22-20 23-22 24-23 25-24
0-0 1-1 2-3 5-7 6-10 7-11 7-12 8-2 8-5 8-8 9-13 10-15 11-14 12-18 14-21 15-22 16-24 17-17 18-25
0-0 3-1 5-2 6-3 7-6 8-8 9-9 10-10 11-7 12-4 13-11 14-12 15-14 16-14 17-13 18-15 18-16 19-17 19-18 20-19 21-20 22-21 23-22 23-23 26-24 27-27 28-28 29-29 30-26 31-30 32-31 33-32 34-33 35-36 36-37 37-35 38-34 39-38
0-0 1-1 2-2 4-3 6-6 7-7 8-8 10-5 12-9 13-10 14-11 15-13 15-14 16-4 19-20 20-21 22-16 23-17 24-18 24-19 25-22
1-2 2-0 4-3 5-4 6-1 8-5 9-6 12-7 12-8 13-9 14-10 17-13 17-14 18-12 19-18 20-19 21-20 22-21 23-17 24-15 25-22
0-0
1-6 2-2 3-3 4-5 5-7 6-6 7-8 8-8 9-17 10-18 11-19 11-20 12-10 13-11 14-13 15-14 16-15 17-12 18-9 19-21 21-23 22-24 23-25 24-26 24-27 25-22 26-28
0-4 1-4 2-5 3-1 4-16 5-17 6-18 7-19 8-20 9-21 10-22 11-23 11-24 12-27 13-3 15-30 16-31 17-32 18-33 21-34
0-9 1-12 3-10 4-13 5-14 6-15 8-16 9-17 10-21 11-25 11-26 12-22 13-23 14-27 16-31 18-28 19-18 19-19 19-20 20-18 21-2 22-6 23-7 24-3 25-4 25-5 26-8 27-32
0-0 4-0 6-7 8-11 10-16 11-17 12-18 13-19 14-20 16-21 18-26 19-22 22-30 23-29 24-10 25-28
0-0 1-1 2-2 3-3 4-5 5-6 6-7 7-8 8-18 10-20 10-21 15-15 16-16 17-17 18-11 18-13 19-11 21-22
0-0 1-3 2-2 3-3 4-4 5-5 6-5 7-6 8-7 9-8 10-9 11-10 12-12 13-13 14-14 15-11 17-15 18-17 19-18 20-19 21-20
0-0 2-3 3-4 4-5 5-2 6-6
0-3 1-4 2-0 3-2 4-6 5-7 7-8 8-9 9-11 10-10 11-12 12-14 13-13 15-15 15-16 16-5 18-17 21-20 24-21
0-1 2-2 3-4 4-5 5-6 6-3 7-7
1-0 1-1 2-2 3-3 4-5 5-5 6-6
0-0 1-4 2-2 3-3 5-5 7-9 9-7 9-8 10-10 10-11 11-12 12-13 13-14 14-15 14-16 15-6 16-17
0-0 1-1 3-2 4-3 5-4 6-5 7-6 8-7 9-8 10-9 11-10
1-0 2-1 3-2 4-3 5-6 9-5 11-7 12-8 13-10 14-11 15-9 18-9 19-12 20-13 22-14 23-17 24-18
0-0 1-1 2-4 3-5 3-7 4-8 5-9 6-12 7-13 8-14 9-15 10-16 11-10 12-17 13-19 14-20 15-21 16-18 18-22 19-23 20-28 22-32 23-33 24-34 25-26 26-27 27-24 28-37
0-0 1-1 4-2 5-5 6-6 7-10 8-7 9-4 11-12 12-13 14-18 15-22 16-18 17-14 18-16 19-17 20-15 21-23
0-0 1-1 2-2 3-7 4-9 4-10 4-11 5-13 5-14 6-15 6-16 7-3 8-4 8-6 10-17
0-0 1-3 3-2 4-8 5-9 6-10 7-11 8-12 9-13 10-14 11-7 12-15
6-0 8-8 9-10 10-11 14-12 16-13 17-14 20-1 21-4 22-6 23-7 24-2 25-15
0-3 1-4 2-0 3-6 4-8 5-10 6-11 11-5 11-7 12-1 13-15 14-16 15-17 16-19 17-21 18-23 19-20 21-24 22-25 24-28 25-29 25-31 26-26 27-32
0-2 1-5 2-6 3-7 4-8 5-10 6-11 7-12 8-13 9-14
0-2 1-3 3-4 4-5 5-6 6-7 7-8 9-14 10-10 11-12 12-16 13-20 14-21 15-22 16-23 16-32 18-25 18-26 19-27 20-31 21-26 21-29 22-15 23-33
0-0 1-1 2-2 3-3 4-4 5-5 6-6 8-8 9-9 10-10
0-2 1-3 2-0 3-4 4-5
0-1 1-3 2-2 3-2 4-2 5-4 6-6 7-7 9-8 10-9 11-10
0-0 1-4 2-1 5-3 6-12 7-13 9-15 10-7 11-8 12-9 13-14 14-17 15-18 16-19 17-20 18-21 19-22 19-23 20-24 21-22 23-27 24-28 25-29 25-30 26-32 27-33 28-34 29-35 30-36 32-38 33-31 34-31 39-39
0-1 1-2 2-3 3-5 4-6 5-8 6-9 10-13 11-6 12-7 13-14
0-0 1-1 2-2 3-4 4-5 6-3 7-6 8-7 9-8 10-11 11-12 12-9 13-10 14-13 15-19 16-17 17-20 18-21 18-22 19-15 20-19 21-23
0-4 1-5 2-6 3-9 4-8 8-11 9-10 10-13 11-12 12-14
0-0 1-1 2-2 3-3 4-4 4-5
0-0 2-2 2-3 3-4 4-5 5-6 6-10 7-11 8-12 9-7 10-8 14-13 15-14 16-15 16-16 17-25 18-17 20-26 21-27 22-20 22-21 23-22 24-23 24-24 25-28
0-0 1-1 3-2 4-3 5-4 7-6 8-5 10-7 12-8 13-10 14-9 16-11 17-16 18-12 19-14 20-17 21-15 24-20 28-21 29-23 30-25 31-24 33-26 34-27 35-28 35-29 36-30
0-0 1-1 2-4 3-5 4-6 5-2 6-3 8-7 10-11 11-9 12-15 13-15 14-16 15-23 16-21 18-22 19-18 20-20 21-19 22-17 23-24
0-0 1-1 2-3 3-4 4-5 5-9 7-11 7-12 8-14 9-15 11-16 13-18 14-17 17-10 19-23 20-20 20-23 21-17 22-24
1-3 2-6 3-0 4-1 5-7 7-11 8-9 9-12
1-0 2-1 3-2 5-9 6-10 7-11 7-12 8-13 9-14 10-15 12-7 12-8 13-4 14-5 14-6 15-3 16-16
0-0 2-2 3-3 4-1 5-4 6-5 7-6 8-7 9-9 10-10 11-11 12-12 13-13 14-14 15-15 16-16 17-17 18-18 18-19 20-20 21-22 24-22 25-21 26-23
0-6 1-7 2-8 3-9 4-13 5-12 6-10 7-11 8-0 9-4 10-3 11-5 12-14
0-0 3-3 3-4 4-5 5-6 7-12 8-7 9-8 11-2 12-13
1-0 2-0 3-6 5-1 6-2 7-3 7-4 8-5 9-7 11-8 12-9 13-12 14-13 15-14 16-10 16-11 17-15 18-16 18-17 19-18 20-18 21-21 22-22 24-23 25-20 26-24 29-27 31-28 33-25 35-29
0-3 1-4 2-5 5-0 6-1 7-2 8-6 9-7 11-8 12-9 13-11 14-12 16-13 17-14
0-4 1-5 2-10 3-8 4-9 5-0 6-11 7-12 8-13 10-14 11-15 13-16 13-18 17-19 18-21 19-22 20-23 21-24 24-7 25-25 27-26 28-27
0-0 1-2 2-3 3-4 6-14 7-15 8-7 9-9 10-10 11-11 11-12 12-16
3-0 4-3
0-5 0-6 1-7 2-8 3-9 4-10 5-2 5-3 6-11 7-12 8-13 9-14 10-15 11-16 12-17 13-19 14-20 15-21 16-22 17-23 19-24 20-25 21-27 23-29
1-0 3-4 4-6 6-7 7-8 8-9 9-10 10-11 12-12 14-16 15-17 16-18 17-19 18-20 18-21 19-13 19-14 20-22 21-23 22-24 23-25 24-26 25-27 26-28 26-29 27-30
0-0 1-1 2-2 3-3 4-6 5-4 6-5 7-8 7-9 8-10 9-11 10-12 12-14 12-15 14-13 15-16 16-18 17-17 18-20 19-22 22-29 25-23 26-24 27-25 28-26 28-27 29-30
0-0 1-1 3-2 4-11 5-3 5-4 7-11 8-12 9-13 10-14 11-15 12-16 13-19 14-6 14-22 15-21 17-23
0-0 1-11 2-8 3-10 4-12 5-13 6-17 9-15 12-23 13-20 15-24 16-26 16-27 17-28
0-0 1-1 1-2 2-3 4-4 5-5 6-6 7-7 8-8 9-9 10-10 11-11 12-12 14-13
0-1 1-2 3-3 4-4 5-5 7-16 8-18 9-19 9-20 11-12 12-14 13-13 15-8 15-9 16-5 17-6 18-21
0-3 2-4 3-5 5-8 6-9 8-7 8-11 10-13 11-12 12-14 13-15 16-16 17-17 18-18 19-19 20-20 21-21 22-22 24-23
1-7 2-1 3-12 4-13 5-14 6-10 7-11 9-3 10-4 11-5 11-8 12-15
0-2 0-3 1-20 2-4 3-5 4-7 5-8 8-9 9-10 10-11 10-12 12-12 13-13 13-14 13-15 15-18 16-13 16-19 17-21 18-23 19-24 20-25 21-26 22-22 23-27
0-9 1-10 2-12 3-13 4-3 5-4 8-6 8-7 9-8 10-5 11-14
0-0 1-2 2-6 3-5 4-7 5-9 6-10 7-11 8-13 9-7 10-8 11-14
0-3 1-0 2-1 3-2 4-6 5-5 7-4 9-7 10-8 11-9 12-13 15-17 16-16 18-20
0-0 1-1 2-2
0-0 1-1 2-2 3-3 4-4 5-5 7-6 8-8 9-11 10-12 11-9 12-7 14-13 16-19 17-20 18-21 20-15 20-16 20-17 21-14 22-22
0-1 1-2 2-3 3-3 4-4 5-5 6-6 9-8 10-7 11-9
1-2 2-3 2-4 3-5 6-8 7-9 8-10 9-11 9-14 10-13 12-15 13-16 14-17 15-18 16-19 17-20 18-21 19-22
0-0 1-1 2-2 3-3 4-7 5-6 7-8 8-8 10-9 11-10 12-12 13-18 14-16 15-14 17-19 18-20 19-21 20-23 21-25 22-26 23-27 24-24 25-28
0-0 1-1 2-2 3-3 4-4 4-5 5-6 6-8 7-9 8-7 9-10
0-2 1-3 1-5 3-0 4-1 5-6 6-4 6-6 7-7 10-8 11-13 12-14 12-16 14-10 16-12 17-17
0-0 1-1 2-3 3-7 5-5 6-6 7-4 8-8
0-0 1-1 2-2 3-3 4-4 5-6 6-8 7-10 8-11 9-12 10-13 10-14 11-15 12-16 14-17 15-18 16-19 17-20 19-21 20-22 21-25 22-26 23-27 24-28 25-24 26-23 27-29
1-3 2-3 3-1 4-0 5-12 6-14 8-14 9-5 11-10 11-11 12-8 13-6 13-7 14-15
0-0 1-3 2-2 3-4 4-5 5-6 6-7 7-8 8-10 9-11 10-12 11-13 11-14 11-15 12-16 13-17 14-18 15-20 16-21 17-22 18-23 19-26 21-29 22-30 24-27 24-28 25-31 26-32 27-33 28-34 29-35
0-0 1-1 2-2 3-4 4-5 5-6 6-7 7-8 8-9 9-10 10-11 11-13 12-14 13-15 14-16 15-17 16-18 17-19 18-20 19-21 20-3 21-22
0-0 1-1 1-2 2-7 3-8 4-9 5-3 7-11 8-10 10-14 12-15 14-12 16-13 17-16 18-17 21-18 22-19 22-20 23-21 24-22 24-23 26-26 27-26 27-27 28-25 29-28
0-1 1-2 2-3 3-5 4-4 5-6
0-0 1-1 2-3 2-5 3-6 4-7 5-7 6-12 8-11 12-13 13-12 16-8 17-17 18-18 19-19 20-15 21-20
0-0 1-1 2-3 3-4 4-5
0-1 1-4 2-2 4-0 5-7 6-8 8-12 9-13 10-14 11-15 12-18 13-16 14-17 15-19 16-21 17-22
0-0 1-5 3-2 4-3 4-4 5-6 6-7 7-8 8-9 9-11 10-15 11-16 13-10 15-17 18-18 19-21 20-22 21-23 22-25 23-26 24-27 25-19 26-20 27-28
0-0 1-1 2-2 3-3 6-3 7-3 8-4 9-5 10-6 12-7 13-8 14-9 15-10 17-11 18-14 19-15 20-12 20-13 22-16 23-18 24-19 25-20 27-21 28-22
0-1 1-0 2-2 4-3 6-5 7-6 9-4 10-7 11-13 12-14 13-15 14-11 14-12 15-16 16-7 17-8 20-17 21-18 22-19 23-22 23-23 24-20 26-26 28-30 29-31 30-32 32-28 34-29 35-33
0-0 1-1 2-2 3-3 5-5 7-4 9-7 11-8 13-6 15-9 16-13
0-0 2-5 4-7 6-6 7-7 9-2 10-4 11-8 12-9 14-10 14-11 16-12 16-13 17-14 19-3 20-15
0-0 2-1 3-2 5-3 6-4 8-6 9-7 10-5 11-8
1-0 2-1 5-2 6-3 7-4 8-6 9-7 10-7 10-8 11-5 12-9 13-10 14-11 14-12 15-13 17-14 17-15 18-18 19-16 20-17 22-20 23-21 24-22 25-23 26-24 28-24 29-19 30-25
0-0 1-1 1-2 2-3 4-4 5-5
0-0 1-1 2-6 3-3 4-4 5-5 6-7 7-8 8-9 9-10 10-11 12-12 13-15 14-14 15-17 16-13 17-18
0-0 1-1 2-3 4-4 5-8 6-9 7-6 8-7 10-10 13-5 14-11
0-2 1-1 2-0 3-3 4-5 5-4 7-8 8-9 10-11 10-12 11-13 12-6 13-17 14-18 15-19 16-20 17-21 17-22 18-15 18-26 19-27
0-0 1-1 2-6 3-7 4-4 5-5 6-8 7-9 8-10 9-12 11-13 11-14 12-15 13-2 16-16 17-17 18-18 19-20 20-21 21-24 22-23 23-26 24-27 25-28 26-29 27-30 28-31 29-32 30-33 31-37 32-37 32-38 34-34 35-35 36-39
0-0 1-2 2-1 3-3 4-4 6-5 7-6 8-7 9-9 10-10 11-11 12-12 13-13 14-8 15-14
0-2 1-3 2-0 3-1 4-4 5-6 6-7 7-8 8-9 9-13 10-15 11-16 12-11 13-12 14-17
0-1 1-2 2-0 4-3 5-5 6-6 9-9 10-10 11-7 14-8 17-8 18-11
0-0 1-1 2-2 3-3 5-4 6-4 8-5 9-7 10-8 10-9 11-10 12-11 13-12 14-6 15-13
0-1 1-2 2-0 3-6 4-4 5-7 6-7 7-9 8-10 9-11 10-12 11-13 12-14 13-15 14-8 15-16
0-0 1-1 3-6 4-2 6-7 7-8 8-16 9-17 10-18 11-19 12-20 13-9 14-10 16-21 17-22 18-23 19-27 20-24 21-25 22-28 26-33 27-34 28-35 29-36 30-32 31-30 31-31 32-37
0-4 1-5 2-0 3-2 4-10 5-11 5-12 6-6 7-9 8-13
0-0 1-7 2-9 3-10 5-11 6-16 9-17 10-13 11-15 12-14 13-12 15-1 16-2 17-3 17-4 20-18 20-19 22-21 24-22 24-27 25-28 28-31 29-30 30-23 34-25 34-26 35-32
0-2 2-0 3-5 4-6 5-7 6-8 8-9 9-10 10-11 11-11 12-12 14-19 15-20 16-21 17-14 18-17 18-18 19-15 20-22
0-0 1-1 2-2 3-6 4-7 6-3 6-4 7-8 8-8 10-13 12-14 13-11 14-12 15-9 16-10 17-15
2-0 3-1 4-2 6-5 8-3 9-4 10-6 15-12 16-13 17-14 18-15 19-9 21-16
2-4 3-5 5-6 6-7 7-9 8-10 9-8 13-1 14-0 16-2 17-11
0-4 1-5 2-0 3-2 4-3 6-6
1-2 2-1 3-0 5-3 6-4
0-3 1-4 2-5 3-2 4-1 6-7 7-8 8-9 8-10 9-11 10-13 11-14 12-16 13-17 14-18 15-19 16-21 18-30 19-31 20-28 21-22 22-23 22-24 24-32
2-0 3-1 4-2 4-3 5-0 5-3 6-4 8-8 9-9 11-11 13-7 17-14 20-16 21-17 21-19 23-21
0-0 1-1 2-2 3-4 6-5 7-6 8-7 9-3 10-8 11-8 12-9 13-10 14-12 15-13 16-11 18-14 20-19 21-20 22-16 23-21 24-18 26-22
0-0 1-3 1-4 2-6 3-7 4-12
0-0 1-1 2-2 3-3 5-4 7-9 8-6 9-7 11-11 12-12 13-13 13-14 14-15 15-16 16-17 17-18 18-19 19-20 20-21 21-22 22-10 23-23
6-4 12-10 13-9 15-9 17-6 18-7 19-8 20-11 22-12 23-13 24-14
2-0 3-3 4-4 5-5 6-6 7-7 8-8 8-9 9-10 11-11 12-12 12-13 13-14 15-15 16-16 17-18 18-19 20-20
0-0 1-1 3-2 4-4 5-5 6-6 11-7 13-11 15-9 15-10 17-10 18-12 19-13 20-14 21-15 22-17 23-18 24-19 25-16 28-8 29-20
0-0 1-1 2-3 3-4 4-5 5-6 6-8 7-9 8-10 9-11 10-12 11-2 13-13 15-16 16-17 17-18 18-14 20-19 21-21 22-22 24-23 25-23 27-24 28-26 29-27 30-28 31-29 32-30 33-31 34-25 35-32
0-0 1-1 2-2 3-3 4-6 5-7 6-8 7-12 8-9 9-5 10-4 11-13
0-9 1-3 3-5 4-7 6-11 7-11 8-12 9-13 9-14 10-18 10-19 11-20 12-21 13-22 14-23 15-24 16-25 17-16 18-15 19-26
0-2 0-3 1-4 2-5 3-9 3-11 4-7 5-8 6-0 7-10 8-15 9-12 10-16
0-0 1-1 2-2 3-3 4-4 5-5 6-6 6-7 7-8 8-9 9-10 10-11 11-12 12-13 13-14 14-15
0-0 1-1 1-2 2-3 3-4 3-5 4-6 5-7 6-8 6-9 7-10 8-11 10-12 11-13 12-16 13-15 14-17 15-18 17-19
0-0 1-1 2-2 3-3 5-4 6-6 7-7 8-8 9-9 10-11 11-12 12-10 13-13 15-22 17-19 18-20 20-15 21-16 22-16 25-14 25-16 26-23
0-0 1-1 1-4 1-5 1-6 1-7 2-8 3-9 4-9 5-10 6-11
0-0 1-1 2-2 3-3 4-4 5-5 6-6 7-7 9-8 10-9 11-10 13-11 14-12 15-14 17-15 18-16 19-17 20-18 21-20 22-21 23-22 25-19 26-23
0-0 3-1 4-9 5-3 5-4 6-5 7-6 8-7 9-8 12-10 13-10 14-11 15-12 16-13 17-14 18-15 19-16 20-17 21-18 22-23 22-24 23-25 24-26 25-22 26-27
0-4 1-3 2-2 3-6 4-12 5-13 6-9 6-11 10-10 11-15 12-16 13-17 14-18 15-22 16-20 17-23 18-23 19-24 20-25 20-33 21-28 22-29 23-30 24-31 25-32 26-27 27-36
0-5 2-7 3-3 4-0 5-6 6-8 7-9 8-14 8-15 10-12 11-13 13-18 14-17 18-15 19-19
0-0 1-1 1-2 2-3 3-4 3-6 5-5 9-9 11-10 12-11 13-12 14-13 15-14 16-15 18-19 18-20 19-16 20-17 23-22 24-23 25-24
0-0 1-5 2-3 3-6 4-7
0-0 1-1 2-3 3-5 4-6 5-7 6-4 7-2 8-8
0-0 1-1 2-2 4-3 5-4 6-5 7-6 8-7 9-13 11-9 12-10 13-11 14-12 16-15 17-16 18-17 19-8 20-19 21-31 22-32 23-33 24-22 25-24 26-27 27-23 28-34
1-4 3-0 4-1 5-6 6-3 7-7 8-8 10-9 11-10 12-13 13-14 14-16 16-15 17-12 18-11 19-17
0-0 1-2 2-6 3-7 5-8 6-9 7-10 8-12 9-13 10-4 10-6 11-14 14-15 15-16 16-17 17-20 19-18 19-19 19-20 21-18 22-23 23-24 24-25 25-27 26-28 27-29 28-30 29-31 30-32 31-34 32-35 33-36
0-1 1-2 2-3 2-4 2-5 3-7 4-11 5-9 6-0 8-12
0-0 1-3 2-4 3-5 4-6 5-7 6-2 7-3 8-8 9-9 10-10 11-12 12-13 13-14 14-11 15-15
0-2 1-3 2-5 3-0 4-4 5-8 6-8 7-9 8-14 9-15 10-20 11-21 12-16 13-12 15-13 17-11 18-10 19-22
0-0 1-1 2-2 4-3 5-5 5-11 6-12 7-13 8-9 9-10 13-10 14-4 16-0 17-14 18-15 19-16 20-17 23-18
0-4 1-1 2-2 3-3 4-6 5-7 5-9 6-8 7-9 10-10 11-13 12-14 13-12 16-15 18-17 19-18 20-19 21-20 22-21 23-16 24-22
4-12 5-1 6-0 7-5 8-2 9-3 10-3 12-6 13-7 17-8 18-9 19-10 19-12 24-13
0-3 1-4 6-0 7-1 10-6 11-5 12-7 15-8 18-10 19-11 21-27 22-28 24-32 25-33 28-12 29-13 30-14 31-23 32-24 33-25 34-17 35-16 36-22 37-15 38-34
0-0 1-1 2-5 3-6 4-2 5-3 6-7 9-13 10-14 11-10 12-11 12-12 13-15
0-0 1-1 2-2 3-3 5-5 5-6 6-6 7-8
0-0 1-1 2-3 3-4 4-4 5-5 6-7 8-6 9-9 10-10 11-8 12-11 13-12 14-13 15-14 16-15 17-16 18-23 19-24 20-25 21-26 22-21 23-22 24-17 24-19 25-27
0-0 1-1 2-2 3-3 5-4 6-5 7-6 8-7 8-9 10-11 11-12 12-10 13-13
0-0 1-1 3-3 4-4 5-5 6-6 7-7 8-9 10-8 11-10 12-11 13-12 14-2 15-13
0-0 1-1 2-4 4-2 4-3 5-3 6-5 7-6 8-7 9-8 11-9 12-10 13-11 14-12 15-14 16-15 17-16 18-17 19-18 20-19 21-20 22-21 23-24 24-24 25-21 25-22 25-25 26-26
0-0 1-1 2-4 3-6 4-7 5-8 6-9 7-10 8-11 9-5 10-12
0-2 1-3 2-0 3-1 4-4 5-4 6-9 7-11 8-13 10-8 13-6 14-14
0-0 1-1 1-2 1-3 2-4 3-6 4-7
0-11 1-10 2-3 3-0 4-5 5-6 6-7 7-8 8-9 12-16 13-13 14-12 15-14 16-17 17-16 19-19 21-20 22-22 23-24 24-25 24-26 25-21 26-27
0-0 1-1 2-2 3-2 4-3 5-4 6-5 7-8 7-10 8-9 10-6 11-15 12-7 13-16
0-0 1-1 3-3 4-4 5-5 6-6 7-7 8-8
0-0 1-1 1-2 2-3 2-4 3-5
1-0 2-1 3-3 4-4 5-8 6-8 7-9 8-7 10-13 14-15 15-18 16-19 17-16 19-20 20-22 21-23 22-24 23-25 23-26 24-21 27-27
0-5 1-3 3-0 4-2 5-6
0-0 1-2 2-3 3-4 4-5 5-6 7-7 8-9 9-11 9-12 10-8 11-13 12-14 13-15 14-19 15-21 17-20 19-18 21-23 22-24 23-25 24-28 24-30 26-27 28-29 32-31
0-0 1-1 2-2 3-5 4-6 5-7 6-8 7-10 8-11 9-12 11-14 12-15 13-16 13-17 14-18 15-19 16-20 17-21 18-22 19-23 20-24 20-25 21-26 22-27 22-28 23-30 24-31 25-13 27-3 28-4 29-32
0-9 1-0 1-2 2-3 4-4 5-6 6-5 7-10 8-11 9-12 10-13 12-14 13-17 14-19 15-21 16-22 17-23 18-24 19-16 20-15 21-25
0-7 3-8 3-9 4-12 5-13 6-14 6-15 6-16 7-11 9-10 11-1 12-4 13-5 14-2 15-17
0-0 1-1 3-2 4-3 7-4 8-6 9-5 11-7 12-8 13-13 14-14 15-11 16-9 21-16 22-15 23-17
0-0 0-1 1-9 2-5 3-6 4-7 5-3 7-4 8-10 9-11 10-12 10-16 11-13 12-14 13-15 14-17
0-4 1-3 2-6 4-0 5-0 5-1 6-2 7-5 9-8 10-10 13-12 14-11 15-13
0-2 1-3 1-4 1-5 2-6 3-9 5-7 6-8 7-10 9-12 10-13 11-14 12-11 13-15
0-0 1-1 2-2 3-4 4-7 5-3 6-5 7-8 8-9
0-0 1-1 2-2 3-3 4-5 5-6 7-7 8-8 9-11 10-12 11-10 12-9 13-13
0-0 1-3 3-4 4-5 5-5 6-6 7-9 8-8 9-7 10-10 11-11 12-12 13-13 14-14 15-15 16-16 17-17 18-18 20-19 21-20 22-21
0-0 1-1 2-2 4-6 6-3 7-4 8-8 9-9 9-10 10-10 10-12 11-13 12-14 13-5 14-15 15-16 16-17 18-18
0-0 1-1 2-3 3-2 4-4 5-5 6-6
0-0 1-1 2-2 3-3 6-4 7-5 8-8 9-8 10-9 11-10 11-11 12-12 13-13 14-7 15-6 16-14
0-0 1-1 2-2 3-3 4-4 5-6 6-7 7-11 8-9 9-10 10-13 11-14 12-15 13-16 14-17 15-18 16-12 18-19 19-20 22-22 22-30 23-21 23-29 24-23 24-31 25-25 26-26 27-34 28-35 28-36 29-23 29-31 30-32 31-37
0-0 1-1 2-3 3-4 4-5 5-7 6-9 7-10 9-12 10-13 11-8 12-14
0-0 1-2 2-4 3-5 4-6 5-7 6-8 7-10 8-11 9-12 10-13 11-15
0-0 1-1 2-3 3-4 4-5 5-2 6-6
0-0 1-3 2-2 6-6 7-7 8-10 9-12
0-0 1-1 1-2 1-3 2-4 3-5 4-6 5-7 6-8 7-9 8-14 12-12 13-13 14-10 15-15 16-16 17-17 18-18 19-19 20-20 21-21 22-22 23-23
0-0 1-1 2-2 4-4 7-5 8-10 9-11 10-12 11-8 12-9 13-13 14-14 15-16 16-15 18-15 20-7 21-6 22-17 23-18 24-21 25-22 26-20 27-23 29-25 33-3 33-24 36-26
0-0 1-0 2-1 3-2 4-3 6-6 6-7 7-4 8-8 9-9 10-12 11-17 12-18 13-19 14-15 17-22 18-23 19-20 21-24
0-0 1-1 3-2 4-3 5-6 6-7 7-8 8-9 9-10 10-11 11-4 12-12 14-13 15-14 16-15 19-16 20-17 22-21 23-22 24-23 25-24 26-25 27-26 27-27 28-28 29-30 30-31 31-32 32-29 33-34 34-33 35-35
1-8 4-7 5-0 6-1 7-2 8-3 9-5 12-4 13-6 14-14 15-15 16-16 17-17 18-18 19-13 20-11 21-20 22-21 25-22 26-23 27-24 28-25
0-0 1-1 3-2 4-3 5-6 6-7 6-9 7-10 8-17 9-18 10-19 11-20 12-13 13-12 14-4 16-21 18-25 19-28 20-29 21-30 22-34 23-35 24-32 24-36 24-37 27-22 27-23 28-38
0-1 1-7 2-5 3-0 4-10 5-11 6-9 7-12
0-0 1-1 3-2 4-3 5-4 6-5 7-6 8-7 9-8 10-9 11-10 12-11
0-0 1-1 2-2 3-3 4-4 5-7 6-8 7-9 7-10 8-11 9-12 10-13 11-14 11-15 12-16 12-17 13-5 13-6 14-18
0-4 1-6 2-7 3-0 4-1 5-2 6-3 7-8 8-14 9-11 10-9 11-10 12-11 13-15
0-0 1-2 2-3 4-4 4-5 5-6 7-7 9-1 10-8 12-9 13-10 14-11 15-13 16-14 18-12 19-15
0-2 1-0 2-1 3-5 4-6 5-4 7-7
1-3 1-5 4-0 5-5 6-6 7-7 8-8 9-9 10-13 11-14 14-16 15-17 16-18 17-19 18-20 19-24 19-25 20-11 20-15 21-26 22-27 23-29 24-30 25-31 26-32 27-33 28-34 29-36 30-37 30-38 31-28 32-39
0-2 1-6 2-3 3-9 4-10 5-11 6-5 8-7 8-8 9-12 10-13 11-15 12-16 12-17 13-19 14-21 15-22 16-23 16-24 17-25 18-26 19-27 19-28 21-29
0-4 2-0 3-1 5-2 7-5 8-6 9-11 9-12 10-8 11-9 13-7 14-13
0-0 1-7 4-3 6-6 8-4 9-8 10-9 11-10 12-11
0-0 3-2 4-4 5-5 6-7 7-10 8-1 9-3 11-11 12-15 13-16 14-17 15-18 16-19 17-20 19-21 20-22 21-14 22-12 23-23
0-0 1-6 2-2 3-4 4-5 5-10 6-8 7-9 8-10 9-7 10-11
0-0 1-1 4-10 6-5 7-6 8-7 9-8 10-2 10-3 11-11 12-12 13-14 14-13 15-15 16-16 17-17 18-18
0-0 3-1 5-2 6-3 7-4 9-6 10-7 11-5 12-8
0-0 3-2 4-3 7-4 8-7 9-6 10-5 11-8 12-9 13-13 16-10 17-11 21-12 23-14
0-0 1-1 2-5 3-4 4-6 6-7 8-10 9-11 10-12 11-13 12-14 13-15 14-17 15-18 16-19 17-21 17-23 18-8 18-9 32-24 33-26 34-25 35-27
0-2 1-2 1-4 2-5 3-0 4-6 5-7 6-8 11-9 12-11 13-10 14-12 15-13 16-14 17-15 19-16 20-17 22-18
0-0 1-1 2-2 3-3 4-4 5-5 6-6 7-7 8-8 9-9 10-10 11-11 13-13 14-14 15-15 16-12 17-16 18-17 19-18 20-20 21-21 21-23 21-24 22-25 23-26 24-27 25-28
0-1 1-2 2-3 3-6 5-5 6-7
0-0 1-1 2-2 3-3 4-3 5-4 6-5
0-0 2-1 3-4 5-4 7-5 7-6 7-7 9-5 9-6 10-5 12-12 14-10 15-27 20-24 21-13 22-14 22-15 23-16 24-17 25-18 26-19 27-20 28-21 29-24 30-23 31-22 32-32
0-0 1-9 2-10 4-1 5-2 6-3 7-8 8-7 9-4 11-5 12-5 13-6 14-11
0-0 1-4 2-3 5-1 6-4 8-5 9-6 10-7 11-9 12-10 13-10 14-12
0-0 1-1 2-2 3-3 5-7 6-9 7-10 8-11 9-13 10-15 11-16 12-17 13-18 14-19 15-20 16-21 17-22 18-23 19-4 19-5 20-24
0-11 2-12 3-10 4-0 5-1 6-5 7-7 7-8 7-9 8-13 9-19 10-20 11-21 13-22 13-23 14-24 15-25 17-4 18-5 19-6 19-26 19-27 19-28 22-34 23-35 28-31 29-32 30-29 31-36
0-2 1-3 2-1 3-0 5-4 6-5 7-6 9-7 10-8 11-9 11-10 12-13 13-18 13-19 14-14 15-16 16-16 17-16 18-17 19-15 20-11 20-12 21-20 22-21 24-23 25-24 27-26 27-27 29-25 30-28 31-22 32-30 33-32 34-31 35-33 36-29 37-34
0-0 1-1 2-2 3-3 4-4 5-5 7-6 8-9 9-7 10-8 11-11 12-12 13-13 14-14 15-15 15-16 16-17 16-20 16-23 18-10 19-24
0-0 1-1 2-4 4-2 5-3 6-8 7-5 8-6 9-7 10-10 11-11 13-17 14-18 15-19 16-20 17-22 17-23 18-16 19-15 20-24
0-0 1-1 2-5 3-6 4-7 5-8 6-9 7-2 8-4 9-10
1-2 2-5 3-7 4-6 6-10 7-15 8-16 9-17 10-14 12-19 13-20 14-21 15-23 16-24 17-9 18-25
0-0 1-1 1-3 2-1 4-3 5-4 6-4 7-5 8-6 9-7 10-8 11-9 12-11 13-10 14-13 15-16 16-17 17-18 18-19 19-20 20-15 24-24 25-25 26-27 26-28 27-29 28-30 29-23 30-22 32-31
0-0 1-1 2-3 4-4 5-5 6-8 7-9 8-7 9-6 10-10
0-0 3-1 4-2 6-3 8-4 9-5 10-6 11-8 11-9 12-10
3-1 6-4 8-2 9-3 11-5 12-5 13-6
0-0 1-1 2-4 3-2 4-3 6-5 8-7 9-8 10-12 11-11 12-10 13-13
0-0 1-1 2-2 3-3 4-5 5-6 6-8 7-9 8-10 9-11 10-12 11-13 12-14 13-15 14-16 15-17 16-18 17-19 18-20 20-4 21-21
0-0 1-2 3-3 4-8 5-4 6-5 7-6 8-7 9-11 10-12 11-13 12-10 14-14 15-16 16-21 17-19 18-15 19-22
0-0 1-5 2-6 3-7 4-8 5-9 6-10 7-11 8-2 9-12
0-0 1-1 3-6 7-8 8-9 9-10 10-12 11-15 11-16 12-13 13-18 14-19 15-20 16-21 17-21 19-22 20-23 21-25 22-26 23-27 23-28 26-29 27-30 28-31 29-32 30-33 30-34 31-24 32-35
0-0 1-1 2-12 4-3 5-4 5-5 5-6 6-8 7-9 8-9 9-9 10-10 11-13 11-15 12-16 13-17 14-18 15-19 15-20 15-21 16-22 17-23 20-26 21-27 22-28 23-29 24-24 26-30 27-31 28-30 29-32
0-0 1-1 2-3 3-4 4-2 5-5 6-7 7-8 8-9 9-10 11-11 12-14 13-15 14-16 15-17 16-19 16-20 17-13 18-12 19-21
0-1 0-2 2-4 3-5 4-6 6-9 7-11 8-12 9-13 11-7 12-14
0-0 1-4 2-5 3-6 4-7 5-8 6-9 7-10 8-11 9-12 10-13 11-14 11-15 12-16 13-17 14-18
0-0 1-1 2-3 3-0 4-2 6-4 7-5 8-6 9-7 10-8 11-12 12-13 14-14 16-10 17-11 18-9 19-15 20-16 21-17
1-21 2-0 3-5 4-2 5-3 8-6 9-8 12-26 13-27 14-28 15-29 16-30 18-9 19-24 22-12 23-13 24-15 25-16 26-17 28-18 28-20 29-14 29-30 30-11 32-32
0-0 1-2 2-5 3-6 4-7 5-8 6-9 7-10 8-12 10-12 11-13 12-14 13-15 14-16 15-17 16-18 17-19 18-20 19-4 20-21
1-7 2-6 5-3 6-4 8-5 9-8 10-9 12-10 17-11 18-12 19-13 20-15 21-16 22-17 22-20 23-21
0-0 1-1 4-3 5-4 7-6 8-7 9-8 11-9 12-10 13-12 14-13 14-14 15-16 16-17 17-18 19-20 20-29 21-30 23-23 24-24 24-25 25-27 26-28 30-32 31-31 32-36
0-2 1-1 3-3 4-4 5-5 6-8 7-9 8-10 9-7 10-11 11-12 15-21 16-17 16-18 17-19 18-25 19-26 20-27 20-28 21-23 22-20 23-29
0-0 1-1 2-2 3-7 3-8 4-3 5-4 6-10 7-11 8-12 9-14 9-15 10-16 11-17 12-18 13-19 14-20 15-21 16-22
1-0 2-1 3-2 4-3 5-5 10-7 11-6 14-12 15-14 16-15 17-16 17-17 18-18 18-21 18-22 19-23
0-0 1-1 2-2 3-3 4-4 5-5 6-6
0-0 1-1 2-2 3-3 4-4 5-5 6-6 7-6 8-7 9-8 10-15 11-16 12-17 13-18 14-12 15-19 16-13 17-14 18-9 19-21 20-24 21-25 22-26 23-27
0-0 1-1 2-2 3-3
1-2 3-0 4-1 5-3 6-4 7-5 9-6 12-8 13-9 14-6 14-10 15-11
2-0 3-1 4-2 5-3 6-4 8-5 8-8 8-9 9-10 11-18 13-13 15-14 16-15 17-16 18-11 18-12 19-19 20-22 21-23 22-24 23-20 25-25 26-26 27-28 28-31 29-32 30-33 31-34 32-30 33-27 34-35
0-0 8-4 9-1 11-5 12-10 13-7 14-8 18-12 20-14 21-15 22-16 23-17 25-19 26-13 27-11 28-20
0-4 1-2 2-0 3-10 4-11 5-12 6-13 7-14 8-15 9-16 10-17 11-18 12-20 13-21 14-22 15-24 17-23 17-24 18-25 19-26 20-27 21-28 22-9 23-29
0-0 1-1 2-2 3-3 4-4 5-5 6-6 6-7 8-8 9-9 10-10 11-11 12-12 13-13 14-18 15-19 16-20 17-21 18-22 19-23 20-24 21-25 21-26 22-17 23-16 25-15 26-27
0-1 1-2 2-3 3-0 4-4 5-5 5-6 6-7
0-2 1-3 2-0 3-9 4-10 5-12 6-13 7-14 7-15 8-17 10-16 15-5 16-7 16-8 17-11 18-18
0-0 1-9 2-8 3-1 4-2 4-3 5-4 6-5 6-6 7-3 8-7 9-10 10-11 13-12 15-13 16-16 19-14 19-15 20-18 21-21 24-24 24-25 25-17 25-19 26-26
0-2 0-3 1-10 2-15 3-5 4-6 5-7 6-8 6-9 7-12 8-11 9-16
1-3 2-5 3-6 4-10 6-11 6-12 7-9 10-8 11-13 12-14 13-15 14-16 15-19 16-21 17-23 18-24 19-25 20-27 21-28 21-29 22-20 23-32
0-6 1-7 2-9 3-10 4-12 5-1 6-13 7-4 9-15 10-14 11-16 12-17 13-20 14-19 15-18 16-21
0-0 1-2 2-3 3-4 3-6 4-7 5-11 6-12 7-13 8-14 9-10 10-9 12-27 13-16 14-17 15-18 16-19 17-20 17-22 18-23 20-24 20-25 22-31 24-26 25-31 26-29 27-30 28-32 29-34 30-35 31-28 32-38
0-0 1-1 2-2 5-3 6-4 7-4 9-5 11-6 12-8 13-11 14-13 16-12 17-7 17-9 18-14
0-0 1-1 2-2 3-3 4-5 5-8 6-9 7-10 9-11 9-12 9-13 10-7 11-14
0-0 1-1 2-2 4-4 5-7 6-6 8-8 9-9 10-10 11-11 12-12 13-13
0-5 1-6 2-7 2-8 3-14 4-10 5-12 6-13 8-13 9-16 10-17 10-19 12-16 13-17 14-18 15-21 16-22 18-23 19-15 20-24
