0-0 1-1
0-0 1-1
0-0 1-1 2-2 3-3
0-0 1-1 2-2 3-3
0-0 1-1 2-2 3-3
1-0 1-2 2-0 3-3 4-4 5-6 6-7 7-8 8-11 9-12 10-13 11-14 12-15 13-17 15-19 15-20 16-21 17-22 18-23 19-24
0-0 3-1
0-0 3-1
0-0 1-2 2-3 3-4 4-5 5-6 6-7 7-8 8-9 9-10 10-12 11-14 12-15
0-1 1-2 2-4 3-5 4-7 5-8 6-9 7-10 8-11 9-13 10-14 11-17 12-16 13-18
0-0 1-1
0-2 2-0 3-1 4-1 6-3 8-5 9-6 10-7 11-8 12-9 13-10 14-11 15-12 16-13 17-14 18-15 21-17
0-0 1-2 3-3 5-3 7-8 9-9 11-10 12-11 16-13 17-15 19-17 20-19 21-18 23-20
3-3 4-6 5-5 6-4 8-0 9-1 10-1 12-2 13-2 15-12 16-0 16-14 17-1 18-15 19-15 20-7 21-8 22-10 23-16
0-2 3-3
0-0 1-1
5-4 6-6 7-7 8-8 9-9 10-10 11-11 12-12 14-13 15-14 16-15 17-16 18-17 19-19 20-21 21-20 21-21 22-22
0-0 1-1 2-2 2-4 3-5 4-6
0-0 1-1 2-2 3-3 4-4 5-5 6-6 7-7 8-8 9-9 10-11 11-12 12-15 13-14 14-16
0-0 1-0 3-1 4-3 5-4 6-8 8-7 8-9 9-10 10-11 11-13 12-14 13-15 15-18 16-20 17-23
0-0 1-2 2-3 3-4 4-5 5-7 5-8 6-9 7-10 8-14 9-13 10-11 11-16 14-21 15-20 16-22
0-0 1-2 1-3 3-4 4-5 6-6 7-7 8-8 9-9
0-0 1-2 3-3 4-4 6-5 7-6 8-8 9-9 10-10 11-11 12-12 13-13
0-2 1-3
0-0 1-2 2-3 3-4 4-5 5-8 6-9 7-10 8-11 9-12 10-13 11-14 12-15 13-16 14-17 15-17 16-17 17-18 18-19 19-20 20-21 21-22 22-23 23-24 24-25 25-24 26-26
0-2 1-2 2-4
0-0 2-3 3-5 4-6 4-7 6-12 7-14 8-12 9-5 9-14 10-10 14-15
0-0 1-1 2-2 3-3 4-4 5-6 6-7
4-6 6-0 7-2 8-7 9-8 10-9 11-10 12-12 14-13 15-14 16-15 17-17 18-18 19-17 20-19 21-20 22-21 23-22
0-4 1-0 2-3 3-1 5-9 6-11 7-12 9-14 10-15
0-0 1-3 2-2 4-1 5-4 6-5 7-7 8-8 9-9 10-10 11-11 12-12 13-13 14-15 15-16 16-17 17-18 18-22 19-23
0-8 1-9 2-10 3-11 4-12 5-13 7-17 8-0 9-5 10-4 12-6 13-18
0-2 1-1 4-3 5-4 6-6 7-7 8-8 9-9 10-10 11-11 12-12 13-13 14-15 15-14 18-16 19-17 20-18
0-0 1-1 2-3 3-5 4-4 5-6 6-7 7-9 8-10 9-11 10-12 11-14 13-16 14-17 15-18 16-19 17-20 18-21 19-23 20-24 21-25 22-26
0-0 1-1 2-2 3-3 4-4 5-5 6-6 7-7 8-8 9-10 10-13 11-14 12-15 13-17 14-16 15-17 16-18
0-0 2-3 3-2 5-5 6-6 7-8 8-9 9-10 10-11 11-13 12-14 13-15
0-2 1-4 3-5
0-0 1-2 2-3 3-8 4-5 5-7 6-7 7-9 10-16 11-17 13-18 15-23
0-0 1-1 2-2 3-5 4-4 5-6 6-7 7-9 8-8 9-10 10-11 11-13 12-14 13-12 14-15
0-0 1-2 2-7 4-9 8-5 9-12 10-13 11-14 12-15 13-18 14-19 15-16 16-17 20-20 21-21 22-22 23-25
0-0 1-1 2-2 3-3 5-3 7-4 8-5 9-7 10-8 11-9 12-10 13-11
0-0 1-1 2-2 3-5 4-8 5-10 6-11 7-12 8-15 9-16 10-17 11-20 12-19 13-18 14-21 15-22 17-23 18-24 19-26 20-25 21-27
0-4 1-6 2-3 3-1 3-2 4-1 5-7
0-0 2-2 2-5 5-3 6-6 7-7 8-8 10-14 12-18 14-11 15-12 18-10 19-10 20-20
0-0 3-1
0-0 3-1
0-0 1-1 2-2 3-1 4-3 5-6 6-7 7-8 9-9 10-10 12-12 13-11 14-13 15-14 16-15 17-16 18-17 19-18
0-0 1-1 2-3 3-4 4-5 5-6 6-7 7-8 8-9 9-10 10-13 11-12 12-14 13-15 14-16 15-17 16-18 17-19 18-20 19-25 22-23 23-26
3-0 4-1 5-3 6-6 7-7 8-9 11-16 12-17
0-0 1-1 2-2 3-3 4-4 5-5 6-8 9-14 12-16 14-18 17-10 18-11 19-12 20-13 21-19
2-3 3-4 4-5 5-0 6-1 7-1 9-2 10-6 11-7 12-8 13-10 14-9 15-11 16-13 17-14 18-18 19-18 20-20 21-22 22-21 23-23
0-0 1-1 3-8 5-9 6-10 7-4 7-6 8-4 8-6 9-12 11-14 12-15 13-17 14-24
0-17 1-18 2-19 6-20 7-21 10-3 11-4 12-5 13-7 14-8 15-9 16-10 17-13 18-14 19-15 20-22
0-0 1-2 2-3 4-6 5-7 7-9 9-11 11-12 13-14 14-15
1-2 2-3 2-19 3-0 5-1 6-5 7-6 7-7 8-8 9-10 10-12 11-14 12-15 13-17 14-18 15-19 16-22 17-23 18-24 20-25 21-26
0-0 1-1 2-3 3-4 4-6 5-8
0-0 1-1 2-2 4-8 5-5 6-9 7-10 8-14 9-13 10-15 11-16 12-17 13-18 14-20 15-22 16-23 16-25 17-26 18-27 19-28 21-4 22-5 23-6 25-29
2-0 3-1 6-4 7-5 8-7 9-8 10-11 13-14 16-13 17-16
0-5 1-4 2-1 3-6 4-7 5-8 6-9 7-10 8-11 9-12 10-13 11-14 12-15 13-16 14-17 15-18
0-3 1-4 2-5 3-0 4-1 5-1 6-1 7-2 8-3 9-6 10-9 11-7 12-10 13-12 14-13 15-15 16-16 17-17 18-14 19-18 20-20 21-21 22-22 23-23 25-24 26-25
0-0 1-2 2-3 3-4 4-5 9-7 10-8
0-0 1-1 2-3 3-5 4-4 5-6 6-7 7-10 8-8 9-11 10-12
0-0 1-1 2-1 3-4 4-5 5-7 7-9 7-11 8-13 9-14 10-15
0-0 1-2 2-5 3-6 4-10 5-13 6-9 7-14 8-15 9-18 10-19 11-22 12-24 13-23 15-21 17-27 18-27 19-28
0-1 1-2
0-0 1-1 2-2 3-4 4-5 12-9 13-10 14-11 15-12 16-14 17-15 18-16 19-17 22-19 24-22 25-23 26-24 27-25 28-26
0-0 1-1
0-0 1-1 3-2 4-3 5-4 6-5 7-7 8-9 9-10 10-11 11-13 12-13 13-14 15-16 16-17 17-19 18-20 19-21 21-22 23-24 25-24 26-23 27-25
0-2 1-0 2-1 3-2 4-6 5-7 6-8 7-8 8-9 9-10 10-12 13-15 14-16 15-17 16-18 17-19 18-20 19-21 21-22 22-23 23-25 24-26 27-27
0-0 1-1 2-1 3-2 4-3 5-4 6-5 7-8 8-6 9-9 10-11 11-13 13-14 16-11 17-15
0-0 0-1 1-2 2-3 3-6 4-8 5-9 6-10 7-12 8-15 9-16 10-17 11-18 12-19
0-0 2-1 6-5 7-6 8-8 10-2 11-3 12-10 13-11 14-12 15-14 16-20 17-21 18-22 26-24 27-25 27-27 28-28
0-1 1-2 2-3 3-4 4-5 5-6 6-7 7-8 8-9 9-10 10-14 13-16 14-17
0-0 1-2 2-3 3-4 4-5 5-7 6-8 7-9 8-10 10-11 11-12 12-13 13-15 14-18 15-14 16-19
0-1 1-2 2-4 3-7 4-8 5-12 8-13 9-14 10-14 12-11 14-5 15-6 16-15
2-0 3-1 5-2 6-4 7-5 8-6 9-7 10-8
0-0 1-1 2-2 3-3 4-4
0-0 1-1 1-2 3-8 5-3 7-9
0-0 1-1
0-0 1-2 2-3 3-7 4-11 6-10 7-12 8-13 10-14 11-15 12-16 13-17 16-18 17-19 18-23
0-0 1-2 2-3 3-4 4-5 5-5 6-6 7-9 8-10 9-11 10-12 11-13
0-0 1-1 3-2 4-3 5-4 6-5 7-6 9-7 10-8 11-9 12-10 13-11 14-12 15-15 16-18 17-16 18-13 19-20 20-21 21-22
0-8 1-9 3-12 5-1 8-4 9-13 10-14 11-20 12-17 13-9 14-10 15-24 16-25 17-28 18-11 19-29
0-0 1-1 2-2 9-6 10-7 11-8 13-10 15-11 16-12 17-14 17-15 18-16 19-17 20-18 22-19 23-21 24-20 25-22 26-23
1-2 2-3 3-6 4-8 5-9 8-10 9-12 12-12 13-13
0-0 1-10 2-11 3-6 4-7 5-8 6-14 7-12 7-15 8-13 9-17 11-17 12-18 13-19 14-20
0-0 1-3 2-4 3-4 4-8 5-9 6-10 7-11 8-12 9-13 10-14 11-15 12-16
0-5 1-8 2-7 4-9 5-10 6-12 8-13 9-14 10-15 11-20 12-17 13-21
0-1 1-2 2-3 2-6 4-7 5-5 6-4 7-8 8-8 9-9 10-15 11-18 12-16 14-12 15-12 17-10 18-11 19-19 20-21 21-22 22-24 23-23 24-25
0-0 1-2 2-3 3-5 4-4 5-10 7-14 8-15 9-16 10-17 11-18 12-19 13-20 14-21
0-0 2-4 3-5 5-9 7-11 8-12 11-2 14-15
0-0 1-1 2-4 4-10 5-5 7-6 9-7 10-8 12-9 13-13 14-14 15-11 17-16 18-17 19-18
2-5 4-0 4-2 5-4 6-3 7-3 9-10 10-7 11-11 12-14 13-15 14-14 15-13 16-14 17-16 18-17 19-18 20-19 21-20 22-21
0-0 1-1 2-2 3-3 4-4 5-5 6-6 7-7 8-11 10-13 11-14 12-15 13-17 15-11 20-18 21-22 22-21 24-23
4-0 5-2 6-5 7-6 8-7 9-8 10-9 11-10 12-11 13-12 14-13 15-14 16-15
0-1 1-2 2-3 3-4 4-5 5-6 6-7 7-8 8-10 9-11 10-12 11-13
1-0 2-1 3-3 4-4 5-5 6-7 7-6 8-8 10-15 12-18 13-19 13-20 14-16 17-11 18-10 19-12 21-14 22-21
0-1 2-3 3-4 4-5 5-7 6-6 7-9 9-11 9-12 10-10 12-13 12-16 13-14 14-15 15-17 16-20 17-21
0-0 1-1 2-2 3-3 4-4
0-2 2-4 2-5 3-6 4-7 5-8 6-1 7-0 9-9 10-10 11-11 12-13 14-14 15-15 16-16 17-17 18-19 19-20 20-21 21-22 22-23 23-24 24-25 25-26 26-27 28-27 29-28
0-2 1-3 2-2 2-5 3-6 4-7 6-1 8-8
0-0 1-3 2-4 3-5 4-6 5-7 6-9 8-9 9-11 10-11 12-12 13-10 14-13
0-2 1-3 2-4 3-0 4-1 5-5 6-6 7-7 8-16 9-17 10-19 11-18 12-20 13-22 14-23 15-24 16-9 17-11 18-10 19-12 20-15 21-14 22-25
0-3 1-5 2-2 2-6 3-0 5-1 6-8 8-9 9-10 10-11 11-12 12-13
0-0 1-1 3-11 4-2 5-13 6-14 7-15 8-16
0-0 1-2 2-3 3-4 4-6 5-8 6-8 7-8 8-9 9-15 10-12 11-13 12-10 13-16
0-0 1-2 2-5 3-6 4-7 5-8 6-9 7-10 8-11 9-15 10-16 11-17 12-18 13-19 14-21 15-23 16-24 17-25 19-26 20-28 21-29
1-1 3-2 4-3 5-5 6-8 7-6 10-10 11-11 12-12 13-13 14-18 15-15 16-19 17-20 18-21 19-22 20-23
0-0 1-1 2-2 3-3 4-4 5-6 6-8 8-9 9-10 10-11 11-14 12-15 13-16 14-17 15-18 16-19 17-21 18-22
0-0 1-1 2-1 3-2 4-3 6-5 7-6
0-0 1-5 2-4 3-1 4-6 5-8 6-7 10-11 11-13 12-14
0-1 1-2 2-3 2-6 4-7 6-6 7-8 8-9 8-10 9-11 10-13 11-14 12-15 13-16 14-17 15-18 16-19 17-20 18-21 19-22 20-25 21-24 22-26
0-0 1-2 2-0 3-3 4-4 5-5
0-1 2-2 3-3 4-4 5-5 6-6 7-7 8-8 9-12 10-9 11-13 13-20 14-21 15-16 16-17 18-20 19-21 20-19 22-23 23-24 24-25
0-0 1-2 2-3 3-5 4-4 5-6 6-7 7-8 8-9
0-0 1-1 2-2 3-4 4-5
0-1 1-2 2-3 3-4 4-5 5-6 6-7 7-8 8-9 9-11 10-10 11-12 12-13 13-14 15-15 16-17 17-18 18-19 19-20 20-21
0-0 1-1 2-1 3-2 4-3 5-5 6-6 7-7 8-10 9-9 11-11 12-15
0-0 1-1 2-2 4-6 5-7 8-11 9-12 10-9 11-13 12-17 13-14 14-16 15-18 16-19 18-20 19-21 20-22 21-23 22-24 23-25 24-26 25-27
0-0 1-2 2-2 3-3 4-4 5-5 6-6 7-7 7-8 8-9
0-3 1-0 2-1 5-0 8-5 10-6 11-7 12-10 13-8 14-11 15-13 17-12 18-14 19-15 21-16 22-17
0-0 1-2 2-3 3-6 4-8 5-9 5-10 6-11 8-12 9-13 10-14 11-25 12-20 12-22 13-17 14-15 15-26
0-0 1-1 2-2 4-3 5-4 6-5 7-6 8-7 10-8 11-9 12-10 13-12 14-11 15-13 17-17 18-18 19-16 19-19 20-21 21-20 22-22
0-0 1-1
0-0 1-1 2-2 3-3 4-4 5-7 6-9 7-13 8-14 9-15 10-10 10-12 11-11 12-16 13-17 14-18 15-19 18-20 19-20 22-21 23-22 24-23 25-24
0-2 1-3 2-4 3-6 4-7 5-0 6-1 7-1 9-9 11-10 12-12 13-11 14-13
0-0 1-2 2-3 3-4 4-5 5-6 6-7 8-10 9-8 11-9 12-11 13-12 14-13 15-14 17-15 19-16 20-17 22-19 24-20 25-23
0-0 1-1 2-3 4-6 5-8 6-9 7-11 8-10 10-13 11-14 12-15 13-17 14-18 15-16 17-23 18-24 19-25
0-4 1-2 3-5 4-3 9-8 10-9 11-10 12-11 13-11 14-16 15-17 16-14 17-18
3-1 5-7 6-8 7-7 9-3 10-4 11-9
3-1 5-2 6-0 7-4 9-6 10-7 12-8 13-9 14-10 15-11 16-12 17-14 18-15 20-17 23-18
0-0 1-1 5-2 6-6 7-7 8-8 9-9 10-10
3-4 4-8 5-9 6-10
0-0 1-2 2-3 3-4 4-6 5-7 6-8 7-9 8-11 9-12 10-15 11-14 12-16
0-0 1-1 3-5 4-6 6-11
0-0 4-1 5-2 7-4 9-5 10-6 11-7 11-11 13-9 14-10 15-13 17-14
0-0 1-2 2-1 3-3 3-4 4-4 5-5 6-6 7-7 8-8 9-9 10-10 12-12 13-15 14-16 15-11 16-13 18-13 19-17
0-4 1-5 2-6 5-8 6-9
2-0 3-2 4-3 5-1 8-4 9-16 11-15 12-17
3-3 4-4 5-6 7-7 9-8 10-9 11-10
0-0 1-2 2-3 3-4 4-5 5-5 7-6 9-11 11-12 12-13 13-14 14-15 15-16 16-17 17-18
0-0 1-5 2-1 3-8 4-7 5-10 6-11 7-11 9-12 10-13 11-14 12-15 13-16 14-18 15-19 16-20 17-21 18-22
0-0 1-1 2-2 3-3 4-4 5-6 6-5 7-7 8-8
0-2 2-3 3-4 5-5 6-7 7-8 9-9 10-10 11-11 12-12 13-14 15-15 16-16 17-17 20-18 21-19 22-20 23-23 25-24 26-25
0-0 1-2 2-3 3-4
0-1 1-2 2-3 3-4 5-8 6-9 6-11 7-10 8-11 9-7 10-12
0-2 2-2 3-1 5-3 6-4 7-5 10-7 11-6 12-8
0-0 1-1 2-2 3-3 4-4 5-5 6-6 7-7 8-8 9-9 10-10 11-11 12-12 13-15 14-13 15-18 17-19 18-20 19-25 20-28 21-22 22-21 23-29
0-0 1-2 2-3 3-4 4-6 5-9 6-10 7-11 8-12 9-13 10-14 11-17 12-15 13-18
0-0 2-1 3-2 4-5 5-6 6-7 7-8 8-10 9-9 10-11 11-12 12-15 14-15 15-13 16-16 17-18 18-20 21-19 22-21 23-23 25-24 25-27 26-28
0-0 2-2 3-1 4-11 5-15 6-12 7-13 9-5 10-7 11-8 12-16
0-7 1-8 3-6 4-5 5-9 6-10 7-11 8-12
0-0 1-1 2-2 3-3 4-4 5-5 6-6 7-7 8-8 9-9 12-13 13-15 14-14 16-10 17-11 18-12 21-16
0-0 2-4 3-5 7-9 8-10 9-11 10-12 12-14 16-17
1-17 3-5 5-21 6-22 7-25 8-24 9-15 10-2 10-4 11-6 12-7 16-8 17-11 19-26
0-0 1-1 2-3 3-4 4-2 5-8
3-0 4-1 5-2 6-4 11-8 12-15 13-10 14-11 16-12 17-22
0-1 2-2 3-3 4-4 6-7 7-8
0-0 1-1 2-2 3-3 4-4 5-4 6-5 7-6 7-8 8-6 8-8 9-9 10-10 11-11 12-12
0-2 3-3
0-0 1-0 2-1 3-3 4-6 5-7 6-8 7-9 8-10 10-12 11-13 12-14 13-15
0-4 1-5 3-0 4-2 5-3 6-6 7-7 8-9 9-10 10-12 11-13 13-14 15-16 16-17 17-19 18-20 19-21 20-22 21-23
0-0 1-1 2-4 3-5 6-7 7-8 11-10 12-11
5-3 7-4 9-7 10-8 11-9 12-12 13-13 14-15 15-16 15-18 16-19 17-20 18-21 19-22 20-23 21-24 22-27 23-26 24-28
0-0 1-1 2-2 3-3 4-5 6-6 7-7 8-9 9-8 13-10 14-11 15-12 16-13 17-15 18-16 19-16 20-17
0-0 1-1 2-6 4-7 5-8 6-10 7-11 9-12 10-13 11-14 12-12 13-17 14-14 15-16 16-17 18-19 19-21 21-23 22-24 23-25 24-26
0-2 1-3 2-6 3-7
0-3 2-0 3-1 4-4 5-3 6-5 7-11 8-13 9-15 10-14 11-16 12-6 12-25 13-7 14-8 15-17 16-18 17-19 19-20 20-21 21-22 22-24 23-26 24-27 25-23 26-28
3-2 4-3 5-5 6-6 7-7 8-8 9-15 12-9 13-17 14-19 15-22 16-24 17-25 19-26 20-26 21-27
0-0 1-1 2-2 3-3 4-4 6-6 7-7
0-16 2-5 3-7 5-11 6-12 7-8 8-9 9-15 13-0 14-1 15-3 16-2 17-22
2-9 3-10 4-11 5-12 6-13 7-15 9-0 10-1 12-3 13-2 15-4 17-20 18-24 19-21 20-18 22-19
0-0 1-1 2-1 4-2 5-3 6-4 7-6 8-5 9-7 10-8 11-10 12-11
0-0 1-1 4-3 5-6 6-7 7-8 8-10 9-11 10-12 11-13 12-15 13-14 15-18 16-17 17-22 18-20 19-23
0-0 1-1 2-3 3-4 4-5 5-6 5-7
0-0 1-1 2-3 4-7 5-8 6-9 7-12 8-12 10-16 11-14 12-10 13-20 14-21 15-22 16-23 17-24 18-26 19-25 20-27
0-0 1-1 2-2 3-3 4-5 5-4 7-6 8-7 9-9 10-8 11-10
0-0 1-2 2-3 3-4 5-7 6-9 7-8 8-10 9-11 10-12 11-13 12-15 13-16
0-0 1-0 2-0 3-1 5-2 6-3 7-4 8-5
0-0 1-1 2-2 4-6 5-5 6-7
0-0 1-1 2-3 3-2 4-4 6-5 7-6 8-11 9-12 10-7 12-13
0-0 1-1 2-2 3-4 4-5 4-7 8-8 9-9 10-12 12-14 13-15 14-16 15-18 16-19
0-0 1-1 2-4 3-4 4-5
0-0 1-4 3-2 4-2 7-5
0-0 1-2 2-3 3-4 4-5 6-6 7-7 8-8
0-0 1-1 2-4 3-2 4-6 5-7 6-8 7-10 8-11 9-12 10-13 11-14
0-0 1-1 2-2 4-4 5-3 6-7 7-8 9-12 10-13 11-13 12-10 18-17
0-9 1-10 3-14 4-15 8-4 9-4 10-16
0-0 1-2 2-3 3-4 5-5 6-6 7-8 8-10 9-11 10-12 11-13 12-14 13-15 15-18 16-17 17-19
0-3 1-5 2-11 4-7 6-8 7-10 8-11 9-12 10-13 11-14 12-18 13-15 14-19
0-0 1-1 2-2 3-3 4-4
0-0 1-2 2-3 3-4 4-5 5-6 6-7 7-8 8-10 10-11
0-0 1-1 2-3 3-2 4-4 5-5 6-6 7-7 8-9 9-10 10-11 11-12 12-13 13-15 14-15 15-20 16-21 17-23 18-24 19-25 20-27 21-28
0-0 1-1 2-2 3-3 4-4 5-5 6-6 7-7 8-8 9-10 10-9 11-11
1-4 2-6 3-0 4-2 5-3 6-1 7-7 8-8 9-9 11-12 12-12 14-13 15-14 16-15 17-16
1-1 3-5 4-7 5-8 6-7 11-14 12-15 14-10 15-9 18-17 19-18 20-19
0-2 1-0 2-1 3-2 5-4 6-5 7-9 8-10 9-11 10-12 11-14 12-15 13-16 14-17 15-20 16-19 17-18 18-21 19-22 20-23
0-0 1-1 3-4 4-6 5-9 6-10 7-11 8-13 9-13 10-12 12-14 13-15 14-16
0-3 1-4 3-2 6-5
0-0 1-11 2-12 4-1 5-2 6-4 7-5 8-6 9-7 10-8 11-13
0-2 1-3 2-4 3-4 4-6 7-0 9-1 10-1 11-8
0-0 1-0 2-1 3-2 4-3 5-6 6-8 7-4 8-5 12-9 14-10 15-16 16-17 17-18 18-15 19-19 20-20 21-22 22-21 23-23
2-0 3-1 6-2 10-4 11-5 15-7 16-8
0-0 2-2 3-2 4-3 5-4 6-6 7-9 8-10 9-11 10-16 11-15 13-17
0-10 1-12 3-0 5-1 6-2 7-3 8-4 9-5 10-6 11-7 12-8 13-13
0-0 1-2 2-3 3-4 4-5 9-7 10-8
0-0 1-1 2-3 2-4 4-6 5-5 6-7
0-0 0-2 1-1 2-6 3-7 4-5 5-8 9-10 10-11 11-12 12-16 13-18 14-19 15-22 16-17 17-14 18-15 19-23
0-0 1-1 1-2 3-9 3-12 5-8 6-5 7-10 8-12 9-14
0-0 1-1 2-4 3-5 5-5 11-8
0-9 1-10 2-0 3-1 6-2 7-3 8-4 9-5 10-6 11-11
0-0 1-1 2-2 4-3 5-4 6-6 7-7 8-8 9-8 10-9 11-10 12-11
0-1 1-2
0-0 1-2 2-3 3-4 5-5 6-9 7-10 8-11 9-12 11-3 12-4 13-13
2-0 3-1 4-2 5-4 6-5 7-6 8-8 9-9 11-10 12-11 13-13 14-12 15-16 16-18 18-17 19-21 20-22 21-23 22-24
6-1 8-6 9-7 12-5 13-4 14-8 15-10 16-13 17-14
0-0 1-1 2-2 3-3 4-4 5-5 6-6 7-7 8-8 9-9 10-11 11-12 11-15 12-15 13-16 16-18 17-19 18-20 19-21 20-22 21-23 22-23 23-24 24-25 25-26
0-0 1-1 3-2 4-3
0-0 1-4 2-6 3-7 4-8 5-9 6-10 7-12 8-13 9-14 10-15 11-16 12-17 13-18
0-0 1-1 2-3 3-4 4-5 5-6 6-7 7-8 8-9 10-10 11-11 12-12 13-13 14-14 15-15 16-16 17-17 18-18 19-19
0-0 1-2 2-3 3-4 4-5 5-6 6-8 7-12 8-13 9-14 11-17 12-20
1-24 2-25 3-23 5-1 6-2 7-3 8-4 9-5 10-6 11-7 12-7 13-8 14-9 15-10 16-11 17-12 18-15 18-16 19-20 20-13 20-19 21-21 22-27 23-26 24-28 25-29
0-0 1-4 2-1 3-4 4-8
0-0 1-2 2-3 3-4 4-9 5-10 6-11 7-12 8-13 9-14 11-16 12-8 15-20 16-24 17-21 19-5 20-6 22-22 24-7 25-7 26-25
0-0 1-2 2-1 3-3 5-4 6-4 7-6 8-7 9-8 10-10
0-0 1-1 2-2 3-3 4-4 7-5 8-11 9-10 10-12 12-11 13-13 13-15 14-16 15-17 16-18 17-19 18-20
2-0 3-1 4-1 5-2 6-3 7-4 8-5 9-10 10-11 11-13 12-12 14-16 15-17 16-21 17-22 18-24 19-25 21-25 22-27 23-28 24-29
0-0 2-3 3-4 4-6 5-7 6-11 7-12 12-14 13-16 14-19 16-20 17-21
0-3 1-4 2-5 3-6 4-8 5-1 6-0 7-0 8-9 9-14 12-19 13-20 15-21 17-22 18-25 19-26
0-0 3-1 4-2 6-3 7-4 8-5 9-7 10-8 11-9 12-10 13-11 14-12 15-13 16-15 20-21 22-20 23-23
1-0 2-1 3-3 4-4 5-5 6-8 7-9 8-10 10-11 12-13 13-15 13-18 14-14 15-19 16-20 17-21 18-23 19-22 21-24 22-25 23-26 24-28 25-27 26-29
0-0 1-4 2-1 2-3 3-5 4-9 5-11 6-10 7-12 8-13 9-18 10-15 11-19
1-1 4-15 5-5 6-6 7-7 8-8 9-9 10-10 13-12 17-17 18-16 19-18 20-26 21-27 22-19 23-20 24-21 25-25 26-22 27-28
0-3 1-1 2-4 3-5 4-6 5-7 6-9 7-8 8-10 9-11 10-13 11-20 14-15 16-16
0-0 1-1 2-2 2-25 5-4 6-5 7-6 8-8 11-10 13-11 14-14 15-13 16-15 17-16 18-17 19-18 22-24 23-17 24-21 25-29
0-2 1-0 2-3 3-3 4-4 5-5 6-6 7-7 8-8 9-10 10-11 13-12 14-13 15-14 16-15 17-17 18-18 19-20 20-19 21-21
0-0 1-1 2-2 3-3 4-4 5-5 6-6 8-8 9-9 10-10 11-13 12-13 13-14 14-15 15-16 16-17 17-20 19-22 20-23 21-24
0-0 1-1 2-2 3-3 4-6 5-9 5-13 6-14 8-16 8-18 11-22
0-0 1-1 2-1 3-1 4-3 5-4 7-7 8-5 9-8 11-9 12-10 14-11 15-12 16-13
0-3 2-4 3-5 4-6 5-7 6-8 8-2 10-1 13-9 14-20 15-21 17-21 19-10 20-11 21-12 22-15 23-14 24-16 25-19 27-22
1-1 2-0 3-2 4-4 5-3 6-5 7-6 7-7 8-9 9-9 10-10 11-11 12-12 15-16 16-17
0-3 1-1 2-4 3-4 5-5 6-6 7-7 9-8 10-9 11-10 12-12 13-13 14-14 15-11 16-11 17-15
0-0 1-5 1-13 2-6 4-1 5-2 6-3 7-4 8-8 10-10 11-9 12-11 14-14 15-15
0-0 2-3 3-4 4-2 5-5 6-6 7-7
0-0 1-1 2-3 3-2 4-9 5-7 6-4 8-5 10-6 11-8 13-10 15-16 17-17 19-20 20-19 21-13 22-12 23-21
0-0 1-2 2-3 3-5 4-6 5-7 6-8 7-9 8-10 10-12 12-13 13-14 14-15 15-16
0-1 1-2 2-3 3-6 4-10 5-7 6-14
0-0 1-1 2-3 3-4 4-7 5-5 7-11 8-8 9-12
0-0 1-2 2-0 4-4 7-3 8-9 9-10 10-13 11-11 12-15 13-15 14-20 15-22 17-25 18-24 19-26 20-26 21-27 22-24 23-28
0-0 1-1 3-5 5-6 6-7 7-8 8-9 9-10 10-11 11-12 12-14 14-13 15-18 16-17 18-22 19-20 20-23
0-0 1-0 3-5 5-6
0-3 1-1 2-4 3-5 4-14 5-14 6-8 7-10 8-11 9-15
0-9 4-10 6-7 8-1 9-2 10-3 11-5 12-11
0-0 1-1 2-2 3-1 4-3 5-4 8-5 9-6 11-17 12-18 14-8 18-9 19-12 20-10 22-22 23-15 24-25
3-6 4-9 5-8 6-10 7-12 8-13 9-17 10-18 11-19 12-20 13-0 14-22 15-2 18-5 20-3 22-4 24-23
0-0 1-1 2-2 3-3 4-4 5-5 6-6 7-12
0-2 1-5 2-3 3-0 4-6
0-0 1-1 2-2 3-3 4-5 5-6 6-7 7-8 8-9 9-10 10-12 11-11 12-13 13-15 14-16 15-17 23-18 24-21 25-24 26-25
1-5 3-0 4-1 5-3 7-8 8-9 9-10 10-11 11-12 12-16 13-16 14-17 15-18 16-19 17-20 18-21 19-22
0-0 1-1 2-1 3-2 4-3 6-4 9-6 11-11 12-12 13-8 14-9 16-13 17-15 18-14 19-16 20-19 21-18 23-20 24-21
0-0 1-1 2-2 3-4 4-5 5-6 6-7 7-8 8-9 9-10
0-1 1-2 2-3 3-2 4-3 5-4
0-4 1-6 2-7 3-9 4-10 5-12 6-15 7-16 8-17 9-19 10-1 11-21 11-23 12-24
0-4 2-0 3-5 4-6 5-7 6-8 7-9 8-11 9-12 10-13 11-14 12-15 14-16
1-7 3-8 4-9 6-0 7-1 8-3 9-4 10-6 11-10 12-11 13-12 14-14 17-15 18-17 19-18 20-19 21-20
0-0 1-1 6-20 7-22 9-3 11-6 12-5 13-7 14-8 15-17 18-19 19-23
1-2 2-3 3-4 4-5 5-7 6-8 7-10 8-11 9-13 10-15 11-16 12-17 13-18 14-19 15-20 16-21 17-24 18-23 19-25
0-2 1-3 2-0 3-3 4-4 5-5 6-6 7-8 8-9 10-13 11-15 12-16 15-17 15-18 17-21 18-11 19-23 20-24 21-26
0-0 1-1 2-2 3-3 4-4 5-5 6-6 7-7 8-8 9-9 10-11 11-10 12-12 13-13 14-14 15-15 16-16 17-17 18-18 19-19
2-5 3-6 4-7 5-8 7-9 8-10 9-11 10-13 12-12 13-14 14-16 15-15 16-17
0-0 1-1 1-2 4-8 6-5 7-3 8-9 10-10
1-2 2-0 4-3 5-4 6-5 7-6 8-7 9-8 10-10 11-9 12-11 13-12 14-14 15-15 16-17 17-18 18-19 19-24 20-23 21-20 22-25
0-1 1-2 2-4 4-7 5-6 7-8 8-9 9-10 10-11
0-5 2-0 3-2 4-3 5-4 6-6 7-7 8-8 9-9 10-13 11-14 12-16 13-11 14-17 15-19 16-18 17-20 18-21 19-22 20-28 21-23 22-29
0-0 1-1 2-2 3-3 4-4 5-8 7-6 8-9 9-10 10-11 11-11 18-14 20-13 23-18 24-19 25-20 28-21
0-0 2-2 3-3 4-4 5-5 6-6 7-7 8-9 9-8 10-10 11-11 12-13 13-12 14-14 15-15 16-16 17-16 18-22
4-11 5-12 7-13 10-15 11-16 14-19 16-17 17-17 18-20
0-0 2-1 3-6 4-2 5-7 6-8 7-9 8-10 9-11 10-16 11-17 12-14 13-15 14-18 15-19 16-20 17-22 18-23
0-0 1-1 2-4 3-5 3-8 7-9 8-10 9-11 10-15 11-14 12-16 14-18 15-21 16-17 18-23 19-24 20-26 21-27 22-28
1-5 2-8 3-9 5-7 6-0 7-2 8-3 9-0 10-4 11-1 12-12
1-2 3-5 4-1 8-7 9-10 10-9 11-11 13-12 14-13 16-14 17-16 18-17 19-18 21-19 27-24
0-0 1-2 2-3 3-4 4-4 5-5
0-2 1-1 4-3 5-6 6-4 7-7 8-8 9-9 10-10 12-14 13-12 14-15 15-16 16-17 17-18 18-19 19-20 20-20 21-25 22-21 22-25 23-26
0-0 1-5 2-2 3-3 4-6 5-7
0-0 1-1 3-17 4-16 6-8 7-4 8-5 8-9 13-11 14-14 15-13 16-18
0-0 2-2 4-1 6-3 8-3 10-6 11-5 12-7 14-9 15-12 16-13 17-10 18-14
0-0 1-1 4-1 5-2 6-3 7-5 8-4 9-6 10-7 12-9 13-10 14-11 15-12 16-14 18-15 20-15 21-16 23-17 24-18 25-19 26-20
0-6 1-4 2-5 3-7 4-9 5-10 6-11 7-12 8-14 9-16 10-15 13-8 16-17
0-0 2-2 3-3 4-4 5-5 6-13 8-6 9-7 10-15 11-16 13-18 15-17 17-21 18-22
0-0 1-5 2-1 3-9 4-11 5-14 6-13 7-10 9-7 10-8 12-15 13-16 19-17 21-22 22-24 23-23 29-25
1-5 2-8 3-7 4-4 5-0 6-1 7-11 8-15 9-14 10-17 12-18 14-20 15-22 16-21 17-23
1-0 2-1 3-6 4-3 5-7 6-8 7-8 7-9 8-10 9-11 10-12 11-13 12-14
0-0 1-1 3-2 4-3 5-4 6-5 7-6 8-7 9-11 10-8 11-13 13-15 14-16 15-17 16-18 17-19 18-20 21-21
0-3 1-4 2-1 3-5 4-5 5-9 6-8 7-10
0-0 1-1 2-2 2-4 4-7 6-8 7-11
6-6 7-7 9-3 9-4 10-3 10-4 11-1 11-4 12-8 13-9 15-12 16-17
0-0 1-1 2-3 3-4 4-5 6-7 7-8 9-9
1-1 3-4 4-3 5-5 6-6 6-7 7-8 9-9
0-0 1-1 3-2 6-3 6-4 7-5 8-6 9-7
0-6 1-3 3-7 5-8 6-9
0-4 1-2 3-7 4-6 5-8 6-15 8-15 9-9 10-16 11-18 12-21 13-22
0-3 1-5 2-4 5-1 6-6 7-7 8-10 9-13 10-11 11-14
0-0 0-1 1-2 2-3 8-8 10-7 11-5 13-11 15-12 16-13 17-15 18-14 19-16 20-16 21-17
0-2 1-4 2-5 3-10 4-7 5-6 6-11 7-12 8-18 11-15 12-14 13-15 14-19 16-20 17-21 18-23 19-23 20-24
0-7 2-2 3-3 4-4 6-8
0-10 1-7 3-11 3-12 5-1 6-2 7-3 9-6 10-5 11-13
0-1 1-2 2-3 3-6 4-7 4-10 5-8 6-9 7-11 7-13 9-15 13-16
0-0 1-1 2-2 3-3 4-4
0-0 1-1 2-2 3-3 4-4
0-0 1-1 2-2 3-3 4-4 5-5 6-6 7-7 8-8 9-9 10-10 11-11 15-14
0-0 1-1 2-2 3-4 4-5 5-6 6-7 7-8 8-9 9-14 10-13 11-10 12-15
0-0 2-0 4-2 6-4 7-3 8-5 9-6
0-4 2-2 3-5 5-2 5-7 6-10 7-11 8-13 9-14 11-8 14-15 15-16 16-17 16-18 18-19
0-0 2-0 6-4 7-7 8-6 9-8 14-11 15-12 16-14
0-1 1-2 2-3 3-4 4-5 5-6 6-7 7-8 8-9 9-10 10-11 11-13 12-14 13-15 14-16 15-17 16-20 17-21
0-3 1-5 2-6 3-0 4-1 5-7 8-9 10-11 12-12 13-13 14-14 15-15 16-16 17-17 17-21 17-22 19-23
3-3 5-2 6-1 7-4 8-9 9-7 10-6 11-10 12-12 13-11 14-13
0-0 1-1 3-2 4-3 5-4 6-5 8-6 8-7 9-8 10-9 11-10 12-12 13-13 14-14 15-14 17-16 18-15 19-17
0-0 1-1 2-2 3-3 4-6 5-5 6-7
0-0 1-1 2-2 3-6 4-5 5-4 6-7 8-16 11-19 12-8 14-9 15-9 16-10 16-13 17-11 17-14 18-12 19-14 20-20
4-1 6-6 7-5 8-4 9-7 10-9 11-11 12-12 13-13 14-14 15-15 16-17 17-18 18-20 19-21 20-22 21-23 22-24 23-26 24-27 25-28 27-29
0-0 1-1 2-4 3-5 4-6 5-7 6-8 7-2 8-9 9-11 10-10 12-11 12-13 13-14 14-15 15-16 16-19 17-18 18-17 22-20 23-21 26-22
0-0 1-1 2-2 5-11 6-7 7-12 8-15 9-16 10-13 11-14 12-16 14-18 15-19 16-20 17-21 18-22 20-23 21-24 22-25 22-26 23-28 25-29
0-6 1-4 3-0 4-1 5-8 6-9 7-10 8-11 8-13 9-11 9-13 10-14
0-0 1-1 3-8 4-4 6-9 8-11 9-12 10-15 11-13 12-16 14-23 14-25 15-21 16-26
0-0 1-1 2-2 3-3 9-6 10-7 11-9 12-8 13-10 14-11 15-12 17-12 18-13
0-0 1-2 2-3 3-4 4-5 5-6 7-7 8-11 10-18 11-12 12-19 13-25 14-22 16-26 17-27
0-2 1-1 2-3 3-3 4-5 5-6 6-7 7-8 9-13 10-14 11-15 11-17 12-18 13-19 14-20
0-0 2-3 3-2 4-5 5-6 6-8 7-9
0-0 1-1 2-2 3-3 5-6 7-15 8-8 9-9 10-16
0-0 2-2 3-1 4-3 5-4 6-5 7-6 8-7 9-10 10-10 11-9 12-11 13-11 14-13 17-23 18-24 19-25 20-16 20-19 21-26
0-0 1-1 2-3 3-6 4-4 5-7
0-4 1-0 2-1 3-2 4-3 5-5 6-7 7-8 8-8 10-9
1-0 2-0 3-3 7-4 8-8 9-10 10-6 13-9 14-11 17-14 18-16 19-13 20-17
1-0 2-1 3-2 5-5 6-6 7-7 8-8 9-9 10-10 11-13 12-14 15-11 16-15
0-2 0-12 1-3 2-0 3-1 4-8 5-9 6-11 7-10 8-13 9-3 10-4 11-5 13-7 14-14
2-0 3-2 4-3 5-6 10-9
1-17 2-18 3-19 4-5 5-6 6-0 7-2 8-3 10-4 12-6 13-7 14-11 15-13 16-14 16-16 17-20
0-1 1-2 2-3 3-7 4-4 5-5 6-6 7-8 8-11 9-12 12-13 13-14 14-15 15-19 16-20 17-21 20-16 21-17 22-18 23-22
0-3 1-4 2-5 3-7 4-6 5-8 6-9 7-1 8-10 10-13 11-14 12-15 13-17 14-18 15-19 15-21 17-23 19-22 20-24
0-0 1-1 2-1 3-2 4-3 6-4 7-4 8-5
0-0 1-1 2-1 3-4 4-3 5-5 6-6 7-9 8-6 11-8 12-11 13-10 14-12 15-13 16-15 18-16 19-18
0-0 1-1 2-5 3-1 3-4 4-6 5-7 6-8
0-1 1-3 4-7 5-8
0-0 1-3
2-11 3-10 5-3 6-4 7-6 8-7 9-9 10-21 11-20 12-17 13-21 14-23 16-24 18-26 19-25 20-27 21-28
0-0 1-1 2-3 3-2 4-6 10-7
2-1 3-2 4-3 5-5 6-4 7-10 8-13 9-12 10-15 11-19 12-20 13-16 14-17 16-18 17-21
1-0 2-1 3-2 3-5 6-3 7-2 8-4 9-5 11-5 13-7 14-8
1-2 3-4 4-10 5-8 6-5 8-1 12-16 14-13 16-26 17-23 19-11 22-27
0-0 1-1 2-2 3-3 4-4 5-5 11-7 12-8 13-12 14-9 15-13 18-19 19-15 20-16 21-17 24-21 25-21 26-23 27-24 28-25
0-0 1-1 4-2 5-4 6-3 7-5
0-0 1-1 2-2 3-3 4-4 5-5 6-6 7-9 8-10 9-11 10-16 11-13 12-17 13-18 15-19 16-20 17-21
0-0 1-2 2-1 3-2 5-3 7-4 8-5 9-6 10-7 11-9 12-10 13-10 14-11 16-12 17-13
0-0 1-1 2-3 3-1 4-4 5-5 6-6 7-7
0-0 1-1 2-4 3-1 4-5 5-6 6-10 7-7 8-8 9-11 10-12 11-13 12-14 13-18 14-19 15-20
0-3 1-4 2-5 4-0 5-1 6-2 7-6 8-7 9-8 10-9 11-10 12-14 13-12 14-15
0-0 1-1 2-4 3-6 4-5 4-6 5-7 6-8 7-10 8-11 8-12 9-14 10-15 11-16 13-16 14-17 15-18 16-19
0-1 5-16 6-17 7-18 8-19 9-10 10-12 11-13 12-20 15-22 16-25 17-27 18-28
0-0 1-1 2-2 3-3 4-4 7-6 9-7 10-8 14-12 15-13 16-14 20-10 21-15
0-0 1-0 2-1 3-2 5-3 6-4 7-6 8-7 9-8 11-9 12-12 13-16
0-0 1-1 2-2 3-3 4-4 5-5 6-9 7-7 8-11 9-12 10-14 11-13 12-15 13-18 15-25 16-24 17-21 18-26 19-26 20-27 21-28
0-1 0-7 1-2 1-8 2-9 3-10 7-11 8-12 9-0 10-1 11-3 12-4 13-5 14-13
0-3 1-0 2-1 3-2 4-3 5-3 7-5 8-6 9-7
0-2 1-0 2-1 3-5 4-6 5-7 6-8 7-9 8-10 9-11
1-5 3-0 4-2 6-3 7-8 8-10 9-9 10-11 11-12 12-13 13-14
0-0 1-1 2-3 3-4 4-4 5-5 6-6 7-7
0-6 1-4 2-8 4-9 4-10 5-12 6-13 7-14
0-0 1-2 2-2 3-3 5-3 6-4 7-5 8-8 9-6 10-12 11-17 12-16 13-18 14-19 15-20 16-13 17-15 18-21
0-0 1-2 2-3 3-1 4-4 5-6 6-7 9-9 10-10
0-0 1-3 3-5 4-7 6-9 7-10 7-11 8-12
0-0 1-1
0-0 1-1 2-2 3-4 4-5 5-8 6-8 7-9
0-0 1-1 2-1 3-2 5-4 7-8 9-11 10-12 11-13 12-14 13-21 14-19 15-16 16-22
0-0 1-2 2-3 3-5 4-6 5-7 6-10 7-11 8-8 9-12 10-15 11-14 12-16 13-17 14-19 15-20 17-19 22-21 23-23 24-24 25-25 26-26 27-27
3-3 4-1 5-13 6-7 8-9 9-10 9-11 10-12 11-20 12-13 13-16 13-17 14-17 15-14 16-21
0-0 1-1 2-3 3-4 4-5 5-6 7-7 8-15 9-12 10-9 11-8 12-16
3-3 4-2 6-7 7-8
0-2 2-4 3-6 4-5 5-7
0-0 1-3 2-4 3-5 5-6 8-5 9-8 11-10 12-11 13-12 14-13 15-14 16-15 17-18 18-16 21-20 22-22 23-23
2-7 3-8 4-9 5-10 7-11 8-12 9-14 10-15 11-18 12-5 13-2 14-1 18-5 20-6 22-19
0-0 2-1 3-4 4-7 5-9 6-10 7-2 8-12 9-13 10-12 10-14 11-3 12-15
2-6 2-13 4-5 6-12 8-0 9-1 10-14
0-0 1-2 2-3 3-4 4-5 5-6 6-7 7-8 8-11 9-12 11-14 12-15
1-4 2-5 4-8 5-3 6-0 7-2 8-9
0-0 1-1 2-2 3-3 4-6
0-1 1-2 2-3 3-4 5-5 6-6 7-7 8-0 9-9 10-8 13-10 14-11 15-12 16-13 17-14 18-15 19-17 22-21 23-20 24-23 25-24 26-25 27-26
0-3 1-1 2-4 3-5 4-7 5-6 7-11 8-12 9-13 9-14 10-15 11-16 13-18 14-19 15-20 15-21 16-22 17-23 18-26 19-24 20-27
0-0 1-1 3-3 5-4 6-7 7-6 8-8 9-9 10-13 11-14 12-15 13-16 14-20 15-19 16-21
0-0 1-1 2-4 3-2 4-3 5-5 6-8 7-9 8-10 9-11 10-12 11-13 13-17 14-15 16-15 17-18 18-19 19-20
0-0 1-2 2-3 3-4 3-5 4-6 5-8 6-13 7-14 8-17 8-19 9-9 11-22 15-25 17-27 18-26 18-27 19-28
0-0 1-2 2-3 3-5 4-6 5-7 6-7 7-8 8-9 9-10 10-12 11-14 12-11 13-15
0-0 1-1 2-2 3-3 4-5 5-6 6-7 7-9 8-11 9-12 10-13 11-14 13-15 15-18 16-19
0-4 1-12 2-13 5-7 7-8 9-5 10-6 11-20
0-1 1-2 2-3 3-4 5-5 6-6 7-7 8-8 10-12 11-11 13-13 18-14 19-15 20-16 21-17 22-18 23-20 28-23 29-24
0-0 1-1 2-4 3-5 4-6 5-8 6-9 7-10 8-12 9-13 10-14 11-18 13-27 14-15 15-16 16-17 17-28
1-0 2-1 3-2 6-6 9-7 10-8
0-0 1-1 2-1 3-2 4-4 5-5 6-7 7-6 8-8 9-13 10-11 11-14 12-14 13-15
0-0 1-5 2-1 3-6 4-7 4-8 5-9 6-10
0-9 1-10 2-8 6-3 7-7 8-5 9-11 10-12 11-14 12-13 13-15 14-16 15-16 16-18 17-20 18-21 19-22 20-23 21-24 25-25 26-26 27-27 28-28
0-0 1-6 2-4 3-8 4-9 5-10 6-11 7-12
0-0 2-1 3-2 4-3 5-4 6-5 7-6 8-8 9-10 10-11 11-13 12-12 13-15 15-14 16-18 18-24 20-25
0-0 1-2 2-4 3-5 4-8 5-9 6-9 7-11 10-12 11-13
0-0 1-1 1-3 2-2 3-4 4-5 5-6 6-7 7-8 8-10 9-12 10-13 11-14 12-15 13-16
0-1 3-2 4-5 5-6 6-7 7-8
1-3 2-4 4-6 5-7 6-8 7-9 8-10 9-11 10-13 11-15 12-16 13-17 14-20 15-18 16-21
0-4 1-5 2-2 3-6
0-0 1-2 3-0 4-2 5-2 6-5 7-6
0-0 1-1 2-3 3-5 10-6 11-7 12-8 13-9 14-10 15-11 16-12 17-14 18-14 19-15
0-0 1-2 2-3 3-4 4-5 5-6 8-7 9-8 10-9 11-10 12-11 13-12 14-13 15-14 16-15 17-17 21-19 22-20
0-0 1-1 2-7 3-13 5-2 6-5 7-9 9-11 10-14 11-15 12-18 13-16 14-19 15-20 16-22 17-23 18-27 19-24 23-28
0-2 1-7 2-8 3-9 4-4 5-5 6-10 7-15 8-16 9-18 11-23 12-13 12-23 13-14 14-24 15-25
3-5 4-6 5-8 6-1 8-1 9-9 10-10 11-11 12-12 13-13 14-14 15-15 16-17 17-18 18-19 21-22 22-20 23-23
0-1 1-0 3-12 4-7 5-9 6-4 9-5 11-13
0-13 1-14 2-10 3-0 4-1 5-11 6-12 7-15 8-22 9-19 10-16 11-16 12-2 13-5 15-9 16-23 17-24
0-0 2-1 3-3 4-4 5-5 6-7 7-8 11-11 12-13 13-12 15-12 16-14
2-3 3-5 4-10 5-7 6-9 7-8 10-11 11-12 12-13 13-16 15-24 16-25 17-28 20-26 21-22 26-29
0-2 1-1 2-4 3-4 4-6 7-6 11-17 12-15 13-10 14-11 15-12 16-9 17-19 18-20 19-21 20-22 21-24 22-25
0-0 1-1 2-2 3-3 5-10 6-8 9-11 10-12 12-13 13-15 14-14 15-17 17-16 18-16 19-19 20-20
0-0 1-1 2-5 2-7 3-2 4-3 5-4 6-9 8-12 9-13 10-14 11-15
0-0 1-1 2-3 3-2 4-5 5-6 6-7 7-12 9-9 10-8 11-13 12-14 13-15 14-20 15-21 16-22 17-27 18-24 19-26 21-28 22-29
0-0 1-0 2-1 3-2 4-3 5-4 7-5 9-6 10-7 11-9 12-10 13-12 14-13
0-0 1-2 2-3 3-4 4-7 6-9 7-10 8-11 9-12 10-13 11-15 12-16
0-0 1-2 2-3 4-4 6-13 7-14
0-2 1-4 2-5 3-6 4-8 5-9 7-10 9-11 10-12 11-13 12-16 13-15 14-17 15-18 17-19 18-20 19-24 20-26 20-28 22-26 22-28 23-27 24-26 24-28 25-25 26-29
0-0 1-1 2-2 3-3 4-6 6-7 7-8 8-9 9-10 13-11 14-12 15-14 16-15 17-20 18-22 19-21 20-23
0-0 1-1 2-2 3-3 8-5 10-7 11-8 12-10 13-9 14-11 14-13 15-15 16-20 17-19 18-16 19-21
0-0 1-1 2-3 3-5 4-4 5-6
0-18 3-15 5-0 6-1 7-2 8-3 9-4 10-5 10-6 11-7 12-8 13-22 14-10 15-11 16-24
0-0 1-1 2-2 3-3 4-4 5-5 6-8 9-9 10-14 11-15 12-16
0-0 1-2 2-2 3-3 4-4 5-5 6-6 7-9 10-10 12-11 13-14 14-14 15-13 16-15
4-6 5-0 6-7 7-9 8-8 9-11
0-0 1-0 2-1 3-2 4-3
0-0 1-1 2-2 4-4 6-5 8-9 9-10 10-11 11-14 12-6 14-18 15-7 16-19
2-2 3-6 4-6 5-8 6-9 7-10 8-11 9-12 10-13 11-14 12-14 13-15 14-16 15-18 16-19 17-20 18-21 19-22 20-23 21-24 22-25 23-26
0-1 2-6 3-7 4-8 5-9 6-10 7-11 10-14 11-15 12-16 13-17 15-18 16-19 17-20 18-21 19-23 20-24 21-25
0-4 1-2 3-6 6-7 7-8 8-9 9-10 10-11 11-11 12-12 13-13 14-15 16-16
0-0 1-2 2-3 3-4 4-5 5-6 6-7 7-8 8-9 9-10 10-11 11-12 12-13 13-14 14-15 15-16 16-17 17-18
1-0 2-2 3-1 4-3 6-4 7-5 8-6 10-9 12-8 13-13
0-0 2-1 3-2 4-3 5-8 6-9 7-10 8-11 9-13 10-14 11-15 13-16 14-17 15-18
0-0 1-2 2-3 3-11 5-13 6-14 8-4 9-6 10-5 11-7 12-8 13-10 14-9 17-9 26-15
0-0 1-2 3-3 5-6 6-5 7-7 8-9 9-10 12-13 13-14 14-15 16-15 17-18 18-19
0-0 1-2 2-3 3-4 4-12 5-10 7-5 9-6 10-7 12-8 13-9 14-14 15-15
0-0 1-0 2-2 3-3 4-4 6-5 7-6 8-7 9-8 11-10 13-12 14-13 15-16 16-15 17-17 18-20 19-19 21-21 22-22 23-23 24-24 25-25 26-26 27-27 28-28
0-0 1-1 2-2 3-3 4-4 6-5 8-6 9-7 10-8 11-9 12-10 13-11 14-12 15-13 16-14 17-15 18-16 19-17 20-18 21-19 22-20 23-21 24-23 25-24
0-0 1-1 2-3 3-2 4-5 5-8 6-9 8-13 9-15
0-0 1-1 3-4 4-7 5-5 6-8
