1-0 3-1 4-0 4-1 6-2 7-9 8-10 9-7 10-3 11-4 13-5 14-6 15-6 17-12 18-14 20-15 21-15 27-16
0-0 0-1 1-2 2-3 3-3 4-3 5-4 6-4 7-11 8-12 9-12 10-12
0-0 1-3 2-6 4-4
0-0 0-1 2-3
0-1 1-2 4-3 5-4 7-5 8-6 9-8 10-8 12-10 13-12 14-13 15-14 16-16 17-17
0-1 1-2 2-10 3-10 5-15 6-8 7-7 11-3 12-3 12-4 13-18 15-36 16-35 17-33 18-31 18-32 23-38 23-39 24-29 25-28 28-21 28-29 28-33 29-22 31-20 33-40
1-0 2-2 3-20 7-20 9-11 13-3 14-3 14-4 15-13 16-15 18-13 20-5 21-6 23-7 24-7 25-8 26-21
0-1 1-2 2-12 2-13 3-12 4-14 5-13 6-15 7-11 8-10 10-3 11-5 12-18 13-27 13-33 14-32 16-30 18-19 19-21 20-22 21-27 22-26 23-24 24-28 25-36 26-37
0-0 2-16 2-17 4-19 5-19 6-20 7-18 8-14 11-12 13-12 15-11 16-0 17-1 18-4 19-5 19-9 20-5 21-6 23-2 24-3 28-21
0-0 1-1 2-10 3-11 7-7 9-5 11-12 11-13 12-15 12-16 17-16 18-17 21-32 22-33 26-19 27-20 28-21 29-23 31-18 40-38
0-4 12-2 14-5
0-11 0-12 1-11 1-12 2-10 3-9 4-7 5-2 6-5 7-6 14-13
0-1 1-2 2-3 6-11 7-12 9-11 9-15 10-12 10-17 11-13 13-8 15-7 17-18 17-19 19-32 20-33 21-30 22-28 22-29 26-24 28-25 30-37 31-42 31-45 35-8 35-39 37-46 40-46 45-47
1-10 6-0 7-0 8-0 9-3 11-4 12-5 12-6 14-9 14-10 14-11 15-11 17-7 19-12 19-13 20-15 35-18 36-18 37-19 38-24 38-26 39-22 40-20 40-21 41-20 41-21 44-28 46-27 49-29 50-30 51-31 56-40 57-41 58-37 59-38 60-35 61-34 62-33 63-32 64-32 65-32 69-42
0-1 0-2 1-3 2-3 3-13 4-14 5-15 5-16 8-19 10-17 14-5 14-7 20-36 21-23 21-24 23-34 25-35 26-33 27-30 30-28 35-40 37-51 41-38 44-41 45-46 46-47 47-53 49-52 50-49 51-51 54-54 55-61 56-60 57-57 60-59 62-55 63-62
2-2 3-3 6-3 7-9 9-12 14-12 15-12 16-18 17-25 18-27 19-26 21-24 22-23 23-23 26-19 28-28
0-9 12-2 14-3 16-7 17-5 18-5 20-4 23-10 24-11 26-20 27-18 29-14 31-15 33-12 35-21
0-1 11-3 12-3 13-4 14-5 17-7 18-9 30-10 30-11 33-14 35-12 37-10 37-11 38-15
0-2 0-5 1-6 2-25 4-18 5-17 7-16 9-13 10-14 11-11 12-9 13-10 15-7 21-29 22-30 24-28 26-31
0-0 2-2 3-4 5-1 8-13 9-14 11-12 16-15 16-16 17-23 18-24 19-25 20-22 21-19 21-20 22-21 24-12 24-17 26-30 27-28 29-27 32-31
0-1 1-16 1-17 10-12 11-11 12-7 13-3 13-7 14-4 15-5 16-6 17-8 18-10 19-9 21-2 24-19 26-27 28-21 29-21 32-30 33-27 35-21 35-25 37-31
0-1 12-3 13-5 14-6 15-6 17-9 19-4 21-10
1-9 3-7 5-6 7-4 9-10 10-1 18-12 20-19 21-20 22-21 23-28 24-28 25-30 26-31 27-32 29-27 31-25 31-26 32-30 32-36 33-31 34-32 34-37 35-37 36-41 40-17 41-15 43-13
0-1 18-5 19-4 21-8 22-8 23-9 24-7 25-11 26-11 27-12 28-10 29-6 32-13
0-5 1-3 2-0 3-1 4-7 7-10 7-15 8-11 9-12 11-8 14-19 15-29 16-31 17-31 19-28 21-23 22-24 24-21 32-32
0-12 1-13 2-15 3-10 4-9 5-9 13-1 14-4 15-2 16-3 17-4 19-17 22-18 23-18 28-32 29-41 30-42 31-43 32-46 33-47 35-38 39-42 42-36 43-37 47-23 48-24 49-25 50-23 50-25 56-30 59-27 61-48
0-1 2-19 18-13 19-15 20-16 21-13 21-16 22-11 24-31 40-28 41-29 42-27 43-26 46-22 48-32 49-41 61-38 62-39 63-35 64-36 65-33 68-9 69-7 70-5 74-1 75-2 80-42
0-1 2-16 10-2 11-3 12-6 13-10 14-10 14-15 17-11 18-12 22-15 22-19 23-15 23-17 23-19 24-20 25-21 25-22 26-21 26-22 29-5 31-7 34-29 36-28 38-25 40-31 41-33 42-34 43-35 47-36 48-37 50-38 50-39 51-40 52-41
0-1 0-4 1-5 2-6 5-0 10-7 11-8 13-8 13-9 14-10 15-15 16-16 18-11 21-17
0-9 6-6 7-4 9-2 13-11 14-13 14-14 16-21 17-15 20-17 21-31 25-26 27-23 31-33 33-47 35-18 37-37 39-45 40-43 42-41 49-71 50-72 51-73 52-68 52-69 53-63 53-64 54-65 56-62 58-75 59-80 61-76 61-79 66-56 68-54 73-82
0-4 1-3 2-0 2-2 3-5 4-24 9-9 10-10 12-16 12-17 17-9 18-10 20-7 22-6 22-7 29-26
0-1 12-3 13-11 14-11 15-9 16-7 16-8 17-5 18-4 19-4 21-22 22-23 28-30 29-31 30-31 31-33 32-34 33-35 35-29 38-27 39-18 40-19 41-20 43-15 44-14 44-15 46-13 49-46 49-48 57-50 59-36 63-44 64-53
0-0 1-1 2-31 6-16 6-32 7-34 11-9 12-9 13-16 14-17 15-17 17-5 17-7 18-4 19-27 19-28 21-3 25-40
0-1 2-10 10-15 12-2 13-6 17-5 18-9 19-9 21-8 22-17 23-28 24-29 25-31 26-28 26-31 27-21 29-18 29-19 30-33 31-41 32-41 34-39 37-44 39-53 39-54 41-52 41-57 43-49 44-48 45-47 47-45 49-58
0-1 12-2 13-8 13-9 13-26 13-27 14-23 15-28 16-22 19-29 20-29 21-28 22-20 23-3 24-35 26-14 26-15 28-12 28-18 30-8 30-26 31-9 31-27 33-6 34-5 36-4 38-55 39-55 40-55 41-56 42-57 43-57 46-48 51-63 53-57 54-71 56-61 58-61 59-62 61-59 62-57 62-76 63-76 66-61 66-86 70-63 71-68 76-67 77-70 78-69 79-70 81-67 82-71 85-41 86-39 88-8 88-26 88-103 90-89 91-44 91-94 92-93 93-36 95-99 96-89 98-86 103-79 105-80 105-81 107-98 108-98 110-96 111-89 111-95 112-88 112-94 113-93 114-92 118-104 118-121 120-107 127-103 127-118 127-120 127-121 128-115 130-114 131-123 132-129 133-130 137-104 137-134 138-116 139-131 141-126 143-124 145-135
0-6 2-5 4-7 5-11 6-1 6-10 7-9 8-8 13-2 14-1 16-15 24-13 26-21 26-22 27-19 29-20 31-18 38-17 39-26 40-24 48-32 49-30 51-35 52-36 53-37 53-38 54-37 54-38 55-33 56-27 58-40 59-41 62-43 63-42 66-48 67-49 67-50 68-47 70-45 71-44 71-46 72-51
0-1 0-2 1-3 2-11 3-11 4-11 5-12 6-12 7-7 9-6 11-19
0-1 0-2 1-3 2-4 3-5 3-7 6-12 8-10 11-13
2-5 2-7 5-36 5-39 6-37 7-37 11-33 13-37 13-39 13-40 14-37 14-40 15-41 16-42 17-40 17-42 21-33 25-30 27-28 33-21 35-16 35-18 36-34 38-15 38-26 43-11 54-2 59-43
0-1 1-2 2-3 7-4 12-5 14-6 15-7 16-8 21-11 26-12
0-1 8-14 9-11 10-12 11-10 14-8 16-9 18-7 23-3 23-4 24-3 24-4 25-14 26-15 28-16
0-1 8-2 8-3 9-10 9-11 10-8 11-6 12-7 13-12 15-13 15-14 17-4 18-16 19-21 19-29 24-23 24-24 24-25 31-28 33-30 34-33 35-32 36-31 37-34 38-35 39-49 40-50 41-47 42-29 42-46 44-45 47-42 48-51 49-52 53-53
0-0 1-7 2-4 2-5 3-3 4-5 5-2 6-10 9-9 11-8 16-17 17-15 19-12 23-7 24-21 25-22 26-24 26-26 31-29 32-28 37-28 48-30 50-30 52-33 53-31 57-27 61-35 62-36 63-42 65-41 67-40 68-43
0-5 0-6 0-7 1-2 2-0 3-9 4-23 5-27 7-24 7-25 8-25 9-29 9-30 10-32 11-21 13-14 19-12 21-33 23-37 24-35 26-64 26-67 27-62 29-61 32-60 34-56 35-54 36-46 36-52 37-51 37-64 41-45 44-42 46-40 48-39 51-68
0-0 2-2 4-3 4-5 5-7 6-6 7-54 13-33 13-53 14-36 16-34 17-34 17-54 17-55 19-38 20-41 20-57 22-31 24-26 32-15 34-11 35-13 36-17 38-34 40-22 44-24 45-23 46-9 48-56
1-4 3-1 3-2 3-4 7-31 8-31 10-20 11-19 13-16 16-14 17-15 18-15 19-12 20-5 23-32 23-33 24-41 25-37 27-38 27-39 29-36 32-47 32-48 33-49 34-50 36-51 39-52
0-15 2-16 3-13 4-12 6-10 8-8 11-5 12-6 14-1 22-4 23-2 24-19 31-24 31-25 33-23 36-26 37-27 38-28 39-43 41-37 43-35 43-39 47-50 49-51 50-52 51-52 51-53 52-48 52-56 53-55 53-57 53-58 53-62 55-63 56-57 56-62 58-66 60-59 65-67 66-68
0-5 1-5 2-3 3-2 4-0 5-28 8-25 9-26 9-27 10-27 11-23 12-22 12-23 14-18 15-19 16-20 17-21 22-12 23-13 27-48 29-45 33-38 34-39 39-32 41-35 48-52 49-53 49-73 50-69 51-70 52-72 54-66 57-63 59-61 59-79 61-59 62-78 63-84 64-86 65-83 66-79 68-77 72-57 73-88
0-4 2-5 4-3 8-2 9-0 10-2 11-27 13-29 14-28 15-32 20-21 22-19 22-22 23-17 26-16 29-15 31-12 34-9 34-10 36-7 39-7 40-35 41-34 42-47 42-48 44-42 51-38 54-40 59-37 60-49
0-2 2-2 4-0 6-5 7-7 10-20 12-21 19-15 19-18 21-13 23-10 26-25 26-26 27-28 30-29 31-34 32-33 35-30 36-31 38-32 43-35
0-1 8-2 8-3 9-12 9-13 10-12 10-13 11-11 12-9 13-7 16-7 17-5 20-5 21-5 24-4 25-14 25-15 26-32 27-23 28-24 30-28 32-35 35-18 35-19 38-21 38-23 39-21 43-21 45-22 48-21 48-23 49-23 56-25 58-26 59-26 60-28 62-16 64-3 65-36
0-3 1-4 2-2 3-1 4-5 6-13 7-14 8-15 9-16 10-17 11-18 12-20 12-21 13-22 14-23 14-24 15-25 16-26 17-27 18-28 21-8 22-9 24-6 30-29
0-1 7-2 8-7 8-8 12-4 15-11 16-14 17-17 18-15 19-16 20-17 21-18 22-19
0-0 0-1 1-2 2-3 3-3 4-4 5-5 6-6
0-4 1-3 2-0 2-2 4-5 4-16 5-20 5-21 6-18 7-8 8-9 9-9 10-10 11-10 11-13 12-15 14-7 15-16 16-17 20-23 21-33 22-31 24-32 26-29 29-25 31-26 33-43 34-39 34-41 34-43 35-45 37-46 41-34 46-50 48-53 48-54 50-60 51-60 52-74 53-65 56-69 57-55 57-70 58-86 59-87 60-82 61-77 62-78 63-78 64-79 65-80 66-81 67-76 68-75 74-88 75-89
0-7 2-6 4-7 4-16 5-13 6-10 6-11 6-12 8-9 14-17 14-18 16-28 16-29 17-36 18-35 19-30 20-31 21-37 22-38 23-32 25-40 26-46 27-45 30-44 31-25 31-43 33-41 34-42 39-22 39-51 42-20 43-48 44-51 51-49 55-52
1-7 3-4 3-5 7-1 8-1 9-10 10-18 12-15 15-13 20-11 23-9 24-19
0-4 0-21 1-5 2-9 2-18 4-7 7-9 8-12 9-13 9-14 11-10 12-9 14-19 17-17 19-20 20-25 26-26 27-27 32-29
0-0 1-1 2-5 3-4 4-3 6-8 7-7 8-6 10-10 11-11 12-12 13-15 14-15 15-13 16-13 25-16
0-17 2-18 4-15 6-1 7-2 11-5 12-4 12-5 14-10 15-11 16-12 18-9 23-7 25-20 26-19 27-29 28-28 29-30 30-27 31-26 32-25 32-26 33-24 34-23 41-21 42-31
0-2 1-1 2-9 4-3 5-5 6-4 6-5 7-12 8-17 9-18 10-19 11-20 12-21 14-15 20-23 21-22 21-40 22-30 24-31 25-32 26-39 27-35 31-27 35-45 36-46 37-44 39-43 41-42 46-47
1-9 2-10 3-11 5-7 9-4 11-1 12-2 14-12 15-22 16-21 17-19 18-19 21-17 24-18 26-15 28-13 30-23
0-0 0-1 1-0 2-2 3-3 3-4 4-3 5-6 5-7 7-12 9-19 9-20 10-17 12-15 14-13 27-10 29-8 32-22 33-21 34-25 36-23 38-29 40-32 41-31 41-32 42-31 42-32 43-33 44-35 45-34 46-30 47-39 48-40 49-41 50-43 52-42 56-27 58-48 59-40 60-41 62-17 64-51 68-49 76-38 78-36 83-54
0-0 1-7 2-5 3-5 4-2 5-15 7-23 9-25 10-29 13-10 15-59 16-36 20-37 23-38 24-39 26-44 27-43 28-45 29-46 29-48 30-47 30-65 31-79 33-57 34-54 35-58 37-64 39-61 41-59 42-86 44-89 45-90 47-92 48-91 49-88 57-93
0-1 1-10 3-11 4-14 6-38 7-13 7-14 10-6 12-3 13-4 15-18 16-19 17-16 18-2 21-29 23-25 24-26 25-27 27-23 43-46 43-47 44-48 45-49 47-37 49-60 52-32 54-31 55-61
0-6 1-6 2-7 3-10 5-17 6-16 7-15 9-13 16-19 17-18 24-23 25-23 26-24 26-25 31-44 31-45 33-41 33-42 38-30 38-36 39-34 40-33 45-2 45-26 50-50
1-4 2-5 4-2 6-0 8-15 9-21 11-19 18-13 18-14 23-10 28-6 33-22 34-23 36-27 37-25 38-30 39-31 40-32 42-24 43-33 44-34
0-0 2-2 3-0 4-1 5-6 5-17 6-18 7-17 7-22 8-20 10-15 13-13 13-14 15-10 16-10 20-6 20-17 21-18 22-8 22-20 26-14 30-3 34-23
0-0 1-1 2-10 2-11 3-9 4-15 5-16 6-17 7-13 8-2 10-26 12-23 13-28 16-33 17-31 18-29 18-30 24-34 25-32 25-36 27-37 28-38 30-20 33-5 33-8 34-2 34-3 35-4 37-39 37-42 45-47 47-48 48-44 49-44 51-50
1-3 3-4 5-6 6-10 7-11 9-17 10-15 11-14 11-15 16-7 17-19 18-35 20-36 22-30 30-27 30-35 38-43 40-27 45-41 49-8 54-48
0-5 0-6 1-7 2-8 4-13 9-17 11-27 11-28 13-21 17-13 17-27 17-28
0-0 2-3 3-4 4-8 5-9 6-10 7-11 9-6 11-5 17-13 20-41 21-19 21-41 24-16 26-44 27-40 30-35 31-36 32-36 33-36 34-38 36-33 50-45
0-0 1-1 2-2 3-6 7-3 12-21 13-20 14-14 15-30 16-35 17-35 18-23 20-30 21-29 22-28 22-36 24-35 25-35 28-31 32-30 33-37
0-0 1-18 2-13 3-7 5-8 6-9 7-9 8-11 9-12 10-12 12-4 14-15 18-14 19-20 21-22 22-23 24-24 25-27 25-28 27-30 33-2 34-22 34-33 35-32 36-34 36-37 37-39 38-39 43-40
0-0 1-1 2-18 4-15 4-16 5-11 6-12 7-13 10-8 11-8 12-7 14-6 15-4 18-5 22-2 23-2 24-24 25-28 26-25 28-27 29-27 34-29
0-0 2-0 3-1 4-15 5-16 6-17 10-20 13-13 15-9 16-11 17-12 18-12 20-5 26-23
3-10 10-4 12-9 13-9 15-6 16-6 21-1 22-11 23-16 25-14 26-14 28-18 29-13 30-12 35-21 36-20 37-27 39-28 43-26 45-22 46-23 49-29
0-4 1-5 3-1 4-0 4-1 5-7 6-11 7-21 9-22 10-22 11-25 12-33 12-35 13-30 15-26 18-36 19-8 20-38 21-39 22-40 23-33 23-44 23-46 24-30 24-41 26-48 28-57 29-46 29-59 32-62 33-63 42-53 43-50 48-51 49-64
1-5 3-4 4-19 5-17 7-14 20-6 25-20
0-0 1-1 2-2 3-4 3-5
0-3 2-0 4-1 23-6 24-6 24-8 26-5 27-5 28-9
2-1 21-5 21-7 22-5 23-7 24-4 25-3 26-8
1-0 2-1 11-6 12-6 14-5 15-7
0-3 4-1 21-9 22-7 22-8 23-10 24-10 25-14 27-13 29-15
0-3 2-0 3-0 4-1 22-6 23-7 24-7 25-5 26-8
0-3 2-0 4-1 23-7 24-7 25-9 26-6 27-5 28-10 30-15 32-11 32-13 33-16
0-5 1-5 2-7 4-1 4-2 4-3 5-8
0-3 4-1 21-7 22-7 23-7 24-6 25-5 26-8
0-4 1-4 1-5 2-5 3-7 4-0 5-0
0-3 4-1 23-8 24-9 25-9 26-7 27-5 27-6
2-1 14-8 15-10 16-3 16-6
0-3 2-0 4-1 5-2 23-7 24-7 25-7 26-6 27-5
0-4 1-6 2-6 3-4 4-4 5-6 6-0 7-0
0-0 1-0 2-1 20-8 21-8 22-9 23-9 24-3 24-6
0-3 2-0 3-0 4-1 22-2 23-7 24-7 25-7 26-6 27-5 28-8
0-4 1-6 2-6 3-4 4-4 5-6 6-0 7-0
0-3 4-1 21-8 22-8 23-7 24-5 24-6
0-4 1-6 2-0 3-0
0-3 2-0 3-0 4-1 5-2 23-8 24-8 25-7 26-5 26-6
0-4 1-6 2-0 3-0
2-1 14-9 15-11 16-3 16-4 16-5 16-7
2-1 14-9 16-5 20-10
1-0 2-1 3-2 14-9 15-9 16-10 17-4 17-7
0-3 2-0 4-1 22-2 23-11 24-12 25-13 26-14 27-15 28-15 29-16 30-5 30-6 30-9 31-17
1-0 2-1 3-2 14-5 15-3
0-3 4-1 21-7 22-9 23-5
0-3 2-0 4-1 5-2 23-10 24-7 25-5
2-0 3-0 4-1 5-2 23-11 24-8 25-3 25-6
0-3 4-1 5-2 19-10 20-7 21-5
0-3 4-1 18-7 19-8 20-8 21-5 22-9
1-0 2-1 4-7 12-12 14-6 15-6 16-5 17-3 17-4
0-0 2-1 3-2 4-6 15-11 17-5 18-5 19-3
2-1 14-3 14-5 15-6 16-11 18-9 21-13 23-16 25-14 27-17
0-3 4-1 19-5 21-12 22-10 23-10 25-6 26-6 29-13
0-3 3-0 4-1 16-5 16-6
2-1 4-9 12-12 14-7 15-7 15-11 16-5 16-14 17-15 18-18 20-19 21-21
0-0 1-1 2-3 3-3 4-4 5-6 7-7 8-8
0-0 1-1 2-2 3-4 4-5 5-6 6-7
0-0 1-0 1-2
0-0 1-0 2-0
0-0 0-1 2-0 2-1
0-0 0-1 1-0 1-1
0-0 2-0 2-1 3-0 3-1
0-0 1-1 2-2 3-2 4-2 5-3
0-1 1-2 2-3
0-0 1-1 2-2 3-2 3-3 4-4 5-8 6-7 7-5 8-9
0-0
0-0 1-1 2-2 3-2 3-3 4-4 5-7 5-8 6-7 6-8 7-5 8-9
0-0 1-1 2-2 3-4 3-6 4-7 5-10 6-12 7-8 8-13
0-0 0-1 1-0 1-1 2-2 3-4 5-5 6-6
0-0 0-1 1-0 1-1 2-2 3-4 5-5 6-6
0-0 1-1 2-2 3-2 4-3 5-3 6-4
0-0 1-1 2-2 3-4 4-5 5-8 6-9 7-6 8-10
0-0 1-1 2-2 3-3 4-4
0-0 1-1 2-2 3-3 4-3 5-4
0-0 1-1 2-2 3-4 4-5 5-8 5-9 6-8 7-6 7-8 7-9 8-10
0-1 1-0
0-0 1-1 2-2 3-2 4-2
0-0 1-1 2-2 3-2 4-3 5-4
0-0 1-1 2-2 3-4
0-0 1-1 2-2 3-4
0-0 0-1 1-0 1-1
0-0 1-1 2-2 3-2 3-3 4-4 5-7 5-8 6-7 7-5 8-9
0-0 1-1 2-2 3-2 4-3 5-4
0-0 1-1 2-2 3-2
0-0 2-2 3-2
0-0
0-0 1-1 2-1
0-0 1-2 2-6 3-8 5-4 6-9
0-0 1-0 2-1 3-1
0-0 1-0 2-1
0-0 1-0 2-0 3-1
0-0 1-1 2-2 3-2 4-3 5-3 6-4
0-0 1-1 2-4 3-5 4-5 5-2 6-6
0-0 1-1 2-5 3-2 3-3 3-5 4-6
0-0 1-1 2-5 3-5 3-6 4-2 4-3 5-7
0-0 0-1 1-0 1-1
0-0 0-1 1-0 1-1
0-1 1-0
0-0 0-1 1-0 1-1
0-0 0-1 1-0 1-1
0-0 0-1 1-0 1-1
0-0 0-1 1-0 1-1
0-0 0-1 1-0 1-1
0-1 1-0 2-0
0-1 1-0 1-1
0-0 0-1 1-0 1-1
0-0 0-1 1-1 2-0 2-1
0-0 1-2 3-8 4-2 4-9 6-4 7-11 7-16 8-12 8-17 9-12 9-17 10-13 10-14 11-14 13-5 22-19 22-20
0-0 1-2 3-8 4-9 5-10 6-12 7-13 11-16 13-4 14-18 15-19 17-5 25-21 25-22
0-0 1-0 1-2 3-8 4-9 5-11 6-12 9-15 11-4 12-17 13-17 14-18 16-5 24-20 24-21
0-0 1-2 3-15 11-9 15-17 16-17 17-23 17-24 18-23 20-21 23-26 24-26 25-27 27-5 35-29 35-30
0-0 1-2 3-8 5-9 6-10 7-11 8-12 9-13 10-19 10-20 11-14 11-16 13-25 14-25 15-26 16-28 16-30 16-31 18-23 21-33 22-33 23-34 25-5 33-36 33-37
0-0 1-2 3-0 3-11 5-9 7-4 8-14 9-14 11-14 12-14 14-5
1-2 3-9 4-10 7-15 8-16 10-13 11-13 12-12 13-17 14-21 14-22 15-22 17-18 18-10 18-19 22-5
0-0 1-2 3-10 3-14 6-14 6-15 7-14 7-15 10-4 11-17 12-17 13-18 16-18 18-5
0-0 1-2 3-2 4-8 5-0 5-8 6-8 8-9 10-4 11-11 12-11 13-12 14-5 15-5 16-5 21-5 24-6
0-6 2-6 3-6 5-4 8-6 11-7 13-5 17-0 18-1 18-2 20-9 21-9 23-10 27-7 27-13 30-14 31-19 35-16 37-21 37-22 38-23 39-24 40-25 43-17 45-26
0-2 1-3 3-0
1-0
0-9 1-9 2-10 4-9 5-9 8-11 10-6 11-7 12-3 13-4 18-6 18-20 19-7 19-21 21-22 23-16 24-17 26-22 27-13 28-24
0-1 1-2 2-3 3-4 4-4 5-5
0-1 1-2 2-3
0-0 1-1 1-2 2-3 3-4 4-5 5-6 6-10 7-8 8-9 8-13 10-12 11-13 13-14
0-1 2-5 2-6 3-3 4-2 6-7 9-7 14-13
0-1 1-2 2-7 3-6 4-7 4-8 5-4 6-3 8-9 8-26 9-15 11-19 12-20 13-14 14-16 15-10 16-10 17-26 18-43 18-46 18-47 19-36 20-37 20-44 21-48 22-49 24-46 24-52 25-53 26-59 27-40 28-38 30-24 31-25 38-29 39-60
0-4 1-5 2-2 3-1 4-6 5-1 6-0 9-9 17-11 19-16 20-16 21-17 22-15 23-19 24-13 25-18 26-19 26-22 27-20 27-22 28-23
0-7 1-8 2-9 4-16 11-2 12-2 14-0 15-18
0-19 1-19 1-20 2-22 3-17 4-16 7-1 8-6 9-2 10-3 10-4 12-8 13-11 14-12 17-13 18-14 19-14 20-15 22-10 27-23
2-16 3-14 4-8 4-25 8-28 11-11 13-18 14-1 15-2 20-8 20-25 21-8 21-25 22-23 24-15 24-17 26-7 26-13 28-7 33-29
0-7 2-4 4-5 7-11 8-12 9-16 10-18 11-19 12-15 13-13 13-14 15-9 16-9 17-2 18-21
0-4 4-2 7-6 8-10 9-9 10-11
0-1 1-2 2-3 4-18 5-19 5-20 8-17 9-12 10-13 12-14 14-9 14-12 15-10 15-15 16-6 17-7 20-4 21-21
2-10 3-11 8-0 9-1 10-1 10-2 11-3 14-30 15-31 17-21 18-34 20-38 20-39 20-56 22-28 26-37 28-23 30-14 32-21 33-22 34-71 38-15 42-37 43-44 44-45 45-55 46-54 46-56 49-59 54-57 55-52 56-52 57-53 59-51 61-49 64-46 65-45 65-60 66-83 67-79 73-76 74-77 75-77 76-77 77-81 77-97 78-71 78-94 80-17 85-85 87-87 89-108 92-100 93-101 95-95 96-96 97-97 98-94 99-88 99-103 103-98 106-105 106-106 107-71 107-94 109-91 111-88 117-110 118-109
0-1 1-2 3-3 4-3 4-4
1-1 2-2
0-0 1-1 7-2 8-6 9-6 10-7 11-14 12-14 13-14 14-15 15-16 16-6 16-20 17-21 18-22 19-22 20-23 21-23 22-23 23-24 24-25 25-29 26-30
0-0 1-0 2-1 3-0 3-2 6-2 7-2 9-2 9-4 10-4 11-4 12-5 15-4 16-2 18-4 19-0 20-1 21-4 22-4 23-4 24-5
0-14 1-14 2-14 3-14 4-12 5-11 6-11 8-17 9-3 11-6 12-7 12-8 13-1 14-28
0-11 1-11 2-11 3-11 4-10 5-4 6-4 6-11 7-3 8-3 11-1 12-12
0-5 1-6 3-2 7-1 8-7
0-5 1-6 3-2 7-1 8-7 9-8 10-8 11-9 12-10
0-4 1-5 2-6 3-6 5-1 6-7
0-0 1-1
0-5 1-5 2-3 4-5
0-3 1-3 2-3 3-3 5-0 6-0 8-4 9-10 11-13 12-14 12-15 13-8 15-5
0-4 1-3 2-2 5-5 7-13 9-15 10-16 11-14 11-15 12-12 13-18 14-19 15-17 17-17 19-8 20-9 20-10 21-6 21-10 23-22 23-23 25-21 26-25
0-0 1-0
0-0 1-0 2-1 3-6 11-4 12-4 13-3 14-2 15-7
0-0 1-0
0-0 1-0
0-0 1-0
0-0 1-0
0-0 1-0
0-0 1-0
0-2 1-2 2-3 8-4 9-5 10-5 13-7 14-8 15-9 16-9 17-10 18-11 19-9 19-11 20-13 21-14 22-14 23-15 24-16 25-17 26-18 27-19 28-20 29-21 30-22 31-23 33-6 38-24
0-30 4-26 6-27 7-28 11-25 15-22 16-11 17-10 18-10 20-8 22-3 22-5 24-7 26-6 29-12 30-20 31-17 31-21 34-16 35-32
0-16 1-16 2-17 3-18 4-18 5-14 6-12 7-13 8-12 9-11 10-9 11-8 15-5 16-3 17-1 17-2 19-6 22-19
0-1 2-2 3-2 4-3 5-9 6-4 7-5 8-8 9-6 10-7 11-8 12-10 13-12 15-12 16-11 19-22 19-24 20-19 21-18 23-28 24-28 25-28 26-27 31-29
0-14 0-15 1-4 2-11 4-7 5-7 6-6 8-8 9-5 10-5 10-7 11-4 12-3 14-1 16-2 19-2 20-16
0-2 1-2 4-17 4-19 6-15 9-10 10-11 11-12 17-13 18-5 19-5 21-3 26-20
0-3 1-1 2-2 4-0 8-7
0-2 1-3 2-5 3-6 4-6 6-11 7-6 7-11 10-9 15-18 17-14 18-15 19-16 20-17 22-13 26-18 28-30 29-29 30-27 31-28 33-25 35-22 36-23 37-21 42-31
0-0 1-2 3-9 4-10 5-11 6-12 8-8 10-6 10-7 11-7 13-3 19-13
0-1 1-2 4-12 4-13 5-11 6-10 8-9 10-6 12-7 14-3 17-14
0-2 0-9 1-3 2-11 3-5 4-6 5-6 7-4 8-2 8-9 9-3 9-10 12-21 13-22 14-23 15-24 16-25 18-20 20-17 20-18 20-40 21-19 23-26 24-31 26-28 27-33 28-34 30-27 31-35 33-37 35-43 35-60 36-44 37-45 38-46 40-42 42-17 42-18 42-39 42-40 43-41 45-16 46-14 46-15 48-13 51-50 52-51 54-53 55-60 56-61 57-62 58-63 60-42 60-59 62-39 62-56 62-57 63-58 65-64 66-69 68-66 69-71 70-72 71-70 72-65 73-73 75-14 75-15 79-53 80-74
0-10 2-2 4-1 5-1 6-2 6-3 7-11 8-14 9-15 10-16 11-17 11-18 12-19 14-13 16-7 16-8 17-9 19-6 20-4 20-5 26-20
0-3 1-4 2-10 3-13 4-11 5-12 6-13 10-6 12-5 14-1 18-15 19-5 20-17
0-4 0-7 1-8 2-4 2-7 3-5 4-10 5-14 6-15 7-11 7-14 8-12 13-0 13-1 14-2 17-19 19-20 21-21 22-22 23-23 24-24 25-25 28-17 29-26
2-3 3-8 4-1 4-10 5-11 5-12 6-4 6-13 7-10 7-15 8-16 9-12 9-16 10-13 12-6 12-7 12-17 14-15 17-7 17-17 20-18 21-21 23-22 24-22 26-19 35-23
0-24 6-17 7-9 8-10 9-11 10-12 12-7 14-5 16-15 17-16 18-13 19-3 21-20 24-19 25-25
0-6 5-3 6-4 7-4 8-5 10-2 15-9 16-7 18-4 18-14 19-15 20-15 21-16 26-11 28-17
0-19 0-38 2-19 2-35 2-38 3-36 4-41 5-23 6-24 7-23 7-42 8-43 13-27 13-28 14-29 17-1 19-2 20-2 22-32 26-31 32-26 33-25 34-1 36-2 36-16 37-2 38-3 39-10 39-33 41-6 41-8 43-5 44-11 45-14 46-15 47-16 48-16 49-17 51-13 55-19 56-20 57-21 58-23 59-24 60-22 64-12 72-48
0-0 1-0 1-1 3-0 6-2 8-17 9-18 10-17 11-15 12-11 12-14 13-12 14-8 15-9 16-7 17-6 19-4 20-5 21-19
2-1 3-5 4-6 5-4 6-3 9-8 11-10 13-9 14-13 16-14 17-21 18-21 18-22 20-18 20-19 26-15 27-23
0-0 1-1 2-3 3-0 4-4
0-6 2-6 6-9 7-14 8-13 9-11 9-12 10-8 12-8 15-2 20-15
0-5 1-12 2-2 4-12 5-16 6-17 7-19 8-15 9-13 14-18
0-0 1-1 2-2 4-3 6-14 8-15 9-16 10-16 11-17 12-18 14-19 15-13 16-12 20-8 27-20
0-6 1-7 2-5 3-4 5-1 7-16 8-18 10-19 11-20 13-21 15-15 17-5 17-13 19-12 20-2 20-9 21-1 22-0 23-22
0-0 1-1 2-8 3-8 4-9 5-10 5-12 6-12 7-13 9-14 10-15 11-15 13-6 17-3 20-17 21-16 22-27 23-26 23-27 24-28 25-31 26-32 27-33 28-35 29-25 30-20 31-21 35-34
0-5 1-6 3-4 5-7 5-8 5-9 8-1 9-10
1-15 2-13 3-14 4-12 6-11 11-3 12-4 13-5 14-7 15-7 16-8 17-9 18-10 20-1 24-16 25-15 26-21 27-22 31-18 31-19 32-20 34-26 35-27 43-18 44-28
0-15 0-51 1-16 1-52 2-12 2-14 3-13 9-17 10-3 11-4 12-5 13-5 14-6 15-7 16-8 17-9 18-9 19-10 20-2 21-0 21-1 25-18 33-48 34-33 35-34 37-31 37-32 38-35 39-41 40-41 41-39 43-36 46-26 46-28 47-28 51-24 52-30 53-45 54-45 55-46 56-47 57-47 59-44 61-49 62-50 66-21 71-53
0-0 1-1 2-14 3-12 4-7 4-8 6-2 7-3 8-3 9-4 10-5 12-3 13-3 14-3 15-4 19-17 22-18 24-16 28-25 29-35 30-34 31-32 31-33 32-29 34-29 44-39 46-37 48-46 48-47 49-49 50-49 52-48 57-21 61-50
0-0 1-1 3-0 3-10 5-16 6-15 7-11 10-12 12-7 12-8 13-6 16-4 17-2 19-3 24-22
0-8 1-5 4-8 7-7 10-1 11-9 12-10 14-13 14-14 16-11 17-15 18-29 19-30 20-28 21-27 22-20 23-23 23-24 24-21 25-20 26-21 28-17 31-31
0-8 0-9 2-6 3-5 4-4 4-6 6-0 7-2 8-10 9-24 10-25 11-23 12-22 13-21 14-20 15-20 16-17 20-13 20-14 24-11 26-26
0-0 2-1 3-3 9-4
0-5 2-3 5-0 6-7 7-18 7-21 8-19 9-14 10-12 11-8 13-9 14-11 21-23 22-30 27-24 28-30 29-32 29-33 31-34 31-35 34-36 35-39 37-37 44-40
0-1 0-2 5-3 6-9 8-8 9-7 10-7 11-6 12-5 19-10 20-16 22-22 24-21 26-18 27-19 29-17 33-14 34-14 35-24
0-0 1-3 3-1 4-4 5-8 6-9 7-9 8-10 9-11 13-7 15-6 16-5 17-12 17-13 18-18 19-19 20-24 20-25 22-21 26-17 28-16 30-26
0-0 1-1 2-29 4-28 5-27 8-21 11-9 11-10 12-11 13-12 14-13 15-8 16-7 18-17 20-15 29-3 30-4 34-30
1-0 7-3 10-4 11-16 11-17 15-19 15-20 17-14 18-12 20-10 21-10 22-9 23-5 24-5 24-7 25-7 26-9 30-33 33-34 35-30 37-28 39-26 41-24 45-22 49-35
0-0 1-0 4-14 5-15 6-7 8-12 8-13 10-6 11-6 18-19 18-20 22-17 24-21 25-25 26-24 27-23 28-22 30-21 31-26 32-27 32-28 35-36 38-35 40-32 40-33 45-37
0-5 3-8 5-7 12-9 13-17 15-16 16-16 20-15 22-12 23-13 30-19 32-0 33-0 34-1 35-2 38-1 39-18
1-0 2-1 2-7 3-5 4-6 6-4 8-8 11-9 13-10 14-11 15-15 16-16 17-17 18-18 19-18 21-21 23-20 26-23 27-22 28-24 29-26 30-24 31-27 33-29 38-32 40-12 42-31
0-0 2-0 3-5 4-5 6-10 7-10 8-9 9-8 11-6 13-11 15-10 15-16 16-16 17-15 18-14 20-12 25-3 26-17
0-35 1-36 2-32 3-33 4-22 5-23 6-24 7-26 9-27 10-28 12-29 13-16 13-17 14-15 15-13 22-18 22-20 25-11 26-8 27-37 28-0 29-0 29-1 30-2 31-6 32-7 33-4 35-2 37-38 38-37 39-46 40-47 43-42 44-7 44-43 45-41 46-40 48-48 49-49 49-50 51-0 52-1 53-53 54-61 55-62 56-58 57-58 58-55 58-57 59-56 60-54 61-54 64-53 65-63
4-28 9-23 10-22 12-24 12-26 13-29 18-37 23-34 24-31 25-30 25-31 27-26 30-14 30-35 31-12 32-13 33-9 33-10 34-7 36-6 38-5 40-4 48-38
1-2 1-3 2-2 2-3 3-4 5-19 6-23 9-26 10-20 11-27 12-18 13-17 14-15 17-13 18-14 19-12 20-10 25-9 26-8 28-5 32-28
0-0 1-1 2-2 2-3 6-15 9-13 10-12 16-8 17-6 17-7 18-4 18-5 22-3 23-16
1-9 2-5 6-10 9-2 10-1 12-10 14-12 14-13 15-21 16-18 16-23 18-15 19-16 21-12 22-25 23-24 24-27 29-40 38-30 38-31 40-32 41-33 41-34 46-41
1-0 2-1 3-4 4-5 5-2 7-6 11-8 13-14 13-17 14-12 15-15 16-10 16-11 17-11 18-19 19-9 21-20 26-21
0-8 1-9 3-4 3-5 5-1 6-0 6-1 8-1 9-0 12-10 13-15 15-14 16-12 17-12 17-13 19-11 19-13 20-16
0-1 3-2 3-4 4-7 5-8 6-6 7-5 9-9 10-16 11-16 12-13 13-13 13-14 19-10 20-18
0-9 1-8 3-5 4-4 6-2 7-2 9-1 9-11 10-17 12-16 12-17 16-17 18-14 23-18
1-0 2-13 3-11 4-10 8-6 11-17 12-16 13-15 14-15 16-4 19-3 20-18
0-6 1-5 2-4 5-2 6-7 7-9 8-9 9-8 10-8 14-1 15-1 20-11 22-13 24-14 25-25 30-21 30-22 31-22 33-23 34-20 35-18 36-18 41-15 44-26
0-6 1-5 2-4 4-3 6-0 7-0 7-1 8-8 9-7 10-9 11-13 13-14 14-17 15-19 18-25 20-23 22-26 24-29 27-11 30-31 31-30 32-33 34-35 35-35 36-36 37-37 38-38 39-38 41-34 42-34 44-11 49-39
0-0 1-1 2-8 2-14 3-14 4-12 5-10 6-13 7-7 9-8 9-14 10-9 11-5 12-4 13-2 14-15 15-16 18-18 19-17 20-25 22-23 26-19 28-20 29-21 30-22 31-21 32-26
0-11 0-16 1-11 2-9 3-7 4-10 5-6 6-4 7-3 12-12 13-16 14-17 15-18 15-19 15-21 16-20 16-21 17-22 18-24 18-25 19-26 20-15 21-14 22-27 23-31 24-32 25-34 30-28 33-33
0-0 0-2 2-5 3-9 5-4 6-4 7-10 8-17 11-15 13-11 15-11 16-20 17-25 19-12 20-21 22-22 23-12 24-6 27-27 27-28 28-29 30-29 31-30 33-31 38-36 39-37 40-39 41-35 42-33 47-38
0-0 1-1 2-2 4-3 4-6 5-7 8-13 12-15 16-9 17-10 18-17 24-16
1-1 2-2 3-2 5-10 6-11 7-12 9-9 13-10 14-7 15-6 16-5 17-12 19-13 20-13 23-20 24-21 25-22 27-9 27-19 31-20 32-17 33-16 34-15 35-22 35-37 36-24 37-25 37-29 38-25 40-34 41-35 42-37 44-33 49-31 54-28 54-29 55-37 61-36
0-22 1-22 1-23 3-24 4-11 5-10 5-20 9-9 11-3 12-4 13-5 14-2 15-1 15-15 16-16 17-17 18-18 20-29 23-12 25-38 26-39 28-36 33-30 34-29 43-40
1-10 4-7 7-4 8-5 9-5 12-45 15-18 16-19 17-20 18-21 19-23 20-24 21-25 22-26 26-22 27-22 29-28 31-16 32-15 33-14 34-13 35-12 39-43 40-42 41-30 42-31 43-32 44-39 46-40 46-41 47-37 49-36 51-35 52-34 53-33 55-43 56-30 56-59 57-55 57-62 58-45 58-60 59-57 63-42 64-62 70-61 72-51 74-52 80-2 81-63
0-11 0-14 1-10 1-11 2-12 3-0 4-0 5-3 6-2 8-2 9-3 10-4 11-5 12-5 13-16 15-17 16-18 16-19 16-20 22-45 22-46 25-42 27-36 28-37 29-37 30-38 32-33 36-32 37-39 38-40 44-48
0-0 2-1 3-1 3-2 5-8 6-13 8-10 12-14 13-17 15-18 19-7 24-20 25-19 26-24 28-23 30-25
0-1 1-2 2-5 2-6 8-7
0-4 0-5 1-3 2-2 4-0 5-1 6-1 8-8 10-7 11-9 16-6 17-10
0-0 1-0 3-6 4-7 5-8 6-9 8-10 9-11 10-12 11-13 12-13 18-4 21-3 22-14
2-6 3-7 5-3 12-12 23-13
0-0 1-0 3-5 10-2 10-3 12-7 13-10 20-8 24-11
0-4 1-5 2-3 2-6 3-7 4-8 5-6 6-0 7-1 8-2 10-12 18-9 18-10 23-13
0-0 2-4 9-2 10-5
0-1 1-0 1-1 3-6 5-3
0-0 2-4 10-2 11-5
0-0 1-0 2-1 4-5 11-3 12-6
2-2 3-0 4-0 6-23 6-24 7-21 8-30 10-26 11-27 12-25 15-16 15-17 17-20 19-11 19-12 21-8 23-13 25-5 25-6 26-31
0-14 1-15 2-16 3-17 5-13 6-12 7-11 8-10 9-9 15-2 16-2 18-1 22-0 23-18
0-1 2-2 3-3 4-10 11-6 12-7 13-5 15-4 16-11
0-0 1-0 1-1 3-9 3-10 4-6 5-4 6-3 7-2 8-11
0-2 1-3 2-5 3-6 3-20 4-6 6-7 7-7 9-8 10-20 11-20 12-18 13-15 13-17 16-13 17-12 20-10 21-21
0-1 1-2 2-3 3-4 3-5 4-6 5-7 6-8 7-23 8-22 9-24 10-25 10-26 11-25 13-15 13-19 14-18 16-14 19-12 20-9 21-10 22-11 26-27 27-33 28-33 30-32 30-34 32-31 33-28 33-29 34-28 34-29 35-36 36-43 37-41 38-37 38-39 39-38 44-45 45-46
0-2 1-3 2-5 3-9 3-10 4-7 5-7 7-11 10-21 11-24 12-24 13-22 14-25 15-26 16-29 17-29 18-22 18-27 19-31 20-32 21-35 22-35 24-35 25-35 27-33 29-17 30-19 31-19 31-33 36-14 37-15 39-13 45-36
0-8 1-8 1-9 2-7 3-6 4-10 5-11 6-15 7-15 8-14 9-12 10-13 11-13 18-3 19-17 20-16 21-49 22-52 23-53 24-51 25-50 31-36 32-37 33-33 33-34 34-31 35-42 36-43 37-44 38-30 39-30 40-30 42-30 43-30 44-30 47-26 49-27 59-21 61-18 63-54
0-28 1-29 2-24 2-25 5-17 5-21 6-14 7-12 8-11 12-6 14-2 15-5 16-1 17-10 18-31 19-33 20-32 24-30 25-35
0-0 1-1 2-24 3-24 3-25 4-22 6-12 7-2 7-3 8-2 8-3 9-4 10-5 11-8 12-9 13-9 14-10 15-13 16-14 16-20 22-26
0-0 1-3 2-3 3-1 4-4 5-5 6-8 7-8 8-1 8-6 9-9 9-10 10-11 11-14 12-14 14-14 15-14 17-12
0-0 1-0 1-1 2-1 2-3 3-7 4-5
0-0 2-3 3-1
0-0 1-3 2-3 3-3 4-1
0-0 0-1 1-2
0-0 1-1 2-2 2-6 3-7
0-0 1-1
0-0 2-1
0-0
0-3 1-4 2-5 4-6 4-7 4-8 6-1
0-0 1-0 2-0 3-1 4-2 5-4 5-5 5-7 6-8 7-9 8-9 9-10 10-11
0-0 1-1 2-2 4-10 5-4 7-8 9-5 10-11
0-0 1-1 2-2 3-3 4-7 6-5 7-8
0-0 2-1 3-1 4-2 5-6 6-5 7-7 10-4 11-8
0-0 1-0 2-1 3-2 4-3 7-4 7-5 8-6
0-0 1-1 2-1 3-2 4-3 6-5 7-4 7-5 8-6
0-0 1-0 2-1 5-2 6-4
0-0 3-0 4-1 5-0 9-9 11-8 11-9 11-19 14-15 16-15 16-18 16-19 18-15 24-22
0-0 1-0 2-0 3-1 4-0 5-0 6-0 7-6 8-1 11-5 14-2 15-2 16-6
0-0 1-1 1-3 1-4 2-5 3-6 4-7 6-8 7-9 8-10 9-10 10-11 11-12
0-0 1-1 2-2 5-4 6-5
0-0 2-1 3-1 4-2 5-0 5-3 7-4 10-5 11-6
0-0 2-1 3-2 4-3 7-5
0-2 2-0 3-3 4-4 6-5 7-6
0-0 1-1 2-2 3-3 6-5 8-9 10-6 11-12
0-2 0-3 2-0 3-0 4-4 5-11 5-12 6-5 8-7 10-9 12-17 13-15 14-14 15-18
0-0 0-4 1-1 2-5 2-6 3-7 6-9 7-9 8-10 9-21 10-21 11-19 13-18 15-15 16-16 17-12 17-14 18-13 19-22
0-5 1-5 1-6 2-3 4-2 5-2
0-2 1-3 2-1 3-0 4-8 5-9 6-6 7-4
0-4 1-5 1-6 2-1 3-1 4-2 5-0 6-4 7-5 7-6 8-8 9-9 14-13 15-14 16-15 18-19 19-20 20-18 21-17 23-21
0-10 1-8 2-7 4-1 4-5 5-2 6-3 7-6 8-12 9-12 10-13 11-12 11-14 11-15 12-16 13-11 14-7 16-17
0-1 1-1 2-0 3-3 3-4 3-6 4-5 4-6 5-2 6-7 7-9 8-10
0-0 1-0 2-1 3-2 4-3 5-4 6-5 7-5 8-6 9-7 10-8 11-9 12-10 13-11 14-12 15-13 16-13 17-14 18-15 18-16 18-18 19-17 19-18 20-19 21-20 22-21
0-3 3-1 4-4 5-11 6-11 8-5 10-7 14-5 16-12 17-13 18-15
0-11 1-14 3-8 4-3 5-3 7-4 8-4 8-12 10-5 10-6 14-15
0-11 1-10 7-4 8-5 10-7 11-8 22-16
0-1 1-1 2-0 3-3 3-4 4-5 4-6 5-2 6-7 7-9 7-10 8-10 9-8 10-11
0-0 1-0 2-1 3-0 3-2 4-3 5-4 6-5 7-6 8-7 9-8 10-9 11-9 12-10 13-11 14-12 15-13 16-14 17-15 18-16 19-17 20-17 21-18 22-19 22-20 22-22 23-21 23-22 24-23 25-24 26-25
0-3 3-1 4-4 5-11 6-11 8-5 10-7 14-5 16-12 17-13 18-15
0-9 3-5 3-7 4-2 6-12 7-13 10-2 11-3 13-0 14-14 15-26 16-26 17-27 18-26 18-28 18-29 20-25 22-15 23-16 24-17 25-19 26-19 27-20 27-21 28-21 29-22 31-24 35-23 36-30
0-5 0-6 1-1 2-7 3-10 4-11 5-8 5-9 9-13 10-12 11-21 12-19 13-17 14-18 16-16 19-16 20-15 21-14 23-28 25-23 28-29 29-30 31-31 32-33 33-34 34-37 34-38 35-35 36-36 37-39 38-40
0-2 0-3 1-0 2-5 2-6 3-7 3-8 4-4 6-15 7-16 10-19 10-21 12-13 14-22
0-7 3-3 3-5 5-0 7-14 8-15 10-13 12-16
2-1 4-6 10-3 12-9 13-14 14-14 14-15 16-12 18-10 20-23 22-17 22-19 26-2 30-24
0-2 1-3 2-1 4-0
0-0 1-1 2-2 3-3 4-4 5-5 6-6 7-6 8-7 9-8 10-8 11-9 12-10 13-11 14-12 15-13 16-13 17-14 18-15 19-16 20-17 21-18 22-19 23-12 23-20 24-21 25-13 25-21 26-14 26-22 27-23 27-24 27-26 28-25 28-26 29-27 30-28 31-29
0-3 3-1 4-4 5-11 6-11 8-5 11-7 15-5 17-12 18-13 19-15
0-3 1-2 3-1 4-5 5-7 6-6 7-6 11-8
0-0 1-1 2-2 2-5 4-9 5-9 7-16 8-15 10-14 11-12 12-10 15-7 17-3 22-17
0-6 2-5 4-4 12-16 13-17 14-14 15-13 17-11 18-11 22-18
0-12 1-13 3-9 4-4 5-5 6-3 9-14
0-3 1-2 1-3 2-3 3-4 4-5 4-14 5-6 5-13 6-7 6-12 7-7 7-9 7-16 8-10 9-10 10-18 11-23 12-21 13-22 15-23 16-25
0-2 0-3 1-2 2-4 4-5 5-0 6-7 8-10 8-11 9-12 10-14 11-13 11-14 12-13 12-14 13-8 14-15 15-18 15-19 16-16 17-21 18-22 19-23 20-24 21-25 23-28 24-28 24-29
0-2 0-3 1-2 1-3 3-5 4-6 5-7 7-10 8-11 9-5 9-10 10-14 11-15 12-17
0-0 1-1 2-1 2-2 3-1 3-3 4-8 5-7 6-5 6-6 7-9 8-12 10-13 11-14 12-15 13-17 14-18 15-23 16-21 17-22 18-22 19-23 20-25
0-0 1-1 2-2 3-3 3-4 3-7 5-9 6-10 7-8 8-3 8-4 8-6 8-7 9-11 11-14 12-14
1-1 2-2 3-3 3-4 5-5 6-7 7-8 8-9 10-12 11-10 11-13
0-0 1-1 1-2 3-3 4-4 6-7 7-8 8-8
0-0
0-0
1-17 3-8 3-9 4-10 4-15 10-3 11-10 13-20 13-29 16-26 17-28 19-10 22-8 22-24 24-30 26-59 27-60 27-62 28-61 29-62 30-63 31-65 32-66 33-57 34-51 35-52 36-46 36-53 37-46 37-55 39-50 41-65 41-71 42-72 43-68 45-49 52-47 53-69 55-43 59-39 60-40 60-41 61-42 63-38 66-36 69-32 70-34 77-73
0-0 2-7 3-5 5-4 14-8 15-21 18-22 19-23 23-11 24-15 25-16 26-17 27-14 28-13 29-18 32-24 33-31 34-31 36-29 39-32 41-25 43-33
0-0
0-1 2-3 3-6 3-7 4-4 6-9
0-1 3-4 4-6 5-4 6-8
0-1 4-6 4-7 5-4 6-9
0-1 1-2 2-3 4-6 4-7 5-4 6-8 7-10 8-10 8-11 9-13 9-14 10-11 12-9
0-1 2-3 5-4 6-7 7-3 7-9 8-6 8-10 8-13 9-10 10-4 10-11 12-8 13-15 14-16 14-23 15-16 15-17 15-23 15-24 16-19 16-20 16-27 17-25 18-21 19-23 20-19 20-27 21-24 22-25 24-22
0-1 3-6 4-6 5-7 8-26 10-22 10-29 12-3 16-17 16-18 17-14 22-21 24-24 25-22 26-22 27-28 28-31 29-32 30-29 31-21
0-1 6-3 8-4 9-4 10-8
0-1 1-2 6-3 8-4 9-4 10-8
0-1 2-13 3-14 4-15 5-16 9-2 10-8 10-13 11-9 11-14 12-10 13-6 14-5
0-1 2-5 3-3 4-3 5-9 6-12 7-13 8-3 8-10 8-13 9-14 10-15 12-19 12-20 12-21 13-13 13-17 13-19 13-20 14-17 15-16
0-4 1-2 1-4 2-0
0-5 1-3 1-4 2-0 2-6 3-1
0-0 1-1 2-1
0-0 1-0 2-1
1-0 2-0 3-1 3-3
0-0 0-2 1-2 1-3 2-3
0-3 0-4 1-0 1-3 2-1
0-0
0-0 1-1
0-0 0-2 1-2 2-3
0-0 1-1 1-3 2-1
0-3 1-0 1-4 2-1
0-0 0-2 1-0 1-2 2-1
0-0 1-1 1-2 2-3 4-4 5-9 6-5 7-10
0-2 0-4 2-0
0-2 1-4 2-5 3-0
0-2 0-4 1-5 2-0
0-2 0-4 1-4 2-5 3-0
0-2 0-4 1-3 1-4 2-0
0-2 1-3 2-0
0-2 1-3 2-3 3-0
1-2 1-3 2-0 2-3
0-2 1-2 1-3 1-5 2-3 3-0
0-5 1-3 1-4 1-5 2-0 3-1
0-0 0-1 2-2
0-0 1-2 2-3
0-0 1-2 2-3 2-10
0-0 0-2 1-2 1-3
0-0 0-2 1-0 1-1 1-2
0-0
0-0 0-1 1-1
0-0 1-1 2-1
0-0 1-0 2-1
0-0 1-0 2-0 3-1 3-3
0-0 1-0 1-1 1-3 2-1 2-2
0-0 0-1 2-2
0-0 0-2 1-3
0-0 0-1 1-0 1-1
0-0 3-1
0-0 1-0 1-2 2-3 3-4 4-6
0-0 1-1 2-1 3-1
0-0 1-1 2-2
0-1 6-0
3-7 4-8 5-0 6-1
0-4 2-7 4-5 6-3 8-0 9-1 10-7 11-9 11-10 14-12 15-13 16-14 17-16 18-17 20-7
0-7 2-8 3-9 4-9 5-0 6-1
0-8 1-9 5-2 5-3 6-0 6-5 7-4 8-6 9-5 10-9 11-24 12-26 13-26 14-22 18-18 19-19 19-20 20-10 21-11 23-9 24-12 25-15 25-16 26-13 27-30
0-2 4-4 6-7 8-5 10-5 12-0 14-10 15-9 15-14 16-12 16-15 17-16 19-18 20-14 21-18 22-16
0-2 1-0
0-2 1-0
0-1 0-2 1-3 2-0 4-4 5-5 6-7 7-6 9-8
0-1 0-2 1-2 2-3 3-0 4-3 5-4 6-5 7-7 8-6 10-8
0-4 1-5 2-6 4-1 5-2 7-8 9-30 11-29 15-28 17-26 19-23 20-24 21-25 26-14 27-15 28-16 30-17 40-10 46-33
0-1 2-4 5-2 8-5
0-0 1-1 2-2 3-3 4-4
0-3 2-1 5-8 6-7 7-5 8-6 12-21 13-22 14-23 15-17 16-18 17-11 17-19 21-15 24-14 25-24
0-3 2-1 5-17 11-12 12-9 13-14 13-17 14-15 18-6 18-7 21-18
0-2 6-12 7-13 8-15 10-10 11-10 12-10 15-5 16-17 17-17 18-18 20-25 21-26 21-28 23-30 26-10 27-10 29-19 31-31 33-43 34-42 35-43 37-38 38-39 39-36 40-35 41-34 42-44
0-3 1-4 2-1 3-5 7-15 8-16 8-18 10-14 11-13 12-13 13-13 15-8 16-7 17-25
0-0 1-1 2-2 3-3 4-4
0-3 2-1 3-4 5-6 6-8 7-16 8-17 9-14 10-12 15-28 18-30 22-20 24-25 26-9 28-24 32-5 39-7
0-3 2-1 3-4 6-9 8-12 10-7 11-15
0-20 1-21 3-5 3-11 7-9 7-14 8-5 12-25
0-1 3-6 4-7 5-4 6-3 8-8
0-1 1-3 5-4 7-5 13-22 14-26 15-28 15-30 16-29 17-28 17-30 19-26 27-8 30-7 30-18 31-31
0-0 1-1 2-16 3-17 4-15 5-13 5-14 7-4 8-5 10-7 13-10 18-9 22-3 26-18
0-0 1-1
1-13 4-7 5-8 6-9 7-9 8-9 9-10 10-11 11-11 16-4 17-5 19-2 23-14
0-13 1-8 2-4 3-20 4-21 5-15 6-22 8-18 9-2 12-1 13-23
0-5 1-3 2-0 3-1 4-2
0-5 1-3 2-2 3-0
5-1
0-0
0-2 1-3 2-5 3-6 4-9 4-11 5-7 9-16 12-17 13-18 14-19 16-14 21-13 22-20
0-9 1-4 2-5 3-6 4-6 6-0 6-1 7-0 7-1 9-13 11-10 17-16
0-2 1-3 4-25 5-25 6-27 9-18 11-15 13-11 14-12 15-13 16-8 21-28
0-0 1-2 6-8 8-10
0-13 1-15 3-10 7-12 8-0 8-2 9-4 10-12 11-5 11-7 12-16 14-24 15-22 16-21 18-20 20-18 21-25
0-0 1-0 2-8 3-0 4-0 7-1 9-23 11-24 14-20 18-7 19-7 19-10 20-5 21-6 22-2 28-33 28-38 28-39 29-39 30-35 31-36 32-42 33-64 36-48 36-49 37-50 38-51 39-52 40-54 41-58 42-59 43-53 44-53 45-53 47-63 48-65 49-46 55-69 56-67 57-66 59-43 61-43 68-31 72-73
0-0
0-0 2-1 2-22 3-6 4-5 6-3 7-27 14-7 15-8 17-22 18-20 19-16 20-17 21-16 21-18 22-19 24-14 24-15 31-20 32-26 32-29 34-24 40-30
0-1 0-2 2-2 3-3 5-13 7-10 13-7 19-15 21-16 22-19 23-19 24-8 25-19 26-19 28-18 31-20
1-3 1-6 2-5 3-3 5-7 6-19 7-20 8-20 9-20 14-8 14-12 15-9 17-10 18-12 19-13 21-15 28-33 29-35 30-43 31-41 32-40 37-36 38-36 39-37 43-31 45-44
0-3 4-1 6-11 7-10 9-23 9-25 11-22 16-11 20-15 20-16 22-7 22-18 25-19 27-13 33-8 42-4 44-26
0-0 2-2 3-2 6-17 7-8 8-19 9-9 11-13 13-7 14-1 15-18 16-19 17-16 18-21 20-14 23-22
0-2 1-0 2-1 6-14 7-9 7-15 8-10 9-8 10-9 10-10 13-30 14-31 15-23 15-32 17-24 18-25 18-34 19-29 20-28 21-26 23-21 23-30 24-22 24-31 26-32 29-34 36-7 38-4 39-4 45-35
1-0 2-2 2-3 4-4 5-8 5-15 9-6 10-50 12-12 13-27 14-28 14-39 15-29 18-23 21-15 22-30 22-42 23-31 24-45 26-47 27-34 29-40 30-40 31-42 32-46 40-44 43-47 45-9 45-10 47-48 48-58 48-59 50-55 50-56 52-55 52-56 54-68 60-64 60-77 61-29 61-78 62-66 63-41 69-79 70-80 71-80 72-80 73-81 75-72 80-69 83-90 85-93 88-88 93-89 98-49 98-83 100-93 101-93 103-86 103-95 107-98 111-52 114-99
1-8 4-15 5-14 6-11 9-1 10-6 11-7 12-6 14-2 17-0 18-10 22-16
0-0 2-6 3-7 4-7 5-7 6-7 7-16 9-2 9-15 9-34 10-33 12-31 13-8 14-7 14-21 14-31 15-14 21-21 21-46 22-21 23-19 24-18 26-1 28-34 30-42 31-42 35-46 38-38 42-46 45-84 47-59 50-60 51-61 52-62 55-63 58-51 58-67 60-69 63-84 65-79 67-78 70-77 83-85
1-0 2-1 4-11 5-6 6-6 8-14 9-15 9-27 10-7 11-18 11-22 12-18 13-26 14-29 14-30 16-27 24-22 26-23 26-24 28-27 33-10 39-38 40-30 41-35 42-36 43-37 44-33 44-48 45-32 47-31 50-38 51-47 52-47 53-48 54-63 54-64 55-64 57-59 58-59 60-66 61-72 61-73 62-73 64-68 65-68 71-49 73-50 75-45 78-75
4-7 5-8 6-10 7-11 8-12 11-13 14-14 15-15 16-16 17-23 18-24 19-25 25-19 25-23 34-3 39-27
0-1 3-21 4-31 5-35 10-19 11-17 11-20 12-17 13-11 14-12 15-13 16-15 17-16 19-8 21-5 27-21 30-25 31-26 31-27 35-24 36-39
0-0 1-5 3-2 4-6 5-4 6-6 8-1 9-9 10-9 12-12 16-15 17-16 18-20 18-22 20-23 21-19 22-17 22-18 24-27 26-31 27-25 35-32
0-25 3-26 3-44 6-3 6-12 12-15 13-18 14-20 16-19 20-28 21-43 22-26 22-44 23-27 23-46 29-40 31-37 33-37 37-31 45-47
1-7 2-8 3-6 4-4 5-2 6-3 11-9 11-19 12-12 14-12 17-14 18-15 19-16 26-19 28-38 28-41 33-32 34-33 36-36 43-29 43-31 45-26 49-22 50-44 51-49 52-50 53-48 55-45 57-51 58-55 62-58 65-65 67-54 70-59 70-60 72-57 72-59 79-66
2-3 4-22 6-18 9-23 14-22 14-23 16-20 18-10 19-11 28-4 32-24 33-41 34-42 35-39 36-38 36-42 37-43 38-45 39-46 44-2 46-29 47-29 47-32 49-28 56-47
0-10 1-11 8-6 9-6 11-15 12-16 14-5 15-4 16-1 19-2 23-17
0-0 2-1 8-22 10-12 11-10 12-13 13-10 13-14 14-8 16-3 16-4 19-5 20-6 21-25 24-19 25-19 26-20 28-23 29-22 31-27 34-28
0-0 1-1 2-3 2-4 3-5 4-6 4-25 5-8 6-9 7-25 8-14 8-18 8-25 9-11 10-12 12-23 16-6 17-16 17-27 18-17 19-18 20-14 20-18 20-25 21-19 22-20 29-28
2-5 3-7 7-16 7-19 8-21 11-15 19-17 21-19 22-21 30-18 35-10 37-6 39-8 43-22
0-0 1-3 2-9 6-8 11-5 11-6 20-13
1-3 2-3 3-1 7-22 8-12 8-13 9-13 9-18 10-17 11-12 11-18 12-18 14-15 17-10 18-23 19-31 20-26 21-28 21-32 24-35 26-37 27-46 28-46 30-46 31-46 32-21 34-45 38-44 44-47
0-5 1-6 2-2 2-6 8-24 10-21 11-22 12-28 12-29 13-27 14-26 17-33 19-36 21-38 23-39 26-14 28-17 29-17 30-18 31-19 33-8 35-40
0-11 1-16 3-9 9-7 10-5 11-6 14-27 15-25 22-1 24-3 31-29
0-10 1-10 2-9 3-8 7-1 8-11 9-1 11-2 12-4 14-22 15-23 16-27 16-28 17-26 18-21 19-20 19-23 20-21 21-21 21-32 27-34 28-35 29-35 30-35 33-19 33-32 35-49 36-49 36-50 37-51 38-46 39-47 41-45 44-52
0-0 1-1 2-22 4-22 5-22 6-23 7-24 11-15 12-16 13-13 14-12 16-10 16-20 18-25 19-8 21-7 23-4 24-3 26-26 27-42 28-39 30-36 31-36 34-29 35-30 36-31 37-32 38-33 40-28 40-46 44-48 44-50 45-48 46-49 47-50 47-51 52-43 54-45 59-52
0-5 0-7 0-8 1-2 5-9 6-11 7-2 7-12 10-13 11-15 12-15 13-15 14-16 16-17 21-28 22-29 23-26 27-31 29-30 31-24 31-25 35-32
0-0 2-5 3-6 4-6 4-7 5-7 6-8 7-9 8-5 8-10 9-11 10-11 11-12 12-12 13-12 14-8 14-14 16-3 19-17 20-16 21-15 23-19 24-20 26-23 27-24 30-29 31-30 32-32 33-33 34-33 35-34 36-35 37-36 38-37 39-38 39-39 40-39 41-39 42-41 44-27 47-43 48-44 50-42 53-45
0-5 1-4 1-5 3-3 4-1 7-0 9-10 10-11 10-17 11-12 12-13 13-13 13-14 14-22 16-6 19-3 21-26 23-28 23-30 27-31
0-0 1-9 2-10 4-2 5-3 10-1 11-13 12-13 13-14 15-11 18-21
2-3 3-3 4-3 5-4 7-5 9-14 10-15 11-12 12-11 14-8 22-16
0-0 1-0 1-3 2-7 3-8 4-8
0-7 1-5 2-4 7-1 10-9 11-11 12-11 13-10 16-12
0-7 1-5 2-4 6-0 7-8 9-11 9-13 10-14 11-11 11-13 11-15 12-18 13-19 13-21 14-22 15-23 15-25 20-9 25-26
0-8 2-9 4-4 5-5 6-10 7-11 11-15 12-19 13-20 14-25 15-26 16-27 21-23 21-33 22-33 22-40 24-33 24-40 25-24 25-34 25-41 27-36 33-42
0-8 1-8 2-9 3-10 4-10 6-3 9-1 11-2
0-0 1-1 2-2 3-3 5-8 6-8 7-8 8-9 9-10
0-0 1-0 2-1 3-2 4-3 5-7 6-9 7-8 7-9
0-0 1-1 2-2 3-3 3-4 4-4
0-0 1-1 1-3 2-4 3-5 4-3 4-6 5-7 6-8 7-9
0-0 1-0 2-1 3-2 4-2
0-0 1-1 2-2 3-3 4-4 5-5 6-6 7-7
0-0 1-1 2-2 3-3
0-0 0-2 1-0 2-1 3-2 4-2
0-0 1-1 2-1 3-2 4-3 5-4 6-5 6-11 7-6 8-7 8-8 9-8
0-0 1-1 1-2 2-3 3-4 3-5 4-5
0-0 1-1 2-1 3-2 4-0 6-1 7-13 8-14 10-21 11-22 12-23 13-25 14-22 15-18 16-19 17-16 18-15 20-34
0-5 1-6 2-3 5-2 8-1 9-7
0-20 1-21 2-18 2-22 3-24 4-25 6-1 7-13 7-14 7-17 8-11 9-10 13-9 15-5 16-3 17-2 23-26
0-1 3-3 4-4 5-5 6-6 7-7 8-8 9-9 10-9 11-10 12-11 13-13 15-0
0-6 1-7 2-8 3-9 4-7 4-10 11-4 12-2 13-3 15-0 16-11 17-15 20-16 22-18 23-19 25-18 26-19 27-19 29-20 30-21 31-22 33-12 35-23
0-2 1-3 2-0 3-6 4-7 8-4 9-10 10-8 11-15 12-11 13-12 16-28 17-27 18-25 18-26 20-22 22-18 27-33 29-30 36-34
0-3 3-2 4-8 4-9 5-7 8-6 12-5 17-0 18-10 19-14 22-25 22-26 24-20 25-22 27-18 28-17 29-16 30-16 33-28 34-27 35-36 39-34 44-31 50-29 55-37
0-0 1-1 2-2 4-3 6-4 7-8 9-6 11-10 14-9
0-1 1-2 2-2 3-3 4-11 5-9 6-10 7-12 8-8 12-6 16-5 20-13 22-22 23-23 24-24 25-20 26-19 28-16 30-14 32-25
0-10 1-11 1-12 2-8 3-7 5-1 5-5 7-3 9-1 10-13 11-15 12-16 13-18 14-27 15-26 16-25 18-23 20-21 23-28 24-30 25-31 27-29 29-32
0-4 1-5 3-20 4-13 4-21 5-22 6-23 7-24 8-25 9-26 10-27 11-29 16-10 17-10 18-11 19-12 20-13 20-16 21-14 23-7 27-2 31-28
0-0 0-1 1-2 2-4 3-6 4-8 5-9 6-10 8-7 13-6 14-11 16-13 17-14 18-17 19-18 20-20 22-16 23-21 26-29 29-23 30-25 31-18 31-26 32-27 36-31
0-2 1-3 2-4 3-5 5-1 6-6 7-13 13-10 16-7 20-13 21-16 22-17 26-18 27-21 28-22 29-23 30-24 32-20 33-25 33-34 34-32 40-29 43-26 46-35 47-37 51-38
0-3 1-2 2-1 3-4 4-10 5-9 8-6 14-5 15-10 16-16 16-17 17-12 18-12 18-14 22-18 23-29 24-26 26-20 27-21 28-22 29-23 32-31 33-31 34-42 34-45 35-39 37-32 38-33 39-34 40-35 41-36 48-46
4-4 8-1 9-2 12-5 13-6 13-8 14-8 15-9 16-11 17-12 19-10 22-9 23-13
4-4 7-1 9-2 12-5 13-6 15-7 16-10 17-6 17-10 18-9 19-8 20-7 21-11
0-0 1-1 2-2 3-3 4-4 5-6 6-7 7-9 9-4 10-5 15-10 17-16 18-17 19-23 20-24 21-24 22-21 23-19 23-20 26-14 30-26 31-25 33-28 34-29 35-31 39-32
0-1 1-3 1-14 5-6 6-7 7-8 8-9 8-19 9-10 12-12 13-14 14-17 15-15 20-25 23-22 24-22 25-23 28-19 29-20 30-20 32-18 35-17 36-26
0-0 1-0 3-15 4-14 4-15 5-13 6-13 7-12 12-8 13-7 14-6 15-7 16-2 18-20 19-18 20-1 20-17 22-21 23-24 24-25 26-23 29-26
0-0 1-0 3-1 5-4 6-2 7-3 8-3 9-7 10-9 11-10 12-11 13-11 19-12
0-0 1-0 2-15 3-17 4-18 5-7 5-14 6-13 6-44 7-11 8-9 9-10 10-8 18-6 23-4 26-25 27-26 28-28 29-23 31-20 32-21 34-19 37-29 38-34 38-35 42-32 44-44 45-41 46-39 46-42 47-38 50-46 51-58 52-54 52-59 53-60 54-54 54-64 55-61 56-66 59-54 60-54 60-59 63-47 64-49 66-56 67-67 68-68 74-73 77-70 79-71 83-74 85-81 86-82 87-84 88-79 90-77 91-78 92-75 93-76 98-83
1-2 2-5 3-6 4-6 6-3 8-7 9-11 9-14 10-12 11-12 12-13 13-14 14-15 15-16 16-17 17-18 18-20 19-10 20-9 26-21
0-2 1-4 2-5 3-1 5-12 6-13 7-13 8-10 9-9 10-14 12-15 13-15 14-16 16-6 17-6 18-7 19-17 20-26 21-27 22-24 26-23 28-21 30-20 33-28
2-6 3-8 4-20 5-22 7-19 8-18 9-14 10-15 11-12 12-11 14-9 22-23
1-2 2-3 3-8 4-4 7-32 9-11 13-17 13-18 14-14 15-19 16-20 17-21 18-23 19-29 20-30 21-25 22-26 24-13 28-33 29-32 30-51 33-48 34-49 35-46 38-42 39-43 40-40 41-39 42-44 43-45 48-36 52-52
0-6 0-7 1-2 6-8 7-17 8-22 9-16 10-14 10-15 12-12 14-19 17-9 18-23 19-34 19-40 19-41 23-34 23-35 25-44 25-45 27-37 30-43 34-31 36-26 36-28 39-46
0-3 2-1 4-5 6-12 7-11 8-10 9-13 12-8 16-6 21-14
2-6 3-4 3-5 9-21 10-19 11-17 13-18 14-18 16-15 18-13 20-10 22-11 24-8 32-22
0-7 1-9 2-10 3-5 4-4 7-0 8-0 8-1 9-3 10-11 11-23 13-24 16-16 17-17 18-18 19-18 20-20 24-14 29-25
0-3 1-4 2-4 4-1 5-5 6-14 8-15 10-12 12-10 14-7 17-17 18-16 22-26 23-18 23-24 24-19 25-24 27-23 29-21 31-27 35-31 36-30 37-18 37-33 37-50 38-34 39-35 40-37 41-38 48-39 50-44 50-45 53-42 54-50 60-51 61-53 62-54 63-55 63-60 64-55 64-60 65-56 68-52 69-57 71-58 72-59 73-55 73-60 74-61 77-47 78-62 79-63 86-65
0-20 1-21 2-22 3-22 4-24 11-1 12-3 14-4 15-41 15-42 19-7 20-8 21-9 22-10 23-11 24-12 25-13 26-13 27-14 29-25 30-23 32-48 34-41 34-42 38-26 39-27 40-28 41-29 42-30 43-31 44-31 45-31 46-31 47-31 48-32 49-33 50-36 51-37 52-37 53-38 55-34 55-45 58-54 59-58 60-59 61-60 62-62 69-61
0-0 1-1 4-13 6-12 8-9 12-38 13-6 14-27 18-12 18-31 20-17 20-41 21-18 21-42 22-19 22-43 23-19 23-43 24-21 24-45 25-40 27-16 28-24 29-36 31-32 32-34 34-31 34-47 38-27 39-29 44-17 44-41 45-18 45-42 46-19 46-43 47-45 55-4 58-52
0-9 0-10 2-6 3-7 4-14 5-1 6-2 7-3 9-4 12-20 12-21 13-22 14-23 16-26 20-25 22-16 25-27
0-1 1-2 2-3 4-8 5-9 6-9 7-10 8-11 9-7 10-6 12-4 13-12 14-15 16-16 18-17 19-18 20-19 21-20 22-21 23-23 24-24 25-21 25-26 26-22 27-13 30-25
0-0 2-1 3-6 5-2 5-3 9-7
0-1 1-1 2-2 3-3 4-19 5-14 6-15 7-16 9-18 10-13 12-11 12-12 16-9 18-10 19-5 20-6 20-12 21-6 23-4 27-20 28-36 29-32 30-33 31-37 32-43 33-44 34-44 36-40 38-50 39-51 40-52 41-53 44-29 56-66 58-58 58-73 60-57 62-54 62-69 63-76 66-77 68-56 68-71 71-73 73-56 74-78
0-0 1-4 2-6 3-7 5-9 14-10
0-1 3-2 4-3 6-6 7-8 8-9 9-10 10-8 10-10 11-11 12-5 13-4 16-12 17-14 17-15 19-18 19-19 20-16 22-22 22-23 26-20 30-24
0-0 1-3 2-4 3-5 4-12 5-13 6-11 7-10 8-18 9-17 10-16 18-20 19-29 20-28 22-27 24-25 24-26 28-22 28-23 30-21 31-30
0-0 1-0 2-1 4-4 5-4 6-3 7-2 9-6 10-13 11-14 12-14 16-9 17-10 19-7 22-15
0-11 1-12 2-13 3-13 4-14 8-9 10-21 11-22 14-16 22-5 27-24 27-25 30-24 34-2 38-27
1-0 2-1 3-10 4-10 6-11 7-4 9-6 10-5 12-12 14-2 17-17 20-18 21-19 22-22 23-23 24-24 25-24 26-25 27-26 29-27 30-24 30-28 31-29 36-14 39-41 40-38 41-40 42-40 50-41 51-48 54-50 56-51 58-53 58-54 60-49 62-46 65-44 67-55
0-0 1-5 2-6 3-7 4-8 5-9 6-9 7-10 8-3 9-2 12-20 13-21 14-22 15-23 16-25 20-15 22-17 24-18 26-13 29-13 30-24
2-1 4-4 6-2 6-3 8-7 9-11 10-12 11-13 12-13 13-15 17-9 22-14
0-8 1-9 2-1 2-2 3-3 4-4 5-5 6-5 7-6 14-14 15-14 16-15 17-12 18-11 22-16
0-0 1-1 2-13 2-29 4-14 5-15 6-17 6-34 7-18 7-35 9-22 9-23 10-21 11-20 12-24 14-11 16-31 17-30 19-32 20-17 20-34 21-18 21-35 23-38 24-39 25-40 26-24 26-41 28-26 33-5 34-2 38-1 38-42 39-52 40-52 41-53 42-49 43-45 47-48 54-47 58-44 59-54
1-5 2-28 2-29 3-26 4-27 5-23 9-20 11-18 12-18 16-15 17-16 19-31 20-32 21-33 23-34 23-36 25-13 27-37 28-47 29-48 30-49 32-46 35-41 36-41 40-39 45-52 46-53 48-62 48-63 51-61 56-59 58-57 62-44 64-64 65-68 66-66 67-70 68-71 70-72 74-7 75-8 76-8 82-74
0-0 1-11 2-12 3-12 4-9 5-13 6-24 7-25 8-26 10-22 13-18 14-19 15-20 16-17 21-15 30-28 31-27 32-33 34-34 37-36 44-1 45-39 46-44 47-43 51-42 52-42 54-40 62-6 68-45
0-4 2-0 3-1 4-9 5-10 6-10 7-11 9-3 9-5 10-5 10-6 15-2 16-13 17-19 18-20 19-21 21-23 25-18 27-16 29-14 34-24
0-0 1-2 2-4 4-7 5-7 10-14 11-14 12-16 13-18 14-19 15-20 16-22 17-13 18-12 23-24 24-23 25-27 26-28 27-28 29-25 30-26 33-25 37-29 38-30 39-31 43-32
0-0 1-6 2-7 3-5 4-8 6-3 9-19 10-16 11-16 12-17 13-18 14-18 15-15 16-14 17-12 18-11 19-19 20-21 26-23 27-22 28-25 29-26 30-27 31-29 37-28 39-30
0-0 2-0 3-1 4-3 5-4 8-6 9-7 10-8 12-17 12-18 14-14 16-11 17-12 20-9 21-20 22-19 24-28 29-22 36-29
0-2 0-3 1-4 2-17 3-19 6-16 12-11 13-8 14-6 15-9 16-10 22-20
0-2 0-3 1-4 4-5 6-9 7-10 9-6 12-11 13-14 13-15 14-12 15-16 16-17 17-18 19-22 21-20 22-23 23-25 24-26 25-27 27-30 27-31 29-28 36-32
0-2 1-3 2-4 3-5 4-7 5-9 8-14 9-15 10-15 12-13 13-12 15-10 16-16 17-19 19-17 22-6 24-20 25-22 25-23 27-27 29-28 31-26 38-29
0-2 2-0 2-1 5-3 6-4 7-4 9-5 10-11 10-12 11-9 12-7 13-8 16-13 18-14 19-15 20-16 21-16 22-16 23-17 28-18
0-3 1-2 2-9 2-10 4-6 6-5 8-0 9-11 10-12 12-13 13-25 15-22 16-20 17-21 17-23 18-20 19-18 20-15 21-15 24-33 26-40 28-38 29-36 30-34 33-31 34-32 35-28 40-42
1-1 6-2 7-11 8-12 9-14 11-15 12-16 13-18 14-19 15-25 16-23 19-21 21-22 26-5 28-3 30-7 31-8 35-7 36-26
1-0 2-1 3-3 3-4 5-2 16-7 19-10
0-5 0-7 0-8 1-2 2-0 3-21 4-9 5-7 5-8 5-14 5-15 6-12 8-10 8-11 10-18 10-26 11-18 12-19 14-26 15-27 17-25 20-21 21-22 26-29 27-28 28-34 29-35 30-47 31-48 32-48 33-43 34-42 40-39 42-45 50-32 53-49
0-0 5-1
0-9 1-21 3-18 5-14 7-16 9-14 11-11 12-23 13-22 14-30 15-31 19-11 21-24 23-33 27-3 28-1 29-6 29-7 33-2 34-2 35-2 41-1 42-32
0-12 1-12 3-2 4-3 4-10 6-9 6-10 8-6 10-4 15-0 16-19 17-20 17-31 18-21 19-21 20-22 24-15 25-24 29-28 30-30 31-31 32-32 33-32 34-34 36-29 45-33 46-38 48-36 51-41 52-42 52-43 60-50 61-46 67-51
0-0 2-1 3-5 6-2 8-11 9-14 10-15 11-15 12-12 13-17 15-9 17-8 19-6 26-18 28-19 31-35 32-39 32-40 36-33 37-32 47-23 49-22 51-41 53-47 55-39 55-49 57-48 60-46 61-51 62-53 63-56 63-71 65-55 65-61 70-52 72-57 73-63 73-64 74-65 76-55 76-61 78-81 80-71 81-69 83-69 89-72 90-76 91-77 92-78 93-79 94-80 96-75 97-81 99-91 100-92 101-94 103-89 105-87 107-85 109-84 121-95 122-96
0-0 1-1 1-5 2-4 3-3 8-2 10-10 10-11 11-11 12-12 13-13 14-14 15-9 16-8 17-7 18-6 19-16 20-15 21-21 23-25 24-26 24-27 26-22 31-19 33-28
0-1 5-23 6-26 7-27 8-27 10-25 14-11 14-14 17-13 17-14 19-17 21-16 21-17 23-20 25-21 26-22 28-17 36-4 37-2 38-2 38-3 39-28
2-1 10-3 11-7 11-36 12-9 13-11 14-12 15-13 16-13 17-14 18-15 19-16 20-23 20-24 21-22 22-21 24-20 26-29 26-47 27-26 31-18 35-30 36-42 37-49 39-49 41-50 43-46 43-47 45-45 49-43 50-52 52-35 55-31 56-32 68-51
1-9 3-14 4-15 5-15 6-13 7-11 12-7 13-6 13-8 15-1 16-2 16-3 17-0 20-23 20-25 21-21 22-20 24-26
0-1 1-2 2-20 3-21 4-21 5-18 7-15 7-16 12-12 14-9 18-22 20-24 22-33 22-34 24-35 28-28 29-29 31-25 31-26 37-36 38-44 39-43 40-41 41-42 43-38 46-45 55-11 70-5 71-6 75-46
0-0 1-1 2-8 2-9 3-8 3-9 5-15 6-16 7-16 9-14 10-11 12-10 18-20 19-27 20-28 21-29 22-26 23-25 25-19 27-17 34-6 35-2 36-2 38-30
1-0 2-1 3-2 4-3 5-13 6-14 7-14 8-12 9-9 9-10 11-6 12-5 13-4 17-15
0-1 1-2 2-3 3-10 4-11 5-16 6-17 9-13 11-12 13-18 14-23 15-24 16-25 19-21 21-26 22-35 24-33 26-29 27-30 29-20 37-8 39-6 43-36
0-2 0-3 1-4 2-11 4-9 7-7 8-6 10-17 11-18 12-19 13-20 15-23 17-25 17-26 26-29 26-39 27-36 28-34 29-33 31-30 33-39 37-41 39-42 39-43 40-50 42-16 44-14 45-5 46-5 48-6 49-49
0-0 1-3 3-1 6-13 6-20 7-9 7-12 8-10 9-11 9-12 10-14 11-16 11-19 12-17 13-18 13-19 15-28 17-25 17-26 19-21 21-22 21-23 26-6 28-4 29-4 30-29 31-30 32-31 33-32 34-33 35-34
1-2 2-10 3-12 4-13 5-14 6-14 6-15 7-16 8-19 9-20 10-20 11-18 12-17 18-8 20-4 22-3 23-21 24-29 26-28 28-25 28-26 29-23 30-24 32-30
0-0 2-1 2-2 3-2 4-2
0-0 1-1
0-0 1-1
0-0 1-1 2-2 3-3 4-4 5-5
0-0 1-0 2-1
0-0 1-1
0-0
0-0
0-0 1-0
