0-2 1-3
0-0 1-1 2-2
0-0 1-1 2-2 3-3 4-4
0-1 1-2 3-3 4-4 5-5 5-6 7-9 8-10 9-11
0-1 1-1 3-2 4-3 4-4 5-6 6-5 8-9 10-20 12-20 14-7 16-19 17-9 17-10 17-21 18-11 19-12 20-23 21-24 22-25 24-25 25-26 25-27 26-28 27-29
0-0 1-2 2-1 3-3 7-4 8-5 9-6 10-7 11-9 12-10
0-0 2-1 3-3 4-4 5-8 6-9 9-10 10-11 11-12 12-13 13-14 14-15 15-16 15-17 16-18 17-19 18-20 19-21 20-23 21-24 22-27 23-28 26-29 28-31 29-30 30-32
0-2 1-3 1-4 2-5 3-6 3-7 4-6 5-8 6-9 7-11 8-12
0-4 1-0 2-1 3-3 4-5
0-0 1-1 2-1 2-2 4-7 6-4 7-8 8-9 9-10 11-11 13-12 14-13 15-14 16-15 17-16 18-17 19-18 20-20
0-0 3-1 4-3 5-4 6-5 8-8 11-12 12-13 13-14 14-15 15-16
0-0 1-1 3-2 4-3 7-21 8-20 9-5 10-7 11-8 12-9 13-10 17-11 19-12 20-13 21-22
0-0 2-4 3-7 4-6 5-8 7-11 9-10 12-13 14-13 16-14 18-16 18-17 21-21 23-22 25-23 26-24 28-25 30-27 31-28 31-32 32-34 34-29 35-30 36-37 37-38 38-34 39-36 42-38 43-39 45-40 45-44 46-41 47-41 48-42 49-43 50-45
2-8 3-9 5-12 6-6 6-13 7-19 9-15 13-20 14-21 17-3 19-0 20-2 21-1 24-6 26-6 26-17 26-18 27-7 28-11 29-23
0-2 1-1 3-3 4-6 5-4 6-5 7-7
0-2 0-3 1-4 2-5 6-6 11-7 12-8 13-9 14-11 16-10 17-12
0-0 1-2 2-4 3-3 4-5 7-8 8-9 10-12 11-11 12-13 16-14 17-20 18-15 19-16 20-17 21-18 22-19 23-22 24-21
0-0 1-2 2-2 4-7 5-3 6-4 7-5 8-8 9-9 9-13 11-12 12-12 13-14 14-15 15-16 19-21 21-19 22-22 23-23 24-30 25-25 27-24 29-27 30-29 31-31 32-32 33-33 38-36 39-37 40-40
0-2 1-0 2-3 3-4 4-11 5-12 6-13 10-14 12-15 16-18 17-19 18-20 19-17 21-17 22-23 24-28 26-30 28-25 29-26 30-27 31-31
0-7 3-9 4-0 5-1 7-14 10-10 11-11 12-12 12-13 13-3 13-4 14-5 17-6 18-15
0-0 1-1 1-2 3-3 3-4 4-5 5-6 6-9 7-7 8-8 9-10 10-11 11-12 12-13 13-16 15-17 16-18 17-19 18-20 19-21 20-22
0-0 2-2 3-1 5-3 7-5 8-4 9-6 10-9 10-11 12-9 13-10 14-11 15-12 16-13 17-15 18-17 19-19 20-20 23-22 24-32 25-26 28-28 28-29 29-33 30-34 31-35 32-36 33-37 34-38 35-39 36-40
0-1 1-3 2-4 3-5 4-7 5-8 6-9 7-10 8-11 9-12 11-13 12-14 13-16 14-18 16-20 16-21 16-22 17-24 19-23 19-24 20-26 23-24 23-32 25-15 25-32 28-31 29-33
0-1 0-2 0-5 1-6 2-7 3-8 4-11 5-10 7-12 8-13 8-14 10-15 11-16 12-17 13-18 14-19 16-22 17-23 18-24 19-25 20-26 21-27 22-29 23-28 24-32 25-33 26-34 26-35 27-36 28-37 29-38 30-39 31-40 32-41
0-2 1-1 2-3 3-4 4-5 5-6 7-9 9-13 10-14 12-16 13-15 14-17 16-19 18-18 20-20 21-21 22-22 23-23 25-24 27-26 28-25 30-27 31-28
0-1 1-0 2-4 3-5 4-2 5-6
0-0 2-1 4-2 6-3 7-4 8-6 9-7
0-0 1-1 2-2 3-7 5-3 5-8 7-4 7-5 7-6 9-14 17-7 19-8 20-10 20-11 21-14 22-16 23-18 24-17 25-19 26-20 27-21 27-30 28-23 30-22 31-24 32-25 32-30 33-28 35-29 37-30 38-32 39-33 40-34 40-35 41-36 43-37 44-38 47-39 48-40 49-41 50-43 52-45 53-46 54-47 56-48 57-48 58-49 59-50
0-0 0-1 1-2 7-6 9-12 11-2 12-15 14-4 15-6 16-5 17-16
0-0 2-1 3-2 4-3 4-4 6-5 6-9 8-7 8-8 10-11 12-12 13-14 15-13 15-14 16-15
0-1 1-3 2-4 3-5
0-1 1-1 2-3 3-4 4-6 4-7 6-6 7-8 9-9 11-11 12-13 12-14 12-15 13-16 14-17 15-18 17-21 18-25 20-27 21-28 22-29 23-30 25-31 26-32 27-33 28-34 29-35 30-36
0-0 2-2 4-6 4-7 5-7 7-3 8-4 10-8 11-9 13-11 14-10 15-10 17-12 18-14 19-15 20-18 21-19
0-2 1-3 4-0
0-1 1-2
0-0 1-1 2-2 3-3 4-4
1-8 3-2 4-1 5-3 6-6 7-4 8-7 9-9 10-10 11-11
0-0 1-1 2-2 3-3 4-5 5-6 6-7 7-10 8-9 9-11 10-12 10-15 11-14 12-13 13-16 14-16 15-17 17-17 18-18
0-0 1-0 2-1 5-4 6-5 7-7 8-2 9-3 11-10 13-9 13-11 14-13 15-14 16-15 17-16 19-17 20-19 21-18 22-20
0-1 0-2 1-4 2-6 3-5 6-7 7-7 8-12 10-13 11-14 12-15 13-8 14-10 15-9 16-16
0-0 2-1 4-2 5-3 6-6 7-7 8-8 9-9
0-0 2-1 3-1 4-4 5-3 6-5 7-2 8-6 9-7 10-8 11-9 13-10 14-11 15-12 16-13 16-15 19-15 20-18 21-19 22-21 25-22 26-23
0-0 1-1 2-3 3-4 4-5 6-6 7-8 8-9 9-10 10-12 11-11 12-13 13-14 13-15 14-16 15-17 16-18 17-19 18-20 19-22 20-23 22-24 23-25 24-28 25-26 26-30 27-32 28-34 29-35 31-36 32-38
0-0 6-13 8-10 9-11 11-1 12-1 15-2 16-4 16-6 18-5 19-14
0-1 1-2 2-3 2-4 3-8 4-7 5-9 6-9 8-10 10-12 11-13 12-14 13-15 13-17 14-16 15-18
0-0 1-1 2-4 4-2 5-3 6-5 7-6 8-7 9-8 10-8 11-11
0-0 1-1 2-2 5-7 6-8 7-9 8-10 9-11 10-12 12-13 13-10 14-14 15-16 17-5 18-6 19-4 20-18
0-0 1-1 2-2 4-3 5-4 9-5 10-6
0-0 1-1 2-2 3-3 4-4 7-6 8-5 9-7
0-1 1-0 4-2 5-3 6-4 7-4 9-5 11-6 13-7 15-9 16-10 17-11 18-12 19-13
0-0 2-1 3-2 5-4 6-5 7-6 8-7
0-1 1-1 3-10 4-2 5-5 6-6 7-7 10-10 11-11 12-7 14-8 15-12
0-0 0-1 0-3 2-4 2-5 2-7 4-6 5-8 6-12 7-1 8-13 9-15 12-14 13-16 14-19 17-20 18-22 19-21 21-23 22-24 23-25 24-30 26-27 27-28 28-29 30-33
0-1 1-1 2-2 3-3 4-5 6-6 7-7 8-8 9-12 11-13 12-14 13-15 14-16 15-17 16-18 17-20 18-19 19-21 20-22 22-23 24-23 25-25 26-26 29-28 30-27 31-29 32-30 33-31 34-32 34-33 34-34 36-35 37-38 38-36 39-43 42-40 43-41 44-44 45-45
0-0 1-1 2-3 2-4 3-2 6-5 8-7 9-8 11-10 12-12 13-13 14-14 15-15 16-16
0-0 1-2 2-3 3-1 4-4 5-8 6-5 7-6 8-7 10-8 11-10 12-9 14-17 15-15 16-13 17-18 19-19 20-20 21-21 22-23 24-24 25-25
3-5 4-4 5-3 6-8 8-8 9-11 10-12 11-13 13-14 14-15 15-17 16-18 17-19
0-0 3-8 4-7 6-1 7-2 8-4 9-5 11-9 12-10 13-11 14-13 15-12 16-14
0-0 1-2 2-6 4-5 5-7 6-8 8-9 9-10 10-11 11-13 12-14 13-15 14-16 15-17 16-18 16-19 17-20 18-21
0-0 1-1 2-4 3-2 3-3 4-5
0-7 1-8 2-6 3-0 4-1 5-2 6-3 7-5 8-9
2-5 3-4 8-7 9-10 10-11 11-13 12-14 13-14 14-15 15-17 16-16 17-18 18-19 19-22 20-20 22-21 23-23
0-4 1-4
1-4 3-3 5-0 6-1 9-7 10-8 11-9 12-10 13-11 14-13 15-19 16-18 18-17 19-15 20-20
0-0 1-1 4-2 4-5 5-6 10-9 10-10 10-12 13-15 14-17 15-18
1-6 3-8 4-1 5-0 6-2 7-3 9-4 10-5 13-9 15-10 17-14 18-15
0-0 2-1 3-2 4-3 5-5 6-4 7-7 8-6 9-7 13-8 14-9 15-10 16-11 17-12
1-0 2-4 3-3 4-1 5-2 6-5 7-8 8-7 9-9 10-9 11-9 12-10 14-12 15-13
0-3 1-1 3-4 3-6 4-6 5-7 6-8 8-10 9-12 11-13 12-14 13-15 14-16 15-17 16-20 17-19 18-21
1-0 2-0 3-1 4-2 4-3 5-4 6-5 6-6 7-8 8-10 9-11 10-12 11-13 13-14 14-15 16-16 17-17 18-18 19-19 20-21 22-22 23-22 25-20 26-24 27-23 28-25 29-27
6-5 7-6 9-8 10-15 11-16 12-17 14-13 15-9 17-10 18-11 19-18
0-0 5-3 6-5
1-7 1-34 3-2 4-3 6-4 8-8 9-9 10-10 11-11 12-12 12-13 18-22 19-17 20-19 21-23 22-27 24-29 26-33 26-36 27-36 28-31 29-39 30-35 34-40
0-0 1-1 2-2 3-6 3-7 4-5 5-3 6-4 7-8 8-8 10-12 11-8 12-9 13-10 13-11 14-13 15-14 17-15 18-16 20-17 21-17 22-18 23-19 23-20 24-21 25-22 26-26 27-27 28-28 29-31 30-32
0-0 1-3 2-4 3-5 4-8 5-9 6-10 7-11 8-12 9-13 10-15 11-16 12-17 13-18 15-14 15-19 16-20 18-21 20-24 21-25
0-2 1-1 3-3 4-4 5-6 6-8 8-5 9-7 10-6 11-9 12-10
0-0 1-2 2-3 3-4 4-5 6-7 7-3 7-6 8-8 9-11 11-9 11-10 12-10 13-12
0-0 1-2 2-4 3-2 4-1 5-3 8-5 9-7 11-7 12-8 12-9 13-12
0-0 1-0 1-1 3-2 4-3 5-4 6-8 7-6 9-9 12-10 14-11 15-14
1-0 2-2 3-0 4-1 4-3 5-6 6-7 7-8 8-9
0-0 3-1 4-0 6-2 7-3 7-4 7-5 8-7 10-6 11-8
0-1 1-2 2-4 3-11 4-5 5-6 6-7 7-8 8-9 9-10 10-12
1-3 2-5 3-2 4-4 5-6 6-8 7-10 8-12 10-14 11-15 13-16 17-19 18-20 19-22
0-1 2-5 4-5 4-6
0-0 1-1 2-2 3-3 4-4
0-1 1-3 2-4 3-5 4-6 6-9 7-10 8-11 9-11 10-12 12-13 12-15 13-16
0-0 1-3 3-4 4-6 5-7
0-0 0-1 0-2 1-3 2-4 3-6 4-7 5-8 6-8 7-11 8-12 11-14 12-17 13-18 14-19 15-20 16-22 17-21 18-23 19-24 20-25 21-26 22-27 23-28 24-29 26-30 28-32 29-34 30-35
0-5 2-0 3-1 4-2 5-4 6-4 7-6 8-7 9-8 10-9 11-11 12-12 13-13 14-14 15-15 16-16 17-18 18-21 18-23 19-24 20-26 21-27
0-0 1-2 2-1 4-3 5-6 7-5 8-7 9-7 11-8 12-10 13-9 14-11
1-1 2-2 3-3 5-5 6-6 7-7 7-8 9-9 11-10 12-11 13-12 14-13 15-14 17-15 19-15 20-16 21-17 22-18 24-19 25-20 26-23 27-10 28-22 29-24
0-5 1-0 2-1 3-2 6-6 7-7 7-8 7-9 8-10 9-11
0-0 1-1 2-3 3-2 4-4 5-5 6-6 7-7 8-8 9-10 10-11 11-14 12-13 13-15 14-16 14-17 15-18 17-19 18-20 19-22 20-23 21-30 22-29 23-28 25-25 26-26 27-27 28-31
1-0 2-1 2-2 3-3 6-5 7-6 8-7 9-8 10-9 10-11 11-10 12-12
2-1 3-2 4-4 5-5 6-6 7-7 8-8 9-9 10-12 11-10 13-13 14-15 15-16
0-0 1-1 2-2 3-4 4-5 5-6 6-7 7-8
0-17 0-18 1-21 2-1 3-2 4-3 5-4 8-7 9-9 11-10 12-11 13-12 14-13 15-14 16-22
0-0 1-1 2-3 3-4 5-6 6-8 7-9 8-10 9-11 10-12 11-13 12-14 14-18 15-19
0-1 1-0 1-1 3-2 4-5 6-3 7-6 8-7 10-8 12-9 12-17 13-10 14-13 15-11 17-14 18-15 20-16 21-18
0-0 1-2 5-5 6-7 7-8 11-10 12-11 13-12 14-13 15-14 16-15 17-16 18-18 18-19 19-20 20-22 21-23
0-0 1-2 2-3 3-4 4-5 5-6 7-9 8-10 9-11 11-12 12-14 16-15 17-16 19-17 20-18 21-19 22-20 23-23
0-8 1-9 3-10 5-1 6-5 7-6 8-4 10-3 11-7 14-11 16-13 17-14
0-0 1-1 2-3 3-4 4-5 5-5 6-6 7-7 8-8 9-9 10-10 11-11 12-12 13-13 14-14
1-0 2-1 3-2 4-3 5-4 6-5 6-6 7-8 8-9 9-10
0-1 1-5 2-6 3-7 4-8 5-9 6-10 7-11 8-12 9-13 10-14 11-15 12-16
0-0 0-1 0-2 1-4 2-5 3-6 5-7 6-8 7-10 7-11 8-12 9-13 10-14
0-3 2-4 4-6 4-8 5-7 7-0 9-9
2-1 2-2 3-3 4-4 5-5 6-6 7-7 8-9 9-10
0-1 1-1 2-2 3-3 4-4 6-9 7-11 8-13 10-14 11-15 13-17 14-18 15-19 16-20 17-22 18-23 19-24 20-25 22-27 23-28 25-29 27-30 29-40 30-32 31-33 32-34 34-35 34-36 35-38 36-41 37-42 38-43 39-44 42-49 43-46 43-51 45-50 45-51 46-52
2-1 3-2 4-3 5-4 6-5 7-6 8-7 10-8 11-9 14-11 15-12 16-13 17-14 18-15 19-16 20-17 22-18 23-19 24-20 24-21 25-22 26-23 28-25 29-28 30-29 31-30 31-32 32-31 33-32 34-33 35-34 37-35 38-36
0-0 1-0 2-1 3-3 4-2 6-4 7-5 8-6 9-7 10-9 11-10 12-11 13-12 15-13 16-14 17-17 17-18 18-21 19-23 20-24 21-22 21-25 22-26
0-0 0-1 1-2 2-3 3-4 4-5 5-6 6-7 7-9 8-8 9-12 10-13 11-14
0-1 1-2 2-3 3-4 4-5 4-7 5-8 6-9 7-10 8-15 9-16 10-18 11-17 12-19 13-20 14-21 14-23 15-22 17-24 18-25 19-26 20-28 20-29 21-28 22-30 23-31 24-32 24-33 25-34 26-35 27-36 27-37 28-38
0-0 1-2 2-2 3-3 4-4 5-5 6-7 7-8 8-9 9-11 10-10 11-13 12-12 13-14 14-16 15-17 16-18 17-19 18-20 20-21 22-23 23-23 24-24
0-1 1-0 2-2 3-3
0-0 1-1 1-2 2-3 3-6 4-7 5-8 6-9 7-10 8-11 10-14 10-15 11-16 12-12 13-13 18-19 19-20 20-21 21-24 22-23 23-25 24-26
0-0 2-1 3-3 3-5 5-5 6-6 6-7 7-11 8-12 9-14 10-15 12-16 13-17 14-18 15-20 16-21 17-22 18-23 19-24 20-25 21-25 21-27 22-29 23-30 24-31 26-32 27-33
0-0 2-1 3-2 4-3 5-4 6-5 7-6 8-9 9-8 10-10 11-11 12-12 13-14 14-15 15-16 16-17 17-19 18-20
0-1 1-2 2-3 3-5 5-7 7-8 8-9 8-10 9-11 10-12 11-14 12-15 13-17 14-19 15-21 16-22 17-24 18-25 19-27 20-29 21-31 22-32
0-0 1-3 1-4 4-2 4-4 5-5 6-6 6-7 7-11 8-9 8-10 9-13 10-14 11-16 13-15 15-15 16-17
0-1 2-0 8-6 9-10
0-1 1-0 2-2 3-3 3-4 5-3 5-7 6-8 7-10 8-9 9-11 11-12 13-14 14-15 16-17 17-16 19-18 21-19 22-20
0-0 1-1 5-3 7-8 8-7 10-10 11-11
0-0 2-3 2-5 3-4 4-7
0-0 1-1 2-2 3-3 4-4
0-0 1-2 3-3 4-3 5-4 6-5 7-6 8-7 9-9 10-10 11-11 12-12 14-13 15-14 17-15 18-16
0-0 0-1 1-3 2-2 3-4 4-5 5-6 7-7 8-8 9-10 10-9 11-11 12-12 13-13
0-0 1-1 2-2 4-3 6-4 7-5 8-6 9-7 11-8 12-9 13-10 14-11 15-12 16-13 17-14
0-1 2-7 3-3 4-6 5-8 6-4 7-5 8-9
1-0 2-7 3-9 4-11 4-12 6-3 7-1 8-1 10-4 11-6 12-13
0-1 1-3 2-2 3-3 5-4 6-5 7-6
3-2 4-3 5-4 6-6 7-7 8-8 9-9 10-10 11-11 12-12 13-14 14-13 15-15
0-0 2-1 4-2 5-3 7-4 8-6 9-5 10-7 11-8 12-9 13-10
0-0 1-3 2-5 3-4 6-5 7-6 8-7 9-1 9-29 10-12 10-16 11-19 12-20 13-21 14-22 14-23 16-24 16-26 17-26 17-27 18-25 19-28 20-30 21-31 22-33 22-34 23-32 24-35
0-1 0-2 1-3 2-5 3-7 4-8 5-11 6-11 7-14 8-12 10-13 11-15 12-16 13-16 14-18 15-17 16-19
0-0 3-2 4-2 5-3 6-4 7-8 8-11 9-5 10-7 11-8 11-11 12-12 13-10 14-9 16-15
0-0 1-1 2-2 4-3 5-4 6-5 7-5 8-7 8-8 9-9 10-10 11-11 12-12 13-14 14-15 15-18 17-17 18-19
0-0 1-1 2-3 3-5 4-6 7-9 8-10 9-11 10-12 11-13 12-14 12-15 13-16 14-17 15-17 16-20 19-18 20-19 22-20 22-21 26-22 27-23 29-23 29-24 30-25 31-26 32-27 32-28 33-29 34-30 36-33 36-34 38-31 39-35 41-37 42-38
0-1 1-2 2-3 3-4 4-5 6-6 7-6 7-7 8-8
0-1 1-2 2-2 3-6 4-4 7-7 8-8 8-9 8-10 9-11
0-2 1-3 2-4 2-5 3-6 4-10 5-11 6-12 9-15 9-37 10-16 11-18 12-19 13-20 16-21 18-23 20-22 21-24 22-24 25-25 27-28 28-29 30-36 30-37 31-30 31-31 31-32 32-34 33-35 34-38 35-40 35-41 36-43 37-44
0-0 1-1 2-2 3-6 4-3 5-4 6-7 7-8 8-9 9-10 10-11 11-12
0-1 1-6 2-2 3-3 3-4 4-7 5-8 6-9 7-10 9-11 10-14 11-13 12-15 13-16 14-17 15-18 17-19 18-20 19-21 20-23 22-22 23-24
1-0 2-0 3-1 4-2 4-3 5-4 6-5 7-6 8-7 9-8 9-9 10-11 10-13 11-14
0-0 1-1 2-2 3-3 4-4 6-5 7-6 8-7 9-8 10-10 11-9 12-11 16-13 17-14 18-15 19-16 20-17 21-18 22-25 23-20 27-22 28-23 31-24 34-29 37-30 38-32
0-0 1-1 2-2 3-3 4-4 8-5 9-6 10-8 11-10 12-9 13-11
1-2 1-4 3-7 4-10 5-14 6-15 7-16 8-17 9-11 9-18 10-19 11-20 12-21 14-22 15-23 18-24 20-25 21-26 21-27 23-29 23-30 24-31 25-32
0-0 1-1 3-2 4-1 9-8 11-16 12-19 13-20 14-21 15-22 15-23 16-28 18-15 19-29 21-30 22-31 23-32 24-33 25-34 26-35 27-36 28-37 30-38 32-39 33-44 34-45 34-46 35-47 36-48 38-49 39-50 40-52 41-54
0-1 1-0 2-2 3-3 4-4
0-0 2-1 3-2 3-3 4-4
0-0 0-2 1-1 2-3 3-4 4-5 5-6 6-9 8-10 9-11 11-11 12-13 13-14 14-15 16-18 17-19
0-0 1-0 2-1 3-2 4-5 5-3 6-6
0-1 1-2 2-3 3-5 4-9 6-8 7-10
1-1 2-2 4-3 6-5 7-8 8-9 9-14 10-15 11-16 12-17 13-18 14-19 15-20
0-0 1-2 1-3 2-1 4-2 5-4 6-6 9-5 11-7 12-8 13-7 14-8 15-9 16-10
0-0 2-2 3-3 5-5 6-6 7-6 8-6 9-7 11-8 12-9 14-10 17-11 18-12 19-13 20-14 21-15 22-16 23-17 24-20 25-18 26-19 27-21 29-22 30-23 31-26 32-25 33-27
0-0 2-1 4-4 5-3 7-5 8-6 9-8 10-11 11-12 13-9 14-10 15-13 16-15 17-16 20-22 21-18 22-19 23-20 24-21 25-23 31-24 32-26 33-27 33-30 36-43 37-44 38-32 41-33 42-34 43-35 44-36 44-39 45-37 46-38 47-36 47-39 48-40 50-42 51-41 52-45
0-0 1-2 3-3 4-4 5-5 6-6 6-8 8-9 9-11 10-15 11-13 12-16 14-17 15-18 16-19 17-21 18-20 19-22 21-23 21-25 22-27 23-29 24-30 25-32 26-33 27-33 28-33 29-34 30-35
0-0 0-2 1-3 2-7 2-10 3-11
0-0 1-1 2-3 3-4 4-6 5-9 7-12 8-12 9-10 10-17 11-18 12-21 13-20 14-22
0-0 1-1 2-5 4-2 5-3 6-6 7-8 8-9 9-10
0-0 1-2 3-3 4-5 4-6 5-7 6-8 7-10 8-11 9-8 9-12 10-14 11-15
0-0 1-1 2-2 3-3 4-4
0-1 1-2 2-3 3-4 3-5 4-7 5-10 6-11 7-13 8-14 9-15 10-16 11-17 12-19 13-21 14-22 15-23 16-24
0-5 1-6 2-7 4-9 5-8 6-10 7-12 9-11 15-13
1-0 2-1 3-3 4-2 4-4 6-5 9-20 10-21 11-22 12-7 13-6 13-13 14-8 15-10 16-9 17-11 18-12 19-15 20-15 21-16 22-17 23-18 24-23
0-0 1-9 2-17 3-7 4-8 5-6 8-10 8-11 8-12 9-13 10-16 11-15 12-17 13-18 14-19 15-26 16-2 20-27
0-0 1-1 2-2 3-3 4-5 6-5 7-6 9-8 10-9 11-7 12-10 13-11 15-12 16-13 17-14 18-15 19-16 20-17 21-18 22-19 23-20
0-0 1-1 2-2 3-2 4-4 5-5 8-6 9-7
0-2 2-1 4-3 5-4 6-5 7-6 8-7 9-8 10-9 11-10 12-11 14-18 15-11 16-17 17-18 18-19 19-20 20-21 21-22 22-23 23-24 24-25
0-0 1-1 2-2 3-14 5-3 6-4 7-5 8-6 9-8 12-9 16-11 17-13 18-17 20-14 21-15 21-16 22-18 23-19 24-20
0-0 2-7 3-6 4-2 5-3 6-4 7-8
0-0 1-1 2-2 3-3 4-6 5-5 6-7
0-0 1-1 3-2 4-3 5-4 6-6 7-7 9-8 10-9 11-10
0-0 2-1 4-2 5-2 5-4 6-6 7-8 9-7 9-8 10-9 13-10 14-11 15-15 17-14 18-16
1-0 3-7 4-8 5-8 7-10 8-1 9-2 10-3 11-4 11-5 12-6 13-11 14-12 15-13 15-14 16-15 17-15 19-18 20-17 22-19 23-20 23-21 24-21 25-22 26-23 26-24 27-25 29-26 30-27 31-28 33-29 34-30
0-0 1-2 3-1 3-3 4-5 6-9 7-7 8-8 9-10 10-11 11-12
0-1 1-0 2-2 3-3 4-5 6-4 7-4 8-8
3-1 5-0 7-3 8-2 9-4 10-5 11-6 12-10 13-7 14-8 15-9 16-11
0-0 1-2 2-4 4-3 5-5
0-0 3-1 6-2 7-3 8-4 9-6 10-8 11-9 12-11 15-10 17-12 18-13 19-15 21-14 22-16 24-17 25-18 26-19 27-21 28-22 29-23 30-25 31-28 32-27 33-29 36-31 37-32 38-35 39-34 40-36 41-39 42-38 42-39 43-40
0-1 0-2 1-3 2-4 3-5 4-6 5-8 6-7 7-9 8-10 9-13 10-12 11-14 13-15 14-16 16-18 17-17 18-20 19-21 21-22 23-23 25-24 26-25 27-26 27-27 28-29 29-28 30-30 31-32 32-31 33-33 34-34 34-36 35-35 36-37 37-38 39-39 40-40 41-41 42-42 43-43
0-0 1-1 1-3 2-2 4-4 5-7 6-8 7-11 8-10 9-12 10-14 11-13 13-16 14-19 15-18 17-20 18-20 19-21 20-23 21-24
0-1 1-2 2-4 3-3 4-5 5-6 8-8 8-9 9-11 10-12 11-13 12-14 13-15 14-16 15-16 16-19 17-18 18-20 19-22 20-21 21-23 22-24 23-25 24-26 25-27 26-31 27-28 28-29 29-30 30-32 31-33 32-34 33-39 34-38 35-40 38-35 39-36 40-37 41-40 42-41 44-42 45-43 46-44 47-45 48-48 49-47 50-49 51-50 52-53 53-51 54-52 55-52 56-54 57-55 57-56 57-57 58-58 59-59 60-60 60-61 61-63 62-62 63-64 64-66 65-65 66-67 67-68 68-69 69-70 70-71 71-72 72-76 73-73 74-74 75-75 76-77 77-78 78-80 78-81 79-83 80-84 82-78 83-46 85-87
0-0 1-1 2-3 3-2 4-4 5-5 6-5 6-6 7-7 8-8 9-11 10-10 11-12 12-15 13-14 14-16 14-18 15-17 16-19 17-20 18-21 19-22 20-23 21-24 23-26 24-27
0-2 1-0 2-4 3-5 4-6 7-8 8-7 9-9 10-12 11-11 12-13 13-14 14-15 15-16 16-18 17-17 18-19 19-21 20-24 22-25 23-27 23-29 24-32 25-31 26-33 27-34 28-35 29-36 30-37 31-40 32-39 33-41
0-0 1-1 2-3 6-2 7-4 8-5 9-6 10-7 11-8 12-9 13-10 14-11
0-0 3-1 6-2 7-3 8-4 9-6 10-8 11-9 12-11 15-10 17-12 18-13 19-15 21-14 22-16 24-17 25-18 26-19 27-21 28-22 29-23 30-25 31-28 32-27 33-29 35-30 36-31 37-32 38-35 39-34 40-36 41-39 42-38 43-40 44-41 45-42 46-43 47-43 48-44 49-45 50-46
0-0 2-2 3-3 4-4 5-5 6-7 7-8 8-10 9-11 10-12 10-14 11-13 12-15 13-16 13-18 14-17 15-19 17-20 19-23 20-21 21-22 23-23 24-24
0-0 1-1 2-2 3-3 4-4 5-5 6-6 7-8 8-7 9-9 10-11 11-12 12-13 13-14 14-16 15-17 16-19 17-20 18-21 18-22 19-25 20-26 21-28 22-27 23-29 24-31 25-30 26-32 27-34 30-35 31-36 31-38 32-37 33-38 34-39 36-41 37-40 38-42 39-43 41-44 42-45 44-46 45-48 46-49
0-0 1-1 2-2 3-4 4-3 5-5 6-6 7-7 8-9 9-8 10-10 11-11 12-13 17-14 18-16 18-17 19-19 20-20 22-21 22-22 23-23 24-24 25-25 26-26 28-27 29-28 30-30 32-29 33-31 34-32 35-33 36-36 37-35 38-37
0-1 1-3 2-4 3-5 5-6 6-8 7-9 8-10 9-12 10-13 11-16 13-15 14-17 15-18 16-19 17-20 18-21 19-22 20-23 21-24 22-25 22-26 23-27 26-29 27-28 28-30 29-31 30-32 31-33 32-35 33-36 34-38 35-37 37-39 39-39 40-40 41-43 42-41 43-42 44-44
2-0 3-1 4-2 4-4 5-3 6-5 7-6 8-7 9-8 10-9 11-10 12-11 12-12 13-13 14-14 15-17 16-18 17-16 18-15 19-19 20-20 21-22 22-25 23-26 24-27 25-28 26-29 27-30
0-0 1-0 2-1 3-2 4-3 5-4 6-6 7-7 10-8 11-9 12-10 13-13 14-12 15-14 17-15 18-16 19-16 20-17 22-19 23-20 24-18 25-18 25-21 29-23
0-1 1-2 2-3 3-5 4-4 5-6 6-7 6-9 7-8 8-10 10-10 11-11 12-12 13-13 14-14
0-1 4-4 5-3 6-5 7-7 8-6 12-9 13-8 14-11 15-13 17-14 18-15 19-17 21-16 22-18 23-19 23-20 24-24 25-23 26-26 27-27 29-29 30-28 30-30 31-31 31-32 32-33 33-34 33-35 34-36 35-37 36-38 37-39 38-40 39-41 40-44 41-43 43-45 44-46 45-47 46-49 47-50 48-51 49-54 50-53 51-55 52-57 53-58 54-58 55-60 57-59 59-62 60-64 61-65 62-66 63-67 65-68 66-69 67-70 68-71 69-72
0-0 2-1 2-4 3-3 6-2 7-5 8-7 9-8 10-9 11-10 12-11 14-12 14-13 15-14 16-16 18-19 20-17 21-21 22-23 22-24 23-27 24-26 25-28
0-0 5-1 5-2 7-3 8-4 9-5 10-7 11-8 12-9 13-10 16-11 17-12 18-13 19-14 20-15 21-16 22-17 23-18 24-19 25-21 26-22 27-23 28-24 29-25 30-27 31-26 32-28 33-29
0-0 1-1 5-5 6-4 7-6 8-7 9-8 10-9 11-10 12-11 12-12 13-13 14-14 15-15 16-16 17-17 18-18 18-19 19-20 20-26 22-25 23-24 24-21 25-22 26-23 27-28 28-30 29-31 31-32 34-34 35-35 36-36 37-39 38-38 39-40 41-41 42-42 43-44 44-43 45-45 46-46 47-47 48-48 49-49 50-50 51-51 52-54 53-53 54-55 55-51 56-57 57-57 57-58 58-59 59-60 60-61 61-61 62-63 63-65 64-62 66-64 67-65 68-66 69-67 70-71 71-69 72-72 73-73 74-75 76-78 77-79 78-80 79-81 80-83 81-82 82-84 83-86 84-85 85-87 86-88 87-90 88-91 89-92 90-94 92-93 93-95
1-1 2-0 4-2 6-4 8-5 9-6 10-7 11-8 12-10 14-9 15-11 16-12 17-13 19-16 20-16 21-14 22-17 23-15 24-25 25-19 26-21 27-22 28-24 29-23 30-26 32-27 33-29 33-30 34-34 35-31 36-32 37-33 38-35
1-0 2-1 3-2 4-3 5-4 6-6 7-8 8-9 9-10 10-11 11-12 12-13 13-15 14-14 15-16 16-17 17-19 18-20 20-21 22-22 23-23 24-24 25-25 26-26 27-27 28-29 30-28 31-30
0-11 1-10 2-12 3-13 4-1 5-2 6-3 7-4 8-5 8-6 8-7 9-9 11-15 12-16 12-18 13-17 14-19 15-20 16-21 17-22 19-25 20-24 21-26 22-27 24-28 25-29 27-33 28-30 29-31 30-32 32-34 33-35 34-36 35-37 36-37 37-39 39-38 40-40 41-41 43-42 44-43 45-44 46-45
0-0 1-1 2-2 3-3 3-4 4-5 5-7 5-8 6-9 7-10 8-11 9-12 10-13 11-14 12-17 13-16 14-18
0-0 0-2 1-1 2-2 3-4 4-6 5-7 6-8 6-9 7-10 7-12 8-11 9-13 10-14 11-15 12-16 13-18 14-20 15-21 16-23 19-22 20-24 21-26 22-28 23-27 24-29 25-30 26-31 28-32 30-33 31-34 32-36 33-35 34-40 35-38 36-39 37-42 38-43 38-45 39-44 40-46
0-0 1-2 2-4 2-5 3-8 4-9 5-10 6-11 7-12 8-13 9-17 10-15 11-18
0-0 1-1 2-2 4-6 5-3 6-4 7-5 8-7 9-9 9-12 10-13 11-16 12-15 13-19 14-20 15-21 18-24 20-25 22-23 23-26
0-0 2-1 6-2 6-3
0-0 1-1 2-2 3-3 3-4 4-5 5-6 7-7 8-8 9-8 10-9 11-10 12-11 13-12 15-13 16-14
0-1 2-2 3-3 4-4 5-6 6-5 8-8 9-9 10-11 11-12 11-13 12-14 14-15 15-18 16-16 17-17 18-19 19-20
0-0 1-2 2-3 3-4 4-5 5-6 6-7 7-9 8-10 9-12 10-13
0-0 1-1 2-2 3-4 4-5 5-7 6-8 7-10 8-11 9-12 10-13 11-14 12-16 13-17 14-18 15-19 16-20 17-21 18-22 19-24 20-25 21-26 22-27 23-28 24-32
0-0 1-1 2-2 5-3 6-4 7-5 8-6 9-8 10-10 11-12 13-11 14-13
0-0 0-1 1-2 2-3 3-6 3-7 4-9 5-10 6-11 7-12 8-13
0-2 1-1 3-3 4-4 5-5 6-6 7-7 8-8 9-9 10-10 11-11 13-12 16-14 18-13 19-15
0-0 1-1 2-2 3-3 4-4 5-5 6-6 7-7 8-8 9-9 10-10 11-11 12-12 13-13 14-14 15-15 17-16 18-17 19-18 20-19 22-20 23-21 25-22 25-23 26-24 27-25 28-26 29-27 30-28 32-30 35-31 36-32
0-0 3-1 4-2 5-3 6-4 7-5 8-6 9-7 10-8 11-9 12-10 13-11 14-12 15-13 16-15 17-16 18-17 19-17 21-18 22-19 23-20 24-21 25-22 26-25 27-24 29-23 30-26 31-27 32-27 32-28 33-31 33-32 34-33 34-34 35-36 37-38 38-39 39-40 40-41 41-42 42-43 44-44 45-45
0-0 1-1 2-2 3-3 4-4 5-5 6-6 8-7 9-8 10-9 11-10 12-11 13-12 14-13 16-14 17-15
0-0 1-0 2-1 3-2 4-3 5-5 6-4 7-6 8-8 9-10 10-11 11-12 12-13 13-14 14-15 15-18 16-16 18-17 19-19 20-20 20-22 21-23 25-21 26-24
0-1 2-2 4-5 7-4 8-6 9-7 10-8 11-9 12-11 13-10 15-12 16-13 17-15 18-16 19-19 19-20 20-21 21-22 22-23 23-24 24-25 25-26 26-27 26-30 27-28 28-29 29-31 30-32
0-0 1-1 2-2 3-3 5-4 6-5 7-7 8-6 9-9 10-10 11-11 14-12 15-13 16-14 17-15 18-16 19-17 20-18 21-19 23-20 24-21 25-22 26-23 27-24 27-26 28-25 29-27
0-0 2-3 5-3 6-4 8-5 9-6
0-0 1-1 2-6 3-3 4-4 5-5 6-7 7-7 8-8 9-11 10-9 11-12 12-13 13-14 14-15 14-16 15-17 16-18 17-19 19-20 20-21 21-22 22-23 24-24 25-25 27-27 32-28 33-29 34-30 35-32 36-33 37-37 38-38 39-34 39-36 41-35 42-34 45-41 46-40 47-42 48-42 48-43 49-44
0-3 1-4 2-5 3-6 5-0 6-1 10-7 10-8 11-9 12-9 13-10 14-11 15-12 16-14 17-15 20-16 21-17 22-18 23-19 24-20 25-22 26-21 27-23 28-24 29-26 30-27 31-28 32-31 34-32 35-33 37-29 38-34 39-35 39-37 40-36 41-38 42-39 43-40 44-41 45-42 48-43 49-45 50-46 51-47 52-48 53-48 54-52 55-49 56-50 57-51 59-53 60-54 61-55
0-0 3-1 4-2 5-3 6-5 7-6 8-7 9-8 10-10 11-9 12-11 13-12 14-14 15-17 16-18 17-18 18-19 19-20 20-21 21-22 22-24 23-25 24-26 28-27 29-28 30-29 31-30 32-31 33-33 34-34 35-35 36-36 36-38 37-37 38-39 39-40 40-41 41-42 42-44 44-46 46-47 47-48 48-49 49-50 50-51 51-55 53-53 54-52 55-56 56-61 57-58 58-59 59-60 60-62
0-0 1-1 2-2 3-3 4-4 5-5 5-6 6-10 7-9 8-11 9-13 9-14 10-15 12-15 13-16 14-19 15-18 16-20 17-21 18-24 20-22 22-25 23-27 24-29 25-30 27-32 29-33 30-34 31-35 32-37 33-36 35-38 36-40 36-42 37-45 38-44 39-46 40-49 42-48 43-50 44-51 45-53 46-54 47-55 48-56 49-57
0-0 1-1 2-2 3-4 4-5 5-6 5-8 6-7 7-9 8-10 9-11 10-12 11-13 12-14 13-15 14-17 15-20 16-19 17-21 18-22 19-23 21-24 23-26 24-27 25-28 26-31 27-30 28-32 29-33 30-34 31-35 32-36 34-37 35-38 36-39 37-40 38-42 39-44 40-45 44-46 46-47 48-49 49-48 50-50 51-51 52-52 53-53 54-54 56-55 57-56 59-58 60-57 65-64 66-62 67-61 69-65 70-66 72-69 74-69 74-70 75-71 76-74 77-73 78-75
0-0 1-2 2-1 3-3 4-4 5-5 6-6 7-8 9-9 10-11 12-13 13-14 14-16 15-19 15-20 16-18 17-21 18-22 19-23 20-24 21-26 22-27 23-29 24-28 25-31 26-35 27-32 29-34 30-36
0-0 2-1 3-0 5-4 6-2
0-0 1-1 2-2 3-4 3-5 4-8 6-7 7-9 8-10 11-12 12-13 13-15 14-14 15-16 16-17 17-18 17-19 18-20 19-22 20-21 22-23 23-26 24-25 25-27
0-0 1-1 1-2 2-3 3-4 4-6 6-5 9-8 11-9 12-11 13-15 14-14 15-16 16-17 17-20 18-19 19-21 20-22 21-23 22-24 23-26 24-29 24-31 25-32 26-33 27-1 28-34 29-36 30-37 31-38 32-35 33-39 35-41 39-43 40-44
0-1 1-3 2-2 3-4 4-5 5-6 6-7 7-7 8-10 10-9 11-11
0-0 0-1 1-2 2-3 2-5 3-4 5-6 5-7 6-8 7-11 8-10 9-12 10-15 11-15 12-17 14-19 14-22 15-20 15-21 16-30 17-25 18-24 22-30 23-25 23-29 24-26 25-27 26-28 27-29 28-31
0-1 0-2 1-4 2-10 3-3 3-11 4-12 5-13 6-14 8-15 10-16 11-18 14-17 16-19 17-20 18-21 19-22 21-23 22-24 23-27 24-26 25-25 26-28 27-29 28-31 29-30 30-32 32-34 33-33 34-35 36-36 38-37 39-38
0-1 2-3 3-4 4-5 5-6 7-9 9-7 10-10 11-12 11-13 12-14 12-20 13-15 14-16 15-17 16-18 17-19 18-21
0-1 0-2 1-6 2-5 3-4 4-7 5-10 6-9 6-10 7-11 8-12 9-13 10-14 12-15 13-16 14-17 15-18 16-19 17-20 18-21 19-24 21-23 22-25 23-26 25-27 26-28 27-29 29-30 30-32 31-33 32-34 32-35 34-39 35-38 36-37 37-40
0-0 1-3 2-2 4-4 6-7 7-5 7-6 8-10 9-9 10-8 11-11 12-13 13-15 14-17 15-16 17-18 18-19 19-20 20-21 21-22 22-23 23-25 24-26 25-24 26-27
0-2 0-3 1-1 2-4 4-5 5-6 6-7 7-8 8-9 9-10 10-12 11-13 12-16 14-15 15-17 16-18 17-19 18-20 19-21 20-22 21-24 22-25 22-28 23-26 23-27 24-25 25-28 26-29 27-31 28-33 29-34 30-35 31-36
0-1 1-2 2-3 3-4 5-5 6-6 7-7 8-8 9-9 11-9 12-10 13-12 14-11 15-13
0-0 1-2 2-2 4-1 6-5 7-4 8-6 9-7 10-8 12-9 13-10 14-12 15-11 16-15 17-16 18-13 19-14 20-17 21-18 22-19 23-20 24-23 25-24 26-29
0-0 1-1 2-2 4-3 5-4 7-5 8-7
0-1 1-0 3-2 4-3 6-4 7-5 8-6 9-7 10-8 11-9 12-10 13-11 14-12 14-13 15-15 17-14 19-16 20-18 21-19 22-20 23-21 24-22 25-23 30-26 31-27 32-28 33-30 36-29 37-31
0-0 1-1 2-3 4-4 5-5 6-6 7-7 9-8 10-9 11-10 12-13 13-18 14-12 15-13 16-15 19-19 20-20 21-30 22-21 22-23 23-22 24-24 25-25 26-26 27-27 28-28 29-31
0-0 1-2 1-3 2-5 3-6 4-11 5-12 6-14 7-15 8-16 9-17 10-18 14-19 16-20 17-21 18-22 19-23 20-25 20-26 21-27 22-29 25-28 26-30 27-30 28-32 29-33
0-0 1-1 2-2 3-3 4-5 5-6 6-6 7-9 8-8 9-10
0-1 1-0 3-2 4-3 6-4 7-4 8-6 9-8 9-9 10-10 11-11 12-12 13-13
0-0 2-1 3-2 4-3 5-4 6-5 7-6 8-7 9-8 10-10 11-11 12-12 13-13 15-14 16-16 17-17 18-18 19-19 20-20 21-21 26-24 27-25 28-26 29-29 31-27 32-28 33-30
0-0 0-1 1-2 2-5 3-4 4-6 5-7 6-8 7-9 8-10 9-11 11-12 12-13 13-14 14-15 16-16 17-17 18-18 19-19 20-21 22-23 23-24 24-25 25-27 26-29 27-31 28-30 29-31 30-31 31-32 32-33 34-33 36-34 37-35 39-36 40-37 42-38 43-39
0-0 1-1 2-2 3-3 8-5 8-6 10-7 12-8 15-9 16-10 17-11 18-12 19-13 20-14 21-15 22-17 23-25 24-16 25-17 26-19 27-20 28-23 29-22 30-26
